<?xml version="1.0" encoding="UTF-8"?>
<!-- Generated by org.testng.reporters.JUnitXMLReporter -->
<testsuite hostname="Afias-MacBook-Pro.local" ignored="14" name="Surefire test" tests="46" failures="0" timestamp="29 Sep 2018 15:07:24 GMT" time="0.137" errors="0">
  <testcase name="@BeforeMethod setUp" time="0.064" classname="base.ReusableAPI">
    <failure type="java.lang.IllegalStateException" message="The driver executable does not exist: /Users/URMI/Desktop/GroupBlueFrameWork/Generic/DriversForBrowser/chromedriver">
      <![CDATA[java.lang.IllegalStateException: The driver executable does not exist: /Users/URMI/Desktop/GroupBlueFrameWork/Generic/DriversForBrowser/chromedriver
at com.google.common.base.Preconditions.checkState(Preconditions.java:585)
at org.openqa.selenium.remote.service.DriverService.checkExecutable(DriverService.java:137)
at org.openqa.selenium.remote.service.DriverService.findExecutable(DriverService.java:132)
at org.openqa.selenium.chrome.ChromeDriverService.access$000(ChromeDriverService.java:35)
at org.openqa.selenium.chrome.ChromeDriverService$Builder.findDefaultExecutable(ChromeDriverService.java:156)
at org.openqa.selenium.remote.service.DriverService$Builder.build(DriverService.java:346)
at org.openqa.selenium.chrome.ChromeDriverService.createDefaultService(ChromeDriverService.java:91)
at org.openqa.selenium.chrome.ChromeDriver.<init>(ChromeDriver.java:157)
at base.ReusableAPI.getLocalDriver(ReusableAPI.java:78)
at base.ReusableAPI.setUp(ReusableAPI.java:55)
... Removed 33 stack frames]]>
    </failure>
  </testcase> <!-- @BeforeMethod setUp -->
  <testcase name="@BeforeMethod startExtent" time="0.0" classname="base.ReusableAPI">
    <skipped/>
  </testcase> <!-- @BeforeMethod startExtent -->
  <testcase name="@BeforeMethod init" time="0.0" classname="Search.PageSearch_option_attempt_Test">
    <skipped/>
  </testcase> <!-- @BeforeMethod init -->
  <testcase name="@AfterMethod afterEachTestMethod" time="0.0" classname="base.ReusableAPI">
    <skipped/>
  </testcase> <!-- @AfterMethod afterEachTestMethod -->
  <testcase name="@BeforeMethod setUp" time="0.0" classname="base.ReusableAPI">
    <skipped/>
  </testcase> <!-- @BeforeMethod setUp -->
  <testcase name="@BeforeMethod startExtent" time="0.0" classname="base.ReusableAPI">
    <skipped/>
  </testcase> <!-- @BeforeMethod startExtent -->
  <testcase name="@BeforeMethod init" time="0.0" classname="Search.PageSearch_option_attempt_Test">
    <skipped/>
  </testcase> <!-- @BeforeMethod init -->
  <testcase name="@AfterMethod afterEachTestMethod" time="0.0" classname="base.ReusableAPI">
    <skipped/>
  </testcase> <!-- @AfterMethod afterEachTestMethod -->
  <testcase name="@BeforeMethod setUp" time="0.0" classname="base.ReusableAPI">
    <skipped/>
  </testcase> <!-- @BeforeMethod setUp -->
  <testcase name="@BeforeMethod startExtent" time="0.0" classname="base.ReusableAPI">
    <skipped/>
  </testcase> <!-- @BeforeMethod startExtent -->
  <testcase name="@BeforeMethod init" time="0.0" classname="Search.PageSearch_option_attempt_Test">
    <skipped/>
  </testcase> <!-- @BeforeMethod init -->
  <testcase name="@AfterMethod afterEachTestMethod" time="0.0" classname="base.ReusableAPI">
    <skipped/>
  </testcase> <!-- @AfterMethod afterEachTestMethod -->
  <testcase name="@BeforeMethod setUp" time="0.0" classname="base.ReusableAPI">
    <skipped/>
  </testcase> <!-- @BeforeMethod setUp -->
  <testcase name="@BeforeMethod startExtent" time="0.0" classname="base.ReusableAPI">
    <skipped/>
  </testcase> <!-- @BeforeMethod startExtent -->
  <testcase name="@BeforeMethod init" time="0.0" classname="Search.PageSearch_option_attempt_Test">
    <skipped/>
  </testcase> <!-- @BeforeMethod init -->
  <testcase name="@AfterMethod afterEachTestMethod" time="0.0" classname="base.ReusableAPI">
    <skipped/>
  </testcase> <!-- @AfterMethod afterEachTestMethod -->
  <testcase name="@BeforeMethod setUp" time="0.0" classname="base.ReusableAPI">
    <skipped/>
  </testcase> <!-- @BeforeMethod setUp -->
  <testcase name="@BeforeMethod startExtent" time="0.0" classname="base.ReusableAPI">
    <skipped/>
  </testcase> <!-- @BeforeMethod startExtent -->
  <testcase name="@BeforeMethod init" time="0.0" classname="Search.PageSearch_option_attempt_Test">
    <skipped/>
  </testcase> <!-- @BeforeMethod init -->
  <testcase name="@AfterMethod afterEachTestMethod" time="0.0" classname="base.ReusableAPI">
    <skipped/>
  </testcase> <!-- @AfterMethod afterEachTestMethod -->
  <testcase name="@BeforeMethod setUp" time="0.0" classname="base.ReusableAPI">
    <skipped/>
  </testcase> <!-- @BeforeMethod setUp -->
  <testcase name="@BeforeMethod startExtent" time="0.0" classname="base.ReusableAPI">
    <skipped/>
  </testcase> <!-- @BeforeMethod startExtent -->
  <testcase name="@BeforeMethod init" time="0.0" classname="Search.PageSearch_option_attempt_Test">
    <skipped/>
  </testcase> <!-- @BeforeMethod init -->
  <testcase name="@AfterMethod afterEachTestMethod" time="0.0" classname="base.ReusableAPI">
    <skipped/>
  </testcase> <!-- @AfterMethod afterEachTestMethod -->
  <testcase name="@BeforeMethod setUp" time="0.0" classname="base.ReusableAPI">
    <skipped/>
  </testcase> <!-- @BeforeMethod setUp -->
  <testcase name="@BeforeMethod startExtent" time="0.0" classname="base.ReusableAPI">
    <skipped/>
  </testcase> <!-- @BeforeMethod startExtent -->
  <testcase name="@BeforeMethod init" time="0.0" classname="Search.PageSearch_option_attempt_Test">
    <skipped/>
  </testcase> <!-- @BeforeMethod init -->
  <testcase name="@AfterMethod afterEachTestMethod" time="0.0" classname="base.ReusableAPI">
    <skipped/>
  </testcase> <!-- @AfterMethod afterEachTestMethod -->
  <testcase name="@BeforeMethod setUp" time="0.0" classname="base.ReusableAPI">
    <skipped/>
  </testcase> <!-- @BeforeMethod setUp -->
  <testcase name="@BeforeMethod startExtent" time="0.0" classname="base.ReusableAPI">
    <skipped/>
  </testcase> <!-- @BeforeMethod startExtent -->
  <testcase name="@BeforeMethod init" time="0.0" classname="Search.PageSearch_option_attempt_Test">
    <skipped/>
  </testcase> <!-- @BeforeMethod init -->
  <testcase name="@AfterMethod afterEachTestMethod" time="0.0" classname="base.ReusableAPI">
    <skipped/>
  </testcase> <!-- @AfterMethod afterEachTestMethod -->
  <testcase name="@BeforeMethod setUp" time="0.0" classname="base.ReusableAPI">
    <skipped/>
  </testcase> <!-- @BeforeMethod setUp -->
  <testcase name="@BeforeMethod startExtent" time="0.0" classname="base.ReusableAPI">
    <skipped/>
  </testcase> <!-- @BeforeMethod startExtent -->
  <testcase name="@BeforeMethod init" time="0.0" classname="Search.PageSearch_option_attempt_Test">
    <skipped/>
  </testcase> <!-- @BeforeMethod init -->
  <testcase name="@AfterMethod afterEachTestMethod" time="0.0" classname="base.ReusableAPI">
    <skipped/>
  </testcase> <!-- @AfterMethod afterEachTestMethod -->
  <testcase name="@BeforeMethod setUp" time="0.0" classname="base.ReusableAPI">
    <skipped/>
  </testcase> <!-- @BeforeMethod setUp -->
  <testcase name="@BeforeMethod startExtent" time="0.0" classname="base.ReusableAPI">
    <skipped/>
  </testcase> <!-- @BeforeMethod startExtent -->
  <testcase name="@BeforeMethod init" time="0.0" classname="Search.PageSearch_option_attempt_Test">
    <skipped/>
  </testcase> <!-- @BeforeMethod init -->
  <testcase name="@AfterMethod afterEachTestMethod" time="0.0" classname="base.ReusableAPI">
    <skipped/>
  </testcase> <!-- @AfterMethod afterEachTestMethod -->
  <testcase name="@BeforeMethod setUp" time="0.002" classname="base.ReusableAPI">
    <failure type="java.lang.IllegalStateException" message="The driver executable does not exist: /Users/URMI/Desktop/GroupBlueFrameWork/Generic/DriversForBrowser/chromedriver">
      <![CDATA[java.lang.IllegalStateException: The driver executable does not exist: /Users/URMI/Desktop/GroupBlueFrameWork/Generic/DriversForBrowser/chromedriver
at com.google.common.base.Preconditions.checkState(Preconditions.java:585)
at org.openqa.selenium.remote.service.DriverService.checkExecutable(DriverService.java:137)
at org.openqa.selenium.remote.service.DriverService.findExecutable(DriverService.java:132)
at org.openqa.selenium.chrome.ChromeDriverService.access$000(ChromeDriverService.java:35)
at org.openqa.selenium.chrome.ChromeDriverService$Builder.findDefaultExecutable(ChromeDriverService.java:156)
at org.openqa.selenium.remote.service.DriverService$Builder.build(DriverService.java:346)
at org.openqa.selenium.chrome.ChromeDriverService.createDefaultService(ChromeDriverService.java:91)
at org.openqa.selenium.chrome.ChromeDriver.<init>(ChromeDriver.java:157)
at base.ReusableAPI.getLocalDriver(ReusableAPI.java:78)
at base.ReusableAPI.setUp(ReusableAPI.java:55)
... Removed 33 stack frames]]>
    </failure>
  </testcase> <!-- @BeforeMethod setUp -->
  <testcase name="@BeforeMethod startExtent" time="0.0" classname="base.ReusableAPI">
    <skipped/>
  </testcase> <!-- @BeforeMethod startExtent -->
  <testcase name="@BeforeMethod initelement" time="0.0" classname="Search.BusinessTextOptionPageTest">
    <skipped/>
  </testcase> <!-- @BeforeMethod initelement -->
  <testcase name="@AfterMethod afterEachTestMethod" time="0.0" classname="base.ReusableAPI">
    <skipped/>
  </testcase> <!-- @AfterMethod afterEachTestMethod -->
  <testcase name="@BeforeMethod setUp" time="0.0" classname="base.ReusableAPI">
    <skipped/>
  </testcase> <!-- @BeforeMethod setUp -->
  <testcase name="@BeforeMethod startExtent" time="0.0" classname="base.ReusableAPI">
    <skipped/>
  </testcase> <!-- @BeforeMethod startExtent -->
  <testcase name="@BeforeMethod initelement" time="0.0" classname="Search.BusinessTextOptionPageTest">
    <skipped/>
  </testcase> <!-- @BeforeMethod initelement -->
  <testcase name="@AfterMethod afterEachTestMethod" time="0.0" classname="base.ReusableAPI">
    <skipped/>
  </testcase> <!-- @AfterMethod afterEachTestMethod -->
  <testcase name="@BeforeMethod setUp" time="0.0" classname="base.ReusableAPI">
    <skipped/>
  </testcase> <!-- @BeforeMethod setUp -->
  <testcase name="@BeforeMethod startExtent" time="0.0" classname="base.ReusableAPI">
    <skipped/>
  </testcase> <!-- @BeforeMethod startExtent -->
  <testcase name="@BeforeMethod initelement" time="0.0" classname="Search.BusinessTextOptionPageTest">
    <skipped/>
  </testcase> <!-- @BeforeMethod initelement -->
  <testcase name="@AfterMethod afterEachTestMethod" time="0.0" classname="base.ReusableAPI">
    <skipped/>
  </testcase> <!-- @AfterMethod afterEachTestMethod -->
  <testcase name="@BeforeMethod setUp" time="0.001" classname="base.ReusableAPI">
    <failure type="java.lang.IllegalStateException" message="The driver executable does not exist: /Users/URMI/Desktop/GroupBlueFrameWork/Generic/DriversForBrowser/chromedriver">
      <![CDATA[java.lang.IllegalStateException: The driver executable does not exist: /Users/URMI/Desktop/GroupBlueFrameWork/Generic/DriversForBrowser/chromedriver
at com.google.common.base.Preconditions.checkState(Preconditions.java:585)
at org.openqa.selenium.remote.service.DriverService.checkExecutable(DriverService.java:137)
at org.openqa.selenium.remote.service.DriverService.findExecutable(DriverService.java:132)
at org.openqa.selenium.chrome.ChromeDriverService.access$000(ChromeDriverService.java:35)
at org.openqa.selenium.chrome.ChromeDriverService$Builder.findDefaultExecutable(ChromeDriverService.java:156)
at org.openqa.selenium.remote.service.DriverService$Builder.build(DriverService.java:346)
at org.openqa.selenium.chrome.ChromeDriverService.createDefaultService(ChromeDriverService.java:91)
at org.openqa.selenium.chrome.ChromeDriver.<init>(ChromeDriver.java:157)
at base.ReusableAPI.getLocalDriver(ReusableAPI.java:78)
at base.ReusableAPI.setUp(ReusableAPI.java:55)
... Removed 33 stack frames]]>
    </failure>
  </testcase> <!-- @BeforeMethod setUp -->
  <testcase name="@BeforeMethod startExtent" time="0.0" classname="base.ReusableAPI">
    <skipped/>
  </testcase> <!-- @BeforeMethod startExtent -->
  <testcase name="@BeforeMethod initelement" time="0.0" classname="Search.ATMBranchPageTest">
    <skipped/>
  </testcase> <!-- @BeforeMethod initelement -->
  <testcase name="@AfterMethod afterEachTestMethod" time="0.0" classname="base.ReusableAPI">
    <skipped/>
  </testcase> <!-- @AfterMethod afterEachTestMethod -->
  <testcase name="@BeforeMethod setUp" time="0.0" classname="base.ReusableAPI">
    <skipped/>
  </testcase> <!-- @BeforeMethod setUp -->
  <testcase name="@BeforeMethod startExtent" time="0.0" classname="base.ReusableAPI">
    <skipped/>
  </testcase> <!-- @BeforeMethod startExtent -->
  <testcase name="@BeforeMethod initelement" time="0.0" classname="Search.ATMBranchPageTest">
    <skipped/>
  </testcase> <!-- @BeforeMethod initelement -->
  <testcase name="@AfterMethod afterEachTestMethod" time="0.0" classname="base.ReusableAPI">
    <skipped/>
  </testcase> <!-- @AfterMethod afterEachTestMethod -->
  <testcase name="@BeforeMethod setUp" time="0.001" classname="base.ReusableAPI">
    <failure type="java.lang.IllegalStateException" message="The driver executable does not exist: /Users/URMI/Desktop/GroupBlueFrameWork/Generic/DriversForBrowser/chromedriver">
      <![CDATA[java.lang.IllegalStateException: The driver executable does not exist: /Users/URMI/Desktop/GroupBlueFrameWork/Generic/DriversForBrowser/chromedriver
at com.google.common.base.Preconditions.checkState(Preconditions.java:585)
at org.openqa.selenium.remote.service.DriverService.checkExecutable(DriverService.java:137)
at org.openqa.selenium.remote.service.DriverService.findExecutable(DriverService.java:132)
at org.openqa.selenium.chrome.ChromeDriverService.access$000(ChromeDriverService.java:35)
at org.openqa.selenium.chrome.ChromeDriverService$Builder.findDefaultExecutable(ChromeDriverService.java:156)
at org.openqa.selenium.remote.service.DriverService$Builder.build(DriverService.java:346)
at org.openqa.selenium.chrome.ChromeDriverService.createDefaultService(ChromeDriverService.java:91)
at org.openqa.selenium.chrome.ChromeDriver.<init>(ChromeDriver.java:157)
at base.ReusableAPI.getLocalDriver(ReusableAPI.java:78)
at base.ReusableAPI.setUp(ReusableAPI.java:55)
... Removed 33 stack frames]]>
    </failure>
  </testcase> <!-- @BeforeMethod setUp -->
  <testcase name="@BeforeMethod startExtent" time="0.0" classname="base.ReusableAPI">
    <skipped/>
  </testcase> <!-- @BeforeMethod startExtent -->
  <testcase name="@BeforeMethod initelement" time="0.0" classname="Search.AboutTextOptionPageTest">
    <skipped/>
  </testcase> <!-- @BeforeMethod initelement -->
  <testcase name="@AfterMethod afterEachTestMethod" time="0.0" classname="base.ReusableAPI">
    <skipped/>
  </testcase> <!-- @AfterMethod afterEachTestMethod -->
  <testcase name="@BeforeMethod setUp" time="0.0" classname="base.ReusableAPI">
    <skipped/>
  </testcase> <!-- @BeforeMethod setUp -->
  <testcase name="@BeforeMethod startExtent" time="0.0" classname="base.ReusableAPI">
    <skipped/>
  </testcase> <!-- @BeforeMethod startExtent -->
  <testcase name="@BeforeMethod initelement" time="0.0" classname="Search.AboutTextOptionPageTest">
    <skipped/>
  </testcase> <!-- @BeforeMethod initelement -->
  <testcase name="@AfterMethod afterEachTestMethod" time="0.0" classname="base.ReusableAPI">
    <skipped/>
  </testcase> <!-- @AfterMethod afterEachTestMethod -->
  <testcase name="@BeforeMethod setUp" time="0.002" classname="base.ReusableAPI">
    <failure type="java.lang.IllegalStateException" message="The driver executable does not exist: /Users/URMI/Desktop/GroupBlueFrameWork/Generic/DriversForBrowser/chromedriver">
      <![CDATA[java.lang.IllegalStateException: The driver executable does not exist: /Users/URMI/Desktop/GroupBlueFrameWork/Generic/DriversForBrowser/chromedriver
at com.google.common.base.Preconditions.checkState(Preconditions.java:585)
at org.openqa.selenium.remote.service.DriverService.checkExecutable(DriverService.java:137)
at org.openqa.selenium.remote.service.DriverService.findExecutable(DriverService.java:132)
at org.openqa.selenium.chrome.ChromeDriverService.access$000(ChromeDriverService.java:35)
at org.openqa.selenium.chrome.ChromeDriverService$Builder.findDefaultExecutable(ChromeDriverService.java:156)
at org.openqa.selenium.remote.service.DriverService$Builder.build(DriverService.java:346)
at org.openqa.selenium.chrome.ChromeDriverService.createDefaultService(ChromeDriverService.java:91)
at org.openqa.selenium.chrome.ChromeDriver.<init>(ChromeDriver.java:157)
at base.ReusableAPI.getLocalDriver(ReusableAPI.java:78)
at base.ReusableAPI.setUp(ReusableAPI.java:55)
... Removed 33 stack frames]]>
    </failure>
  </testcase> <!-- @BeforeMethod setUp -->
  <testcase name="@BeforeMethod startExtent" time="0.0" classname="base.ReusableAPI">
    <skipped/>
  </testcase> <!-- @BeforeMethod startExtent -->
  <testcase name="@BeforeMethod initelement" time="0.0" classname="Search.PersonalTextOptionPageTest">
    <skipped/>
  </testcase> <!-- @BeforeMethod initelement -->
  <testcase name="@AfterMethod afterEachTestMethod" time="0.0" classname="base.ReusableAPI">
    <skipped/>
  </testcase> <!-- @AfterMethod afterEachTestMethod -->
  <testcase name="@BeforeMethod setUp" time="0.0" classname="base.ReusableAPI">
    <skipped/>
  </testcase> <!-- @BeforeMethod setUp -->
  <testcase name="@BeforeMethod startExtent" time="0.0" classname="base.ReusableAPI">
    <skipped/>
  </testcase> <!-- @BeforeMethod startExtent -->
  <testcase name="@BeforeMethod initelement" time="0.0" classname="Search.PersonalTextOptionPageTest">
    <skipped/>
  </testcase> <!-- @BeforeMethod initelement -->
  <testcase name="@AfterMethod afterEachTestMethod" time="0.0" classname="base.ReusableAPI">
    <skipped/>
  </testcase> <!-- @AfterMethod afterEachTestMethod -->
  <testcase name="@BeforeMethod setUp" time="0.0" classname="base.ReusableAPI">
    <skipped/>
  </testcase> <!-- @BeforeMethod setUp -->
  <testcase name="@BeforeMethod startExtent" time="0.0" classname="base.ReusableAPI">
    <skipped/>
  </testcase> <!-- @BeforeMethod startExtent -->
  <testcase name="@BeforeMethod initelement" time="0.0" classname="Search.PersonalTextOptionPageTest">
    <skipped/>
  </testcase> <!-- @BeforeMethod initelement -->
  <testcase name="@AfterMethod afterEachTestMethod" time="0.0" classname="base.ReusableAPI">
    <skipped/>
  </testcase> <!-- @AfterMethod afterEachTestMethod -->
  <testcase name="@BeforeMethod setUp" time="0.0" classname="base.ReusableAPI">
    <skipped/>
  </testcase> <!-- @BeforeMethod setUp -->
  <testcase name="@BeforeMethod startExtent" time="0.0" classname="base.ReusableAPI">
    <skipped/>
  </testcase> <!-- @BeforeMethod startExtent -->
  <testcase name="@BeforeMethod initelement" time="0.0" classname="Search.PersonalTextOptionPageTest">
    <skipped/>
  </testcase> <!-- @BeforeMethod initelement -->
  <testcase name="@AfterMethod afterEachTestMethod" time="0.0" classname="base.ReusableAPI">
    <skipped/>
  </testcase> <!-- @AfterMethod afterEachTestMethod -->
  <testcase name="@BeforeMethod setUp" time="0.0" classname="base.ReusableAPI">
    <skipped/>
  </testcase> <!-- @BeforeMethod setUp -->
  <testcase name="@BeforeMethod startExtent" time="0.0" classname="base.ReusableAPI">
    <skipped/>
  </testcase> <!-- @BeforeMethod startExtent -->
  <testcase name="@BeforeMethod initelement" time="0.0" classname="Search.PersonalTextOptionPageTest">
    <skipped/>
  </testcase> <!-- @BeforeMethod initelement -->
  <testcase name="@AfterMethod afterEachTestMethod" time="0.0" classname="base.ReusableAPI">
    <skipped/>
  </testcase> <!-- @AfterMethod afterEachTestMethod -->
  <testcase name="@BeforeMethod setUp" time="0.001" classname="base.ReusableAPI">
    <failure type="java.lang.IllegalStateException" message="The driver executable does not exist: /Users/URMI/Desktop/GroupBlueFrameWork/Generic/DriversForBrowser/chromedriver">
      <![CDATA[java.lang.IllegalStateException: The driver executable does not exist: /Users/URMI/Desktop/GroupBlueFrameWork/Generic/DriversForBrowser/chromedriver
at com.google.common.base.Preconditions.checkState(Preconditions.java:585)
at org.openqa.selenium.remote.service.DriverService.checkExecutable(DriverService.java:137)
at org.openqa.selenium.remote.service.DriverService.findExecutable(DriverService.java:132)
at org.openqa.selenium.chrome.ChromeDriverService.access$000(ChromeDriverService.java:35)
at org.openqa.selenium.chrome.ChromeDriverService$Builder.findDefaultExecutable(ChromeDriverService.java:156)
at org.openqa.selenium.remote.service.DriverService$Builder.build(DriverService.java:346)
at org.openqa.selenium.chrome.ChromeDriverService.createDefaultService(ChromeDriverService.java:91)
at org.openqa.selenium.chrome.ChromeDriver.<init>(ChromeDriver.java:157)
at base.ReusableAPI.getLocalDriver(ReusableAPI.java:78)
at base.ReusableAPI.setUp(ReusableAPI.java:55)
... Removed 33 stack frames]]>
    </failure>
  </testcase> <!-- @BeforeMethod setUp -->
  <testcase name="@BeforeMethod startExtent" time="0.0" classname="base.ReusableAPI">
    <skipped/>
  </testcase> <!-- @BeforeMethod startExtent -->
  <testcase name="@BeforeMethod initelement" time="0.0" classname="Search.CorporateTextOptionPageTest">
    <skipped/>
  </testcase> <!-- @BeforeMethod initelement -->
  <testcase name="@AfterMethod afterEachTestMethod" time="0.0" classname="base.ReusableAPI">
    <skipped/>
  </testcase> <!-- @AfterMethod afterEachTestMethod -->
  <testcase name="@BeforeMethod setUp" time="0.0" classname="base.ReusableAPI">
    <skipped/>
  </testcase> <!-- @BeforeMethod setUp -->
  <testcase name="@BeforeMethod startExtent" time="0.0" classname="base.ReusableAPI">
    <skipped/>
  </testcase> <!-- @BeforeMethod startExtent -->
  <testcase name="@BeforeMethod initelement" time="0.0" classname="Search.CorporateTextOptionPageTest">
    <skipped/>
  </testcase> <!-- @BeforeMethod initelement -->
  <testcase name="@AfterMethod afterEachTestMethod" time="0.0" classname="base.ReusableAPI">
    <skipped/>
  </testcase> <!-- @AfterMethod afterEachTestMethod -->
  <testcase name="@BeforeMethod setUp" time="0.002" classname="base.ReusableAPI">
    <failure type="java.lang.IllegalStateException" message="The driver executable does not exist: /Users/URMI/Desktop/GroupBlueFrameWork/Generic/DriversForBrowser/chromedriver">
      <![CDATA[java.lang.IllegalStateException: The driver executable does not exist: /Users/URMI/Desktop/GroupBlueFrameWork/Generic/DriversForBrowser/chromedriver
at com.google.common.base.Preconditions.checkState(Preconditions.java:585)
at org.openqa.selenium.remote.service.DriverService.checkExecutable(DriverService.java:137)
at org.openqa.selenium.remote.service.DriverService.findExecutable(DriverService.java:132)
at org.openqa.selenium.chrome.ChromeDriverService.access$000(ChromeDriverService.java:35)
at org.openqa.selenium.chrome.ChromeDriverService$Builder.findDefaultExecutable(ChromeDriverService.java:156)
at org.openqa.selenium.remote.service.DriverService$Builder.build(DriverService.java:346)
at org.openqa.selenium.chrome.ChromeDriverService.createDefaultService(ChromeDriverService.java:91)
at org.openqa.selenium.chrome.ChromeDriver.<init>(ChromeDriver.java:157)
at base.ReusableAPI.getLocalDriver(ReusableAPI.java:78)
at base.ReusableAPI.setUp(ReusableAPI.java:55)
... Removed 33 stack frames]]>
    </failure>
  </testcase> <!-- @BeforeMethod setUp -->
  <testcase name="@BeforeMethod startExtent" time="0.0" classname="base.ReusableAPI">
    <skipped/>
  </testcase> <!-- @BeforeMethod startExtent -->
  <testcase name="@BeforeMethod initializing" time="0.0" classname="Search.HomePageTest">
    <skipped/>
  </testcase> <!-- @BeforeMethod initializing -->
  <testcase name="@AfterMethod afterEachTestMethod" time="0.0" classname="base.ReusableAPI">
    <skipped/>
  </testcase> <!-- @AfterMethod afterEachTestMethod -->
  <testcase name="@BeforeMethod setUp" time="0.0" classname="base.ReusableAPI">
    <skipped/>
  </testcase> <!-- @BeforeMethod setUp -->
  <testcase name="@BeforeMethod startExtent" time="0.0" classname="base.ReusableAPI">
    <skipped/>
  </testcase> <!-- @BeforeMethod startExtent -->
  <testcase name="@BeforeMethod initializing" time="0.0" classname="Search.HomePageTest">
    <skipped/>
  </testcase> <!-- @BeforeMethod initializing -->
  <testcase name="@AfterMethod afterEachTestMethod" time="0.0" classname="base.ReusableAPI">
    <skipped/>
  </testcase> <!-- @AfterMethod afterEachTestMethod -->
  <testcase name="@BeforeMethod setUp" time="0.0" classname="base.ReusableAPI">
    <skipped/>
  </testcase> <!-- @BeforeMethod setUp -->
  <testcase name="@BeforeMethod startExtent" time="0.0" classname="base.ReusableAPI">
    <skipped/>
  </testcase> <!-- @BeforeMethod startExtent -->
  <testcase name="@BeforeMethod initializing" time="0.0" classname="Search.HomePageTest">
    <skipped/>
  </testcase> <!-- @BeforeMethod initializing -->
  <testcase name="@AfterMethod afterEachTestMethod" time="0.0" classname="base.ReusableAPI">
    <skipped/>
  </testcase> <!-- @AfterMethod afterEachTestMethod -->
  <testcase name="@BeforeMethod setUp" time="0.0" classname="base.ReusableAPI">
    <skipped/>
  </testcase> <!-- @BeforeMethod setUp -->
  <testcase name="@BeforeMethod startExtent" time="0.0" classname="base.ReusableAPI">
    <skipped/>
  </testcase> <!-- @BeforeMethod startExtent -->
  <testcase name="@BeforeMethod initializing" time="0.0" classname="Search.HomePageTest">
    <skipped/>
  </testcase> <!-- @BeforeMethod initializing -->
  <testcase name="@AfterMethod afterEachTestMethod" time="0.0" classname="base.ReusableAPI">
    <skipped/>
  </testcase> <!-- @AfterMethod afterEachTestMethod -->
  <testcase name="@BeforeMethod setUp" time="0.0" classname="base.ReusableAPI">
    <skipped/>
  </testcase> <!-- @BeforeMethod setUp -->
  <testcase name="@BeforeMethod startExtent" time="0.0" classname="base.ReusableAPI">
    <skipped/>
  </testcase> <!-- @BeforeMethod startExtent -->
  <testcase name="@BeforeMethod initializing" time="0.0" classname="Search.HomePageTest">
    <skipped/>
  </testcase> <!-- @BeforeMethod initializing -->
  <testcase name="@AfterMethod afterEachTestMethod" time="0.0" classname="base.ReusableAPI">
    <skipped/>
  </testcase> <!-- @AfterMethod afterEachTestMethod -->
  <testcase name="@BeforeMethod setUp" time="0.0" classname="base.ReusableAPI">
    <skipped/>
  </testcase> <!-- @BeforeMethod setUp -->
  <testcase name="@BeforeMethod startExtent" time="0.0" classname="base.ReusableAPI">
    <skipped/>
  </testcase> <!-- @BeforeMethod startExtent -->
  <testcase name="@BeforeMethod initializing" time="0.0" classname="Search.HomePageTest">
    <skipped/>
  </testcase> <!-- @BeforeMethod initializing -->
  <testcase name="@AfterMethod afterEachTestMethod" time="0.0" classname="base.ReusableAPI">
    <skipped/>
  </testcase> <!-- @AfterMethod afterEachTestMethod -->
  <testcase name="@BeforeMethod setUp" time="0.0" classname="base.ReusableAPI">
    <skipped/>
  </testcase> <!-- @BeforeMethod setUp -->
  <testcase name="@BeforeMethod startExtent" time="0.0" classname="base.ReusableAPI">
    <skipped/>
  </testcase> <!-- @BeforeMethod startExtent -->
  <testcase name="@BeforeMethod initializing" time="0.0" classname="Search.HomePageTest">
    <skipped/>
  </testcase> <!-- @BeforeMethod initializing -->
  <testcase name="@AfterMethod afterEachTestMethod" time="0.0" classname="base.ReusableAPI">
    <skipped/>
  </testcase> <!-- @AfterMethod afterEachTestMethod -->
  <testcase name="@BeforeMethod setUp" time="0.0" classname="base.ReusableAPI">
    <skipped/>
  </testcase> <!-- @BeforeMethod setUp -->
  <testcase name="@BeforeMethod startExtent" time="0.0" classname="base.ReusableAPI">
    <skipped/>
  </testcase> <!-- @BeforeMethod startExtent -->
  <testcase name="@BeforeMethod initializing" time="0.0" classname="Search.HomePageTest">
    <skipped/>
  </testcase> <!-- @BeforeMethod initializing -->
  <testcase name="@AfterMethod afterEachTestMethod" time="0.0" classname="base.ReusableAPI">
    <skipped/>
  </testcase> <!-- @AfterMethod afterEachTestMethod -->
  <testcase name="@BeforeMethod setUp" time="0.0" classname="base.ReusableAPI">
    <skipped/>
  </testcase> <!-- @BeforeMethod setUp -->
  <testcase name="@BeforeMethod startExtent" time="0.0" classname="base.ReusableAPI">
    <skipped/>
  </testcase> <!-- @BeforeMethod startExtent -->
  <testcase name="@BeforeMethod initializing" time="0.0" classname="Search.HomePageTest">
    <skipped/>
  </testcase> <!-- @BeforeMethod initializing -->
  <testcase name="@AfterMethod afterEachTestMethod" time="0.0" classname="base.ReusableAPI">
    <skipped/>
  </testcase> <!-- @AfterMethod afterEachTestMethod -->
  <testcase name="@BeforeMethod setUp" time="0.0" classname="base.ReusableAPI">
    <skipped/>
  </testcase> <!-- @BeforeMethod setUp -->
  <testcase name="@BeforeMethod startExtent" time="0.0" classname="base.ReusableAPI">
    <skipped/>
  </testcase> <!-- @BeforeMethod startExtent -->
  <testcase name="@BeforeMethod initializing" time="0.0" classname="Search.HomePageTest">
    <skipped/>
  </testcase> <!-- @BeforeMethod initializing -->
  <testcase name="@AfterMethod afterEachTestMethod" time="0.0" classname="base.ReusableAPI">
    <skipped/>
  </testcase> <!-- @AfterMethod afterEachTestMethod -->
  <testcase name="@BeforeMethod setUp" time="0.0" classname="base.ReusableAPI">
    <skipped/>
  </testcase> <!-- @BeforeMethod setUp -->
  <testcase name="@BeforeMethod startExtent" time="0.0" classname="base.ReusableAPI">
    <skipped/>
  </testcase> <!-- @BeforeMethod startExtent -->
  <testcase name="@BeforeMethod initializing" time="0.0" classname="Search.HomePageTest">
    <skipped/>
  </testcase> <!-- @BeforeMethod initializing -->
  <testcase name="@AfterMethod afterEachTestMethod" time="0.0" classname="base.ReusableAPI">
    <skipped/>
  </testcase> <!-- @AfterMethod afterEachTestMethod -->
  <testcase name="@BeforeMethod setUp" time="0.0" classname="base.ReusableAPI">
    <skipped/>
  </testcase> <!-- @BeforeMethod setUp -->
  <testcase name="@BeforeMethod startExtent" time="0.0" classname="base.ReusableAPI">
    <skipped/>
  </testcase> <!-- @BeforeMethod startExtent -->
  <testcase name="@BeforeMethod initializing" time="0.0" classname="Search.HomePageTest">
    <skipped/>
  </testcase> <!-- @BeforeMethod initializing -->
  <testcase name="@AfterMethod afterEachTestMethod" time="0.0" classname="base.ReusableAPI">
    <skipped/>
  </testcase> <!-- @AfterMethod afterEachTestMethod -->
  <testcase name="@BeforeMethod setUp" time="0.0" classname="base.ReusableAPI">
    <skipped/>
  </testcase> <!-- @BeforeMethod setUp -->
  <testcase name="@BeforeMethod startExtent" time="0.0" classname="base.ReusableAPI">
    <skipped/>
  </testcase> <!-- @BeforeMethod startExtent -->
  <testcase name="@BeforeMethod initializing" time="0.0" classname="Search.HomePageTest">
    <skipped/>
  </testcase> <!-- @BeforeMethod initializing -->
  <testcase name="@AfterMethod afterEachTestMethod" time="0.0" classname="base.ReusableAPI">
    <skipped/>
  </testcase> <!-- @AfterMethod afterEachTestMethod -->
  <testcase name="@BeforeMethod setUp" time="0.0" classname="base.ReusableAPI">
    <skipped/>
  </testcase> <!-- @BeforeMethod setUp -->
  <testcase name="@BeforeMethod startExtent" time="0.0" classname="base.ReusableAPI">
    <skipped/>
  </testcase> <!-- @BeforeMethod startExtent -->
  <testcase name="@BeforeMethod initializing" time="0.0" classname="Search.HomePageTest">
    <skipped/>
  </testcase> <!-- @BeforeMethod initializing -->
  <testcase name="@AfterMethod afterEachTestMethod" time="0.0" classname="base.ReusableAPI">
    <skipped/>
  </testcase> <!-- @AfterMethod afterEachTestMethod -->
  <testcase name="@BeforeMethod setUp" time="0.0" classname="base.ReusableAPI">
    <skipped/>
  </testcase> <!-- @BeforeMethod setUp -->
  <testcase name="@BeforeMethod startExtent" time="0.0" classname="base.ReusableAPI">
    <skipped/>
  </testcase> <!-- @BeforeMethod startExtent -->
  <testcase name="@BeforeMethod initializing" time="0.0" classname="Search.HomePageTest">
    <skipped/>
  </testcase> <!-- @BeforeMethod initializing -->
  <testcase name="@AfterMethod afterEachTestMethod" time="0.0" classname="base.ReusableAPI">
    <skipped/>
  </testcase> <!-- @AfterMethod afterEachTestMethod -->
  <testcase name="@BeforeMethod setUp" time="0.0" classname="base.ReusableAPI">
    <skipped/>
  </testcase> <!-- @BeforeMethod setUp -->
  <testcase name="@BeforeMethod startExtent" time="0.0" classname="base.ReusableAPI">
    <skipped/>
  </testcase> <!-- @BeforeMethod startExtent -->
  <testcase name="@BeforeMethod initializing" time="0.0" classname="Search.HomePageTest">
    <skipped/>
  </testcase> <!-- @BeforeMethod initializing -->
  <testcase name="@AfterMethod afterEachTestMethod" time="0.0" classname="base.ReusableAPI">
    <skipped/>
  </testcase> <!-- @AfterMethod afterEachTestMethod -->
  <testcase name="@BeforeMethod setUp" time="0.0" classname="base.ReusableAPI">
    <skipped/>
  </testcase> <!-- @BeforeMethod setUp -->
  <testcase name="@BeforeMethod startExtent" time="0.0" classname="base.ReusableAPI">
    <skipped/>
  </testcase> <!-- @BeforeMethod startExtent -->
  <testcase name="@BeforeMethod initializing" time="0.0" classname="Search.HomePageTest">
    <skipped/>
  </testcase> <!-- @BeforeMethod initializing -->
  <testcase name="@AfterMethod afterEachTestMethod" time="0.0" classname="base.ReusableAPI">
    <skipped/>
  </testcase> <!-- @AfterMethod afterEachTestMethod -->
  <testcase name="@BeforeMethod setUp" time="0.0" classname="base.ReusableAPI">
    <skipped/>
  </testcase> <!-- @BeforeMethod setUp -->
  <testcase name="@BeforeMethod startExtent" time="0.0" classname="base.ReusableAPI">
    <skipped/>
  </testcase> <!-- @BeforeMethod startExtent -->
  <testcase name="@BeforeMethod initializing" time="0.0" classname="Search.HomePageTest">
    <skipped/>
  </testcase> <!-- @BeforeMethod initializing -->
  <testcase name="@AfterMethod afterEachTestMethod" time="0.0" classname="base.ReusableAPI">
    <skipped/>
  </testcase> <!-- @AfterMethod afterEachTestMethod -->
  <testcase name="@BeforeMethod setUp" time="0.0" classname="base.ReusableAPI">
    <skipped/>
  </testcase> <!-- @BeforeMethod setUp -->
  <testcase name="@BeforeMethod startExtent" time="0.0" classname="base.ReusableAPI">
    <skipped/>
  </testcase> <!-- @BeforeMethod startExtent -->
  <testcase name="@BeforeMethod initializing" time="0.0" classname="Search.HomePageTest">
    <skipped/>
  </testcase> <!-- @BeforeMethod initializing -->
  <testcase name="@AfterMethod afterEachTestMethod" time="0.0" classname="base.ReusableAPI">
    <skipped/>
  </testcase> <!-- @AfterMethod afterEachTestMethod -->
  <testcase name="@BeforeMethod setUp" time="0.0" classname="base.ReusableAPI">
    <skipped/>
  </testcase> <!-- @BeforeMethod setUp -->
  <testcase name="@BeforeMethod startExtent" time="0.0" classname="base.ReusableAPI">
    <skipped/>
  </testcase> <!-- @BeforeMethod startExtent -->
  <testcase name="@BeforeMethod initializing" time="0.0" classname="Search.HomePageTest">
    <skipped/>
  </testcase> <!-- @BeforeMethod initializing -->
  <testcase name="@AfterMethod afterEachTestMethod" time="0.0" classname="base.ReusableAPI">
    <skipped/>
  </testcase> <!-- @AfterMethod afterEachTestMethod -->
  <testcase name="@BeforeMethod setUp" time="0.0" classname="base.ReusableAPI">
    <skipped/>
  </testcase> <!-- @BeforeMethod setUp -->
  <testcase name="@BeforeMethod startExtent" time="0.0" classname="base.ReusableAPI">
    <skipped/>
  </testcase> <!-- @BeforeMethod startExtent -->
  <testcase name="@BeforeMethod initializing" time="0.0" classname="Search.HomePageTest">
    <skipped/>
  </testcase> <!-- @BeforeMethod initializing -->
  <testcase name="@AfterMethod afterEachTestMethod" time="0.0" classname="base.ReusableAPI">
    <skipped/>
  </testcase> <!-- @AfterMethod afterEachTestMethod -->
  <testcase name="ClassBody" time="0.0" classname="Search.PageSearch_option_attempt_Test">
    <skipped/>
  </testcase> <!-- ClassBody -->
  <testcase name="Hovermenu" time="0.0" classname="Search.PageSearch_option_attempt_Test">
    <skipped/>
  </testcase> <!-- Hovermenu -->
  <testcase name="SearchPage" time="0.0" classname="Search.PageSearch_option_attempt_Test">
    <skipped/>
  </testcase> <!-- SearchPage -->
  <testcase name="TermsofUse" time="0.0" classname="Search.PageSearch_option_attempt_Test">
    <skipped/>
  </testcase> <!-- TermsofUse -->
  <testcase name="aTMLocation" time="0.0" classname="Search.PageSearch_option_attempt_Test">
    <skipped/>
  </testcase> <!-- aTMLocation -->
  <testcase name="business" time="0.0" classname="Search.PageSearch_option_attempt_Test">
    <skipped/>
  </testcase> <!-- business -->
  <testcase name="contactus" time="0.0" classname="Search.PageSearch_option_attempt_Test">
    <skipped/>
  </testcase> <!-- contactus -->
  <testcase name="findATM" time="0.0" classname="Search.PageSearch_option_attempt_Test">
    <skipped/>
  </testcase> <!-- findATM -->
  <testcase name="mortgageLending" time="0.0" classname="Search.PageSearch_option_attempt_Test">
    <skipped/>
  </testcase> <!-- mortgageLending -->
  <testcase name="privacypolicy" time="0.0" classname="Search.PageSearch_option_attempt_Test">
    <skipped/>
  </testcase> <!-- privacypolicy -->
  <testcase name="Banking_Test" time="0.0" classname="Search.BusinessTextOptionPageTest">
    <skipped/>
  </testcase> <!-- Banking_Test -->
  <testcase name="Borrowing_Test" time="0.0" classname="Search.BusinessTextOptionPageTest">
    <skipped/>
  </testcase> <!-- Borrowing_Test -->
  <testcase name="BusinessFirst_Test" time="0.0" classname="Search.BusinessTextOptionPageTest">
    <skipped/>
  </testcase> <!-- BusinessFirst_Test -->
  <testcase name="BrowseByState_Test" time="0.0" classname="Search.ATMBranchPageTest">
    <skipped/>
  </testcase> <!-- BrowseByState_Test -->
  <testcase name="TextInput_Test" time="0.0" classname="Search.ATMBranchPageTest">
    <skipped/>
  </testcase> <!-- TextInput_Test -->
  <testcase name="SantanderBankUni_Test" time="0.0" classname="Search.AboutTextOptionPageTest">
    <skipped/>
  </testcase> <!-- SantanderBankUni_Test -->
  <testcase name="WhoWeAre_Test" time="0.0" classname="Search.AboutTextOptionPageTest">
    <skipped/>
  </testcase> <!-- WhoWeAre_Test -->
  <testcase name="Banking_Test" time="0.0" classname="Search.PersonalTextOptionPageTest">
    <skipped/>
  </testcase> <!-- Banking_Test -->
  <testcase name="Borrowing_Test" time="0.0" classname="Search.PersonalTextOptionPageTest">
    <skipped/>
  </testcase> <!-- Borrowing_Test -->
  <testcase name="CreditCard_Test" time="0.0" classname="Search.PersonalTextOptionPageTest">
    <skipped/>
  </testcase> <!-- CreditCard_Test -->
  <testcase name="InvestmentandProtections_Test" time="0.0" classname="Search.PersonalTextOptionPageTest">
    <skipped/>
  </testcase> <!-- InvestmentandProtections_Test -->
  <testcase name="ProsperandThrives_Test" time="0.0" classname="Search.PersonalTextOptionPageTest">
    <skipped/>
  </testcase> <!-- ProsperandThrives_Test -->
  <testcase name="CorporateCapabilities_Test" time="0.0" classname="Search.CorporateTextOptionPageTest">
    <skipped/>
  </testcase> <!-- CorporateCapabilities_Test -->
  <testcase name="StanderderPrespectives_Test" time="0.0" classname="Search.CorporateTextOptionPageTest">
    <skipped/>
  </testcase> <!-- StanderderPrespectives_Test -->
  <testcase name="ATM_BranchLocation_Test" time="0.0" classname="Search.HomePageTest">
    <skipped/>
  </testcase> <!-- ATM_BranchLocation_Test -->
  <testcase name="About_Textoption_Test" time="0.0" classname="Search.HomePageTest">
    <skipped/>
  </testcase> <!-- About_Textoption_Test -->
  <testcase name="Business_Textoption_Test" time="0.0" classname="Search.HomePageTest">
    <skipped/>
  </testcase> <!-- Business_Textoption_Test -->
  <testcase name="Contact_us_Header_Test" time="0.0" classname="Search.HomePageTest">
    <skipped/>
  </testcase> <!-- Contact_us_Header_Test -->
  <testcase name="Corporate_Textoption_Test" time="0.0" classname="Search.HomePageTest">
    <skipped/>
  </testcase> <!-- Corporate_Textoption_Test -->
  <testcase name="DIGI_BANKING_Test" time="0.0" classname="Search.HomePageTest">
    <skipped/>
  </testcase> <!-- DIGI_BANKING_Test -->
  <testcase name="DragDrop2" time="0.0" classname="Search.HomePageTest">
    <skipped/>
  </testcase> <!-- DragDrop2 -->
  <testcase name="Find_location_near_you_Test" time="0.0" classname="Search.HomePageTest">
    <skipped/>
  </testcase> <!-- Find_location_near_you_Test -->
  <testcase name="Header_Taeget_Test" time="0.0" classname="Search.HomePageTest">
    <skipped/>
  </testcase> <!-- Header_Taeget_Test -->
  <testcase name="Home_Header_Test" time="0.0" classname="Search.HomePageTest">
    <skipped/>
  </testcase> <!-- Home_Header_Test -->
  <testcase name="How_to_Overcome_Anxiety_article_link_Test" time="0.0" classname="Search.HomePageTest">
    <skipped/>
  </testcase> <!-- How_to_Overcome_Anxiety_article_link_Test -->
  <testcase name="Login_Test" time="0.0" classname="Search.HomePageTest">
    <skipped/>
  </testcase> <!-- Login_Test -->
  <testcase name="Personal_Textoption_Test" time="0.0" classname="Search.HomePageTest">
    <skipped/>
  </testcase> <!-- Personal_Textoption_Test -->
  <testcase name="Privacy_policy_Header_Test" time="0.0" classname="Search.HomePageTest">
    <skipped/>
  </testcase> <!-- Privacy_policy_Header_Test -->
  <testcase name="STU_VALUE_CHEK_Test" time="0.0" classname="Search.HomePageTest">
    <skipped/>
  </testcase> <!-- STU_VALUE_CHEK_Test -->
  <testcase name="Terms_of_use_Header_Test" time="0.0" classname="Search.HomePageTest">
    <skipped/>
  </testcase> <!-- Terms_of_use_Header_Test -->
  <testcase name="The_ABCs_of_the_HELOC_article_link_Test" time="0.0" classname="Search.HomePageTest">
    <skipped/>
  </testcase> <!-- The_ABCs_of_the_HELOC_article_link_Test -->
  <testcase name="ULT_cash_back_creditcard_grouplink_Test" time="0.0" classname="Search.HomePageTest">
    <skipped/>
  </testcase> <!-- ULT_cash_back_creditcard_grouplink_Test -->
  <testcase name="top_10_credit_tips_article_link_Test" time="0.0" classname="Search.HomePageTest">
    <skipped/>
  </testcase> <!-- top_10_credit_tips_article_link_Test -->
  <testcase name="top_5_text_email_mobile_alert_article_link_Test" time="0.0" classname="Search.HomePageTest">
    <skipped/>
  </testcase> <!-- top_5_text_email_mobile_alert_article_link_Test -->
  <testcase name="top_9_Ways_to_Save_Serious_$_article_link_Test" time="0.0" classname="Search.HomePageTest">
    <skipped/>
  </testcase> <!-- top_9_Ways_to_Save_Serious_$_article_link_Test -->
  <testcase name="signIn" time="0.0" classname="Search.LoginPageTest">
    <skipped/>
  </testcase> <!-- signIn -->
  <testcase name="@AfterSuite generateReport" time="0.0" classname="base.ReusableAPI">
    <ignored/>
  </testcase> <!-- @AfterSuite generateReport -->
  <testcase name="@AfterSuite generateReport" time="0.0" classname="base.ReusableAPI">
    <ignored/>
  </testcase> <!-- @AfterSuite generateReport -->
  <testcase name="@AfterSuite generateReport" time="0.0" classname="base.ReusableAPI">
    <ignored/>
  </testcase> <!-- @AfterSuite generateReport -->
  <testcase name="@AfterSuite generateReport" time="0.0" classname="base.ReusableAPI">
    <ignored/>
  </testcase> <!-- @AfterSuite generateReport -->
  <testcase name="@AfterSuite generateReport" time="0.0" classname="base.ReusableAPI">
    <ignored/>
  </testcase> <!-- @AfterSuite generateReport -->
  <testcase name="@AfterSuite generateReport" time="0.0" classname="base.ReusableAPI">
    <ignored/>
  </testcase> <!-- @AfterSuite generateReport -->
  <testcase name="@AfterSuite generateReport" time="0.0" classname="base.ReusableAPI">
    <ignored/>
  </testcase> <!-- @AfterSuite generateReport -->
  <testcase name="@BeforeSuite extentSetup" time="0.0" classname="base.ReusableAPI">
    <ignored/>
  </testcase> <!-- @BeforeSuite extentSetup -->
  <testcase name="@BeforeSuite extentSetup" time="0.0" classname="base.ReusableAPI">
    <ignored/>
  </testcase> <!-- @BeforeSuite extentSetup -->
  <testcase name="@BeforeSuite extentSetup" time="0.0" classname="base.ReusableAPI">
    <ignored/>
  </testcase> <!-- @BeforeSuite extentSetup -->
  <testcase name="@BeforeSuite extentSetup" time="0.0" classname="base.ReusableAPI">
    <ignored/>
  </testcase> <!-- @BeforeSuite extentSetup -->
  <testcase name="@BeforeSuite extentSetup" time="0.0" classname="base.ReusableAPI">
    <ignored/>
  </testcase> <!-- @BeforeSuite extentSetup -->
  <testcase name="@BeforeSuite extentSetup" time="0.0" classname="base.ReusableAPI">
    <ignored/>
  </testcase> <!-- @BeforeSuite extentSetup -->
  <testcase name="@BeforeSuite extentSetup" time="0.0" classname="base.ReusableAPI">
    <ignored/>
  </testcase> <!-- @BeforeSuite extentSetup -->
</testsuite> <!-- Surefire test -->
