<?xml version="1.0" encoding="UTF-8"?>
<!-- Generated by org.testng.reporters.JUnitXMLReporter -->
<testsuite ignored="0" hostname="URMIs-MacBook-Air.local" failures="0" tests="1" name="Surefire test" time="0.318" errors="0" timestamp="27 Sep 2018 22:00:04 GMT">
  <testcase classname="base.BeforeNAfterMethods" name="@BeforeTest setup" time="0.258">
    <failure type="java.lang.IllegalStateException" message="The driver executable does not exist: /Users/renxing/Desktop/GroupBlueFrameWork/Generic/DriversForBrowser/chromedriver">
      <![CDATA[java.lang.IllegalStateException: The driver executable does not exist: /Users/renxing/Desktop/GroupBlueFrameWork/Generic/DriversForBrowser/chromedriver
at com.google.common.base.Preconditions.checkState(Preconditions.java:585)
at org.openqa.selenium.remote.service.DriverService.checkExecutable(DriverService.java:137)
at org.openqa.selenium.remote.service.DriverService.findExecutable(DriverService.java:132)
at org.openqa.selenium.chrome.ChromeDriverService.access$000(ChromeDriverService.java:35)
at org.openqa.selenium.chrome.ChromeDriverService$Builder.findDefaultExecutable(ChromeDriverService.java:156)
at org.openqa.selenium.remote.service.DriverService$Builder.build(DriverService.java:346)
at org.openqa.selenium.chrome.ChromeDriverService.createDefaultService(ChromeDriverService.java:91)
at org.openqa.selenium.chrome.ChromeDriver.<init>(ChromeDriver.java:123)
at base.BeforeNAfterMethods.setup(BeforeNAfterMethods.java:15)
... Removed 29 stack frames]]>
    </failure>
  </testcase> <!-- @BeforeTest setup -->
  <testcase classname="base.BeforeNAfterMethods" name="@AfterMethod close" time="0.0">
    <skipped/>
  </testcase> <!-- @AfterMethod close -->
  <testcase classname="base.firstTest" name="search" time="0.0">
    <skipped/>
  </testcase> <!-- search -->
</testsuite> <!-- Surefire test -->
