<?xml version="1.0" encoding="UTF-8"?>
<!-- Generated by org.testng.reporters.JUnitReportReporter -->
<testsuite hostname="URMIs-MacBook-Air.local" failures="0" tests="11" name="Search.PageSearch_option_attempt_Test" time="0.000" errors="1" timestamp="27 Sep 2018 22:00:33 GMT" skipped="10">
  <testcase classname="Search.PageSearch_option_attempt_Test" name="privacypolicy" time="0.000">
    <skipped/>
  </testcase> <!-- privacypolicy -->
  <testcase classname="Search.PageSearch_option_attempt_Test" name="setDriver" time="0.000">
    <error message="
Parameter &#039;os&#039; is required by BeforeMethod on method setDriver but has not been marked @Optional or defined
" type="org.testng.TestNGException">
      <![CDATA[org.testng.TestNGException: 
Parameter 'os' is required by BeforeMethod on method setDriver but has not been marked @Optional or defined

at org.testng.internal.Parameters.createParams(Parameters.java:290)
at org.testng.internal.Parameters.createParametersForMethod(Parameters.java:359)
at org.testng.internal.Parameters.createParameters(Parameters.java:620)
at org.testng.internal.Parameters.createConfigurationParameters(Parameters.java:190)
at org.testng.internal.Invoker.invokeConfigurations(Invoker.java:209)
at org.testng.internal.Invoker.invokeMethod(Invoker.java:523)
at org.testng.internal.Invoker.invokeTestMethod(Invoker.java:719)
at org.testng.internal.Invoker.invokeTestMethods(Invoker.java:989)
at org.testng.internal.TestMethodWorker.invokeTestMethods(TestMethodWorker.java:125)
at org.testng.internal.TestMethodWorker.run(TestMethodWorker.java:109)
at org.testng.TestRunner.privateRun(TestRunner.java:648)
at org.testng.TestRunner.run(TestRunner.java:505)
at org.testng.SuiteRunner.runTest(SuiteRunner.java:455)
at org.testng.SuiteRunner.runSequentially(SuiteRunner.java:450)
at org.testng.SuiteRunner.privateRun(SuiteRunner.java:415)
at org.testng.SuiteRunner.run(SuiteRunner.java:364)
at org.testng.SuiteRunnerWorker.runSuite(SuiteRunnerWorker.java:52)
at org.testng.SuiteRunnerWorker.run(SuiteRunnerWorker.java:84)
at org.testng.TestNG.runSuitesSequentially(TestNG.java:1208)
at org.testng.TestNG.runSuitesLocally(TestNG.java:1137)
at org.testng.TestNG.runSuites(TestNG.java:1049)
at org.testng.TestNG.run(TestNG.java:1017)
at org.apache.maven.surefire.testng.TestNGExecutor.run(TestNGExecutor.java:135)
at org.apache.maven.surefire.testng.TestNGDirectoryTestSuite.executeMulti(TestNGDirectoryTestSuite.java:193)
at org.apache.maven.surefire.testng.TestNGDirectoryTestSuite.execute(TestNGDirectoryTestSuite.java:94)
at org.apache.maven.surefire.testng.TestNGProvider.invoke(TestNGProvider.java:146)
at org.apache.maven.surefire.booter.ForkedBooter.invokeProviderInSameClassLoader(ForkedBooter.java:383)
at org.apache.maven.surefire.booter.ForkedBooter.runSuitesInProcess(ForkedBooter.java:344)
at org.apache.maven.surefire.booter.ForkedBooter.execute(ForkedBooter.java:125)
at org.apache.maven.surefire.booter.ForkedBooter.main(ForkedBooter.java:417)
]]>
    </error>
  </testcase> <!-- setDriver -->
  <testcase classname="Search.PageSearch_option_attempt_Test" name="SearchPage" time="0.000">
    <skipped/>
  </testcase> <!-- SearchPage -->
  <testcase classname="Search.PageSearch_option_attempt_Test" name="business" time="0.000">
    <skipped/>
  </testcase> <!-- business -->
  <testcase classname="Search.PageSearch_option_attempt_Test" name="TermsofUse" time="0.000">
    <skipped/>
  </testcase> <!-- TermsofUse -->
  <testcase classname="Search.PageSearch_option_attempt_Test" name="contactus" time="0.000">
    <skipped/>
  </testcase> <!-- contactus -->
  <testcase classname="Search.PageSearch_option_attempt_Test" name="ClassBody" time="0.000">
    <skipped/>
  </testcase> <!-- ClassBody -->
  <testcase classname="Search.PageSearch_option_attempt_Test" name="Hovermenu" time="0.000">
    <skipped/>
  </testcase> <!-- Hovermenu -->
  <testcase classname="Search.PageSearch_option_attempt_Test" name="mortgageLending" time="0.000">
    <skipped/>
  </testcase> <!-- mortgageLending -->
  <testcase classname="Search.PageSearch_option_attempt_Test" name="findATM" time="0.000">
    <skipped/>
  </testcase> <!-- findATM -->
  <testcase classname="Search.PageSearch_option_attempt_Test" name="aTMLocation" time="0.000">
    <skipped/>
  </testcase> <!-- aTMLocation -->
</testsuite> <!-- Search.PageSearch_option_attempt_Test -->
