<?xml version="1.0" encoding="UTF-8"?>
<!-- Generated by org.testng.reporters.JUnitReportReporter -->
<testsuite hostname="URMIs-MacBook-Air.local" failures="0" tests="22" name="Search.HomePageTest" time="0.000" errors="1" timestamp="27 Sep 2018 22:00:33 GMT" skipped="21">
  <testcase classname="Search.HomePageTest" name="About_Textoption_Test" time="0.000">
    <skipped/>
  </testcase> <!-- About_Textoption_Test -->
  <testcase classname="Search.HomePageTest" name="Home_Header_Test" time="0.000">
    <skipped/>
  </testcase> <!-- Home_Header_Test -->
  <testcase classname="Search.HomePageTest" name="Business_Textoption_Test" time="0.000">
    <skipped/>
  </testcase> <!-- Business_Textoption_Test -->
  <testcase classname="Search.HomePageTest" name="DragDrop2" time="0.000">
    <skipped/>
  </testcase> <!-- DragDrop2 -->
  <testcase classname="Search.HomePageTest" name="DIGI_BANKING_Test" time="0.000">
    <skipped/>
  </testcase> <!-- DIGI_BANKING_Test -->
  <testcase classname="Search.HomePageTest" name="Contact_us_Header_Test" time="0.000">
    <skipped/>
  </testcase> <!-- Contact_us_Header_Test -->
  <testcase classname="Search.HomePageTest" name="Privacy_policy_Header_Test" time="0.000">
    <skipped/>
  </testcase> <!-- Privacy_policy_Header_Test -->
  <testcase classname="Search.HomePageTest" name="top_9_Ways_to_Save_Serious_$_article_link_Test" time="0.000">
    <skipped/>
  </testcase> <!-- top_9_Ways_to_Save_Serious_$_article_link_Test -->
  <testcase classname="Search.HomePageTest" name="Personal_Textoption_Test" time="0.000">
    <skipped/>
  </testcase> <!-- Personal_Textoption_Test -->
  <testcase classname="Search.HomePageTest" name="Corporate_Textoption_Test" time="0.000">
    <skipped/>
  </testcase> <!-- Corporate_Textoption_Test -->
  <testcase classname="Search.HomePageTest" name="Terms_of_use_Header_Test" time="0.000">
    <skipped/>
  </testcase> <!-- Terms_of_use_Header_Test -->
  <testcase classname="Search.HomePageTest" name="ATM_BranchLocation_Test" time="0.000">
    <skipped/>
  </testcase> <!-- ATM_BranchLocation_Test -->
  <testcase classname="Search.HomePageTest" name="The_ABCs_of_the_HELOC_article_link_Test" time="0.000">
    <skipped/>
  </testcase> <!-- The_ABCs_of_the_HELOC_article_link_Test -->
  <testcase classname="Search.HomePageTest" name="top_10_credit_tips_article_link_Test" time="0.000">
    <skipped/>
  </testcase> <!-- top_10_credit_tips_article_link_Test -->
  <testcase classname="Search.HomePageTest" name="ULT_cash_back_creditcard_grouplink_Test" time="0.000">
    <skipped/>
  </testcase> <!-- ULT_cash_back_creditcard_grouplink_Test -->
  <testcase classname="Search.HomePageTest" name="Header_Taeget_Test" time="0.000">
    <skipped/>
  </testcase> <!-- Header_Taeget_Test -->
  <testcase classname="Search.HomePageTest" name="STU_VALUE_CHEK_Test" time="0.000">
    <skipped/>
  </testcase> <!-- STU_VALUE_CHEK_Test -->
  <testcase classname="Search.HomePageTest" name="How_to_Overcome_Anxiety_article_link_Test" time="0.000">
    <skipped/>
  </testcase> <!-- How_to_Overcome_Anxiety_article_link_Test -->
  <testcase classname="Search.HomePageTest" name="Login_Test" time="0.000">
    <skipped/>
  </testcase> <!-- Login_Test -->
  <testcase classname="Search.HomePageTest" name="top_5_text_email_mobile_alert_article_link_Test" time="0.000">
    <skipped/>
  </testcase> <!-- top_5_text_email_mobile_alert_article_link_Test -->
  <testcase classname="Search.HomePageTest" name="setDriver" time="0.000">
    <error message="
Parameter &#039;os&#039; is required by BeforeMethod on method setDriver but has not been marked @Optional or defined
" type="org.testng.TestNGException">
      <![CDATA[org.testng.TestNGException: 
Parameter 'os' is required by BeforeMethod on method setDriver but has not been marked @Optional or defined

at org.testng.internal.Parameters.createParams(Parameters.java:290)
at org.testng.internal.Parameters.createParametersForMethod(Parameters.java:359)
at org.testng.internal.Parameters.createParameters(Parameters.java:620)
at org.testng.internal.Parameters.createConfigurationParameters(Parameters.java:190)
at org.testng.internal.Invoker.invokeConfigurations(Invoker.java:209)
at org.testng.internal.Invoker.invokeMethod(Invoker.java:523)
at org.testng.internal.Invoker.invokeTestMethod(Invoker.java:719)
at org.testng.internal.Invoker.invokeTestMethods(Invoker.java:989)
at org.testng.internal.TestMethodWorker.invokeTestMethods(TestMethodWorker.java:125)
at org.testng.internal.TestMethodWorker.run(TestMethodWorker.java:109)
at org.testng.TestRunner.privateRun(TestRunner.java:648)
at org.testng.TestRunner.run(TestRunner.java:505)
at org.testng.SuiteRunner.runTest(SuiteRunner.java:455)
at org.testng.SuiteRunner.runSequentially(SuiteRunner.java:450)
at org.testng.SuiteRunner.privateRun(SuiteRunner.java:415)
at org.testng.SuiteRunner.run(SuiteRunner.java:364)
at org.testng.SuiteRunnerWorker.runSuite(SuiteRunnerWorker.java:52)
at org.testng.SuiteRunnerWorker.run(SuiteRunnerWorker.java:84)
at org.testng.TestNG.runSuitesSequentially(TestNG.java:1208)
at org.testng.TestNG.runSuitesLocally(TestNG.java:1137)
at org.testng.TestNG.runSuites(TestNG.java:1049)
at org.testng.TestNG.run(TestNG.java:1017)
at org.apache.maven.surefire.testng.TestNGExecutor.run(TestNGExecutor.java:135)
at org.apache.maven.surefire.testng.TestNGDirectoryTestSuite.executeMulti(TestNGDirectoryTestSuite.java:193)
at org.apache.maven.surefire.testng.TestNGDirectoryTestSuite.execute(TestNGDirectoryTestSuite.java:94)
at org.apache.maven.surefire.testng.TestNGProvider.invoke(TestNGProvider.java:146)
at org.apache.maven.surefire.booter.ForkedBooter.invokeProviderInSameClassLoader(ForkedBooter.java:383)
at org.apache.maven.surefire.booter.ForkedBooter.runSuitesInProcess(ForkedBooter.java:344)
at org.apache.maven.surefire.booter.ForkedBooter.execute(ForkedBooter.java:125)
at org.apache.maven.surefire.booter.ForkedBooter.main(ForkedBooter.java:417)
]]>
    </error>
  </testcase> <!-- setDriver -->
  <testcase classname="Search.HomePageTest" name="Find_location_near_you_Test" time="0.000">
    <skipped/>
  </testcase> <!-- Find_location_near_you_Test -->
</testsuite> <!-- Search.HomePageTest -->
