<!DOCTYPE html PUBLIC "-//W3C//DTD XHTML 1.1//EN" "http://www.w3.org/TR/xhtml11/DTD/xhtml11.dtd">
<html xmlns="http://www.w3.org/1999/xhtml">
<head>
<meta http-equiv="content-type" content="text/html; charset=UTF-8"/>
<title>TestNG Report</title>
<style type="text/css">table {margin-bottom:10px;border-collapse:collapse;empty-cells:show}th,td {border:1px solid #009;padding:.25em .5em}th {vertical-align:bottom}td {vertical-align:top}table a {font-weight:bold}.stripe td {background-color: #E6EBF9}.num {text-align:right}.passedodd td {background-color: #3F3}.passedeven td {background-color: #0A0}.skippedodd td {background-color: #DDD}.skippedeven td {background-color: #CCC}.failedodd td,.attn {background-color: #F33}.failedeven td,.stripe .attn {background-color: #D00}.stacktrace {white-space:pre;font-family:monospace}.totop {font-size:85%;text-align:center;border-bottom:2px solid #000}.invisible {display:none}</style>
</head>
<body>
<table>
<tr><th>Test</th><th># Passed</th><th># Skipped</th><th># Failed</th><th>Time (ms)</th><th>Included Groups</th><th>Excluded Groups</th></tr>
<tr><th colspan="7">Surefire suite</th></tr>
<tr><td><a href="#t0">Surefire test</a></td><td class="num">0</td><td class="num attn">46</td><td class="num">0</td><td class="num">137</td><td></td><td></td></tr>
</table>
<table id='summary'><thead><tr><th>Class</th><th>Method</th><th>Start</th><th>Time (ms)</th></tr></thead><tbody><tr><th colspan="4">Surefire suite</th></tr></tbody><tbody id="t0"><tr><th colspan="4">Surefire test &#8212; failed (configuration methods)</th></tr><tr class="failedeven"><td rowspan="1">Search.ATMBranchPageTest</td><td><a href="#m0">setUp</a></td><td rowspan="1">1538233644410</td><td rowspan="1">1</td></tr><tr class="failedodd"><td rowspan="1">Search.AboutTextOptionPageTest</td><td><a href="#m1">setUp</a></td><td rowspan="1">1538233644413</td><td rowspan="1">1</td></tr><tr class="failedeven"><td rowspan="1">Search.BusinessTextOptionPageTest</td><td><a href="#m2">setUp</a></td><td rowspan="1">1538233644406</td><td rowspan="1">2</td></tr><tr class="failedodd"><td rowspan="1">Search.CorporateTextOptionPageTest</td><td><a href="#m3">setUp</a></td><td rowspan="1">1538233644422</td><td rowspan="1">1</td></tr><tr class="failedeven"><td rowspan="1">Search.HomePageTest</td><td><a href="#m4">setUp</a></td><td rowspan="1">1538233644425</td><td rowspan="1">2</td></tr><tr class="failedodd"><td rowspan="1">Search.PageSearch_option_attempt_Test</td><td><a href="#m5">setUp</a></td><td rowspan="1">1538233644326</td><td rowspan="1">64</td></tr><tr class="failedeven"><td rowspan="1">Search.PersonalTextOptionPageTest</td><td><a href="#m6">setUp</a></td><td rowspan="1">1538233644416</td><td rowspan="1">2</td></tr><tr><th colspan="4">Surefire test &#8212; skipped (configuration methods)</th></tr><tr class="skippedeven"><td rowspan="7">Search.ATMBranchPageTest</td><td><a href="#m7">afterEachTestMethod</a></td><td rowspan="2">1538233644412</td><td rowspan="2">0</td></tr><tr class="skippedeven"><td><a href="#m8">afterEachTestMethod</a></td></tr><tr class="skippedeven"><td><a href="#m9">initelement</a></td><td rowspan="2">1538233644412</td><td rowspan="2">0</td></tr><tr class="skippedeven"><td><a href="#m10">initelement</a></td></tr><tr class="skippedeven"><td><a href="#m11">setUp</a></td><td rowspan="1">1538233644412</td><td rowspan="1">0</td></tr><tr class="skippedeven"><td><a href="#m12">startExtent</a></td><td rowspan="2">1538233644411</td><td rowspan="2">0</td></tr><tr class="skippedeven"><td><a href="#m13">startExtent</a></td></tr><tr class="skippedodd"><td rowspan="7">Search.AboutTextOptionPageTest</td><td><a href="#m14">afterEachTestMethod</a></td><td rowspan="2">1538233644415</td><td rowspan="2">0</td></tr><tr class="skippedodd"><td><a href="#m15">afterEachTestMethod</a></td></tr><tr class="skippedodd"><td><a href="#m16">initelement</a></td><td rowspan="2">1538233644414</td><td rowspan="2">0</td></tr><tr class="skippedodd"><td><a href="#m17">initelement</a></td></tr><tr class="skippedodd"><td><a href="#m18">setUp</a></td><td rowspan="1">1538233644415</td><td rowspan="1">0</td></tr><tr class="skippedodd"><td><a href="#m19">startExtent</a></td><td rowspan="2">1538233644414</td><td rowspan="2">0</td></tr><tr class="skippedodd"><td><a href="#m20">startExtent</a></td></tr><tr class="skippedeven"><td rowspan="11">Search.BusinessTextOptionPageTest</td><td><a href="#m21">afterEachTestMethod</a></td><td rowspan="3">1538233644408</td><td rowspan="3">0</td></tr><tr class="skippedeven"><td><a href="#m22">afterEachTestMethod</a></td></tr><tr class="skippedeven"><td><a href="#m23">afterEachTestMethod</a></td></tr><tr class="skippedeven"><td><a href="#m24">initelement</a></td><td rowspan="3">1538233644408</td><td rowspan="3">0</td></tr><tr class="skippedeven"><td><a href="#m25">initelement</a></td></tr><tr class="skippedeven"><td><a href="#m26">initelement</a></td></tr><tr class="skippedeven"><td><a href="#m27">setUp</a></td><td rowspan="2">1538233644409</td><td rowspan="2">0</td></tr><tr class="skippedeven"><td><a href="#m28">setUp</a></td></tr><tr class="skippedeven"><td><a href="#m29">startExtent</a></td><td rowspan="3">1538233644408</td><td rowspan="3">0</td></tr><tr class="skippedeven"><td><a href="#m30">startExtent</a></td></tr><tr class="skippedeven"><td><a href="#m31">startExtent</a></td></tr><tr class="skippedodd"><td rowspan="7">Search.CorporateTextOptionPageTest</td><td><a href="#m32">afterEachTestMethod</a></td><td rowspan="2">1538233644424</td><td rowspan="2">0</td></tr><tr class="skippedodd"><td><a href="#m33">afterEachTestMethod</a></td></tr><tr class="skippedodd"><td><a href="#m34">initelement</a></td><td rowspan="2">1538233644424</td><td rowspan="2">0</td></tr><tr class="skippedodd"><td><a href="#m35">initelement</a></td></tr><tr class="skippedodd"><td><a href="#m36">setUp</a></td><td rowspan="1">1538233644424</td><td rowspan="1">0</td></tr><tr class="skippedodd"><td><a href="#m37">startExtent</a></td><td rowspan="2">1538233644423</td><td rowspan="2">0</td></tr><tr class="skippedodd"><td><a href="#m38">startExtent</a></td></tr><tr class="skippedeven"><td rowspan="83">Search.HomePageTest</td><td><a href="#m39">afterEachTestMethod</a></td><td rowspan="21">1538233644428</td><td rowspan="21">0</td></tr><tr class="skippedeven"><td><a href="#m40">afterEachTestMethod</a></td></tr><tr class="skippedeven"><td><a href="#m41">afterEachTestMethod</a></td></tr><tr class="skippedeven"><td><a href="#m42">afterEachTestMethod</a></td></tr><tr class="skippedeven"><td><a href="#m43">afterEachTestMethod</a></td></tr><tr class="skippedeven"><td><a href="#m44">afterEachTestMethod</a></td></tr><tr class="skippedeven"><td><a href="#m45">afterEachTestMethod</a></td></tr><tr class="skippedeven"><td><a href="#m46">afterEachTestMethod</a></td></tr><tr class="skippedeven"><td><a href="#m47">afterEachTestMethod</a></td></tr><tr class="skippedeven"><td><a href="#m48">afterEachTestMethod</a></td></tr><tr class="skippedeven"><td><a href="#m49">afterEachTestMethod</a></td></tr><tr class="skippedeven"><td><a href="#m50">afterEachTestMethod</a></td></tr><tr class="skippedeven"><td><a href="#m51">afterEachTestMethod</a></td></tr><tr class="skippedeven"><td><a href="#m52">afterEachTestMethod</a></td></tr><tr class="skippedeven"><td><a href="#m53">afterEachTestMethod</a></td></tr><tr class="skippedeven"><td><a href="#m54">afterEachTestMethod</a></td></tr><tr class="skippedeven"><td><a href="#m55">afterEachTestMethod</a></td></tr><tr class="skippedeven"><td><a href="#m56">afterEachTestMethod</a></td></tr><tr class="skippedeven"><td><a href="#m57">afterEachTestMethod</a></td></tr><tr class="skippedeven"><td><a href="#m58">afterEachTestMethod</a></td></tr><tr class="skippedeven"><td><a href="#m59">afterEachTestMethod</a></td></tr><tr class="skippedeven"><td><a href="#m60">initializing</a></td><td rowspan="21">1538233644438</td><td rowspan="21">0</td></tr><tr class="skippedeven"><td><a href="#m61">initializing</a></td></tr><tr class="skippedeven"><td><a href="#m62">initializing</a></td></tr><tr class="skippedeven"><td><a href="#m63">initializing</a></td></tr><tr class="skippedeven"><td><a href="#m64">initializing</a></td></tr><tr class="skippedeven"><td><a href="#m65">initializing</a></td></tr><tr class="skippedeven"><td><a href="#m66">initializing</a></td></tr><tr class="skippedeven"><td><a href="#m67">initializing</a></td></tr><tr class="skippedeven"><td><a href="#m68">initializing</a></td></tr><tr class="skippedeven"><td><a href="#m69">initializing</a></td></tr><tr class="skippedeven"><td><a href="#m70">initializing</a></td></tr><tr class="skippedeven"><td><a href="#m71">initializing</a></td></tr><tr class="skippedeven"><td><a href="#m72">initializing</a></td></tr><tr class="skippedeven"><td><a href="#m73">initializing</a></td></tr><tr class="skippedeven"><td><a href="#m74">initializing</a></td></tr><tr class="skippedeven"><td><a href="#m75">initializing</a></td></tr><tr class="skippedeven"><td><a href="#m76">initializing</a></td></tr><tr class="skippedeven"><td><a href="#m77">initializing</a></td></tr><tr class="skippedeven"><td><a href="#m78">initializing</a></td></tr><tr class="skippedeven"><td><a href="#m79">initializing</a></td></tr><tr class="skippedeven"><td><a href="#m80">initializing</a></td></tr><tr class="skippedeven"><td><a href="#m81">setUp</a></td><td rowspan="20">1538233644438</td><td rowspan="20">0</td></tr><tr class="skippedeven"><td><a href="#m82">setUp</a></td></tr><tr class="skippedeven"><td><a href="#m83">setUp</a></td></tr><tr class="skippedeven"><td><a href="#m84">setUp</a></td></tr><tr class="skippedeven"><td><a href="#m85">setUp</a></td></tr><tr class="skippedeven"><td><a href="#m86">setUp</a></td></tr><tr class="skippedeven"><td><a href="#m87">setUp</a></td></tr><tr class="skippedeven"><td><a href="#m88">setUp</a></td></tr><tr class="skippedeven"><td><a href="#m89">setUp</a></td></tr><tr class="skippedeven"><td><a href="#m90">setUp</a></td></tr><tr class="skippedeven"><td><a href="#m91">setUp</a></td></tr><tr class="skippedeven"><td><a href="#m92">setUp</a></td></tr><tr class="skippedeven"><td><a href="#m93">setUp</a></td></tr><tr class="skippedeven"><td><a href="#m94">setUp</a></td></tr><tr class="skippedeven"><td><a href="#m95">setUp</a></td></tr><tr class="skippedeven"><td><a href="#m96">setUp</a></td></tr><tr class="skippedeven"><td><a href="#m97">setUp</a></td></tr><tr class="skippedeven"><td><a href="#m98">setUp</a></td></tr><tr class="skippedeven"><td><a href="#m99">setUp</a></td></tr><tr class="skippedeven"><td><a href="#m100">setUp</a></td></tr><tr class="skippedeven"><td><a href="#m101">startExtent</a></td><td rowspan="21">1538233644427</td><td rowspan="21">0</td></tr><tr class="skippedeven"><td><a href="#m102">startExtent</a></td></tr><tr class="skippedeven"><td><a href="#m103">startExtent</a></td></tr><tr class="skippedeven"><td><a href="#m104">startExtent</a></td></tr><tr class="skippedeven"><td><a href="#m105">startExtent</a></td></tr><tr class="skippedeven"><td><a href="#m106">startExtent</a></td></tr><tr class="skippedeven"><td><a href="#m107">startExtent</a></td></tr><tr class="skippedeven"><td><a href="#m108">startExtent</a></td></tr><tr class="skippedeven"><td><a href="#m109">startExtent</a></td></tr><tr class="skippedeven"><td><a href="#m110">startExtent</a></td></tr><tr class="skippedeven"><td><a href="#m111">startExtent</a></td></tr><tr class="skippedeven"><td><a href="#m112">startExtent</a></td></tr><tr class="skippedeven"><td><a href="#m113">startExtent</a></td></tr><tr class="skippedeven"><td><a href="#m114">startExtent</a></td></tr><tr class="skippedeven"><td><a href="#m115">startExtent</a></td></tr><tr class="skippedeven"><td><a href="#m116">startExtent</a></td></tr><tr class="skippedeven"><td><a href="#m117">startExtent</a></td></tr><tr class="skippedeven"><td><a href="#m118">startExtent</a></td></tr><tr class="skippedeven"><td><a href="#m119">startExtent</a></td></tr><tr class="skippedeven"><td><a href="#m120">startExtent</a></td></tr><tr class="skippedeven"><td><a href="#m121">startExtent</a></td></tr><tr class="skippedodd"><td rowspan="40">Search.PageSearch_option_attempt_Test</td><td><a href="#m122">afterEachTestMethod</a></td><td rowspan="10">1538233644403</td><td rowspan="10">0</td></tr><tr class="skippedodd"><td><a href="#m123">afterEachTestMethod</a></td></tr><tr class="skippedodd"><td><a href="#m124">afterEachTestMethod</a></td></tr><tr class="skippedodd"><td><a href="#m125">afterEachTestMethod</a></td></tr><tr class="skippedodd"><td><a href="#m126">afterEachTestMethod</a></td></tr><tr class="skippedodd"><td><a href="#m127">afterEachTestMethod</a></td></tr><tr class="skippedodd"><td><a href="#m128">afterEachTestMethod</a></td></tr><tr class="skippedodd"><td><a href="#m129">afterEachTestMethod</a></td></tr><tr class="skippedodd"><td><a href="#m130">afterEachTestMethod</a></td></tr><tr class="skippedodd"><td><a href="#m131">afterEachTestMethod</a></td></tr><tr class="skippedodd"><td><a href="#m132">generateReport</a></td><td rowspan="1">1538233644556</td><td rowspan="1">0</td></tr><tr class="skippedodd"><td><a href="#m133">init</a></td><td rowspan="10">1538233644398</td><td rowspan="10">0</td></tr><tr class="skippedodd"><td><a href="#m134">init</a></td></tr><tr class="skippedodd"><td><a href="#m135">init</a></td></tr><tr class="skippedodd"><td><a href="#m136">init</a></td></tr><tr class="skippedodd"><td><a href="#m137">init</a></td></tr><tr class="skippedodd"><td><a href="#m138">init</a></td></tr><tr class="skippedodd"><td><a href="#m139">init</a></td></tr><tr class="skippedodd"><td><a href="#m140">init</a></td></tr><tr class="skippedodd"><td><a href="#m141">init</a></td></tr><tr class="skippedodd"><td><a href="#m142">init</a></td></tr><tr class="skippedodd"><td><a href="#m143">setUp</a></td><td rowspan="9">1538233644403</td><td rowspan="9">0</td></tr><tr class="skippedodd"><td><a href="#m144">setUp</a></td></tr><tr class="skippedodd"><td><a href="#m145">setUp</a></td></tr><tr class="skippedodd"><td><a href="#m146">setUp</a></td></tr><tr class="skippedodd"><td><a href="#m147">setUp</a></td></tr><tr class="skippedodd"><td><a href="#m148">setUp</a></td></tr><tr class="skippedodd"><td><a href="#m149">setUp</a></td></tr><tr class="skippedodd"><td><a href="#m150">setUp</a></td></tr><tr class="skippedodd"><td><a href="#m151">setUp</a></td></tr><tr class="skippedodd"><td><a href="#m152">startExtent</a></td><td rowspan="10">1538233644399</td><td rowspan="10">0</td></tr><tr class="skippedodd"><td><a href="#m153">startExtent</a></td></tr><tr class="skippedodd"><td><a href="#m154">startExtent</a></td></tr><tr class="skippedodd"><td><a href="#m155">startExtent</a></td></tr><tr class="skippedodd"><td><a href="#m156">startExtent</a></td></tr><tr class="skippedodd"><td><a href="#m157">startExtent</a></td></tr><tr class="skippedodd"><td><a href="#m158">startExtent</a></td></tr><tr class="skippedodd"><td><a href="#m159">startExtent</a></td></tr><tr class="skippedodd"><td><a href="#m160">startExtent</a></td></tr><tr class="skippedodd"><td><a href="#m161">startExtent</a></td></tr><tr class="skippedeven"><td rowspan="19">Search.PersonalTextOptionPageTest</td><td><a href="#m162">afterEachTestMethod</a></td><td rowspan="5">1538233644421</td><td rowspan="5">0</td></tr><tr class="skippedeven"><td><a href="#m163">afterEachTestMethod</a></td></tr><tr class="skippedeven"><td><a href="#m164">afterEachTestMethod</a></td></tr><tr class="skippedeven"><td><a href="#m165">afterEachTestMethod</a></td></tr><tr class="skippedeven"><td><a href="#m166">afterEachTestMethod</a></td></tr><tr class="skippedeven"><td><a href="#m167">initelement</a></td><td rowspan="5">1538233644421</td><td rowspan="5">0</td></tr><tr class="skippedeven"><td><a href="#m168">initelement</a></td></tr><tr class="skippedeven"><td><a href="#m169">initelement</a></td></tr><tr class="skippedeven"><td><a href="#m170">initelement</a></td></tr><tr class="skippedeven"><td><a href="#m171">initelement</a></td></tr><tr class="skippedeven"><td><a href="#m172">setUp</a></td><td rowspan="4">1538233644421</td><td rowspan="4">0</td></tr><tr class="skippedeven"><td><a href="#m173">setUp</a></td></tr><tr class="skippedeven"><td><a href="#m174">setUp</a></td></tr><tr class="skippedeven"><td><a href="#m175">setUp</a></td></tr><tr class="skippedeven"><td><a href="#m176">startExtent</a></td><td rowspan="5">1538233644419</td><td rowspan="5">0</td></tr><tr class="skippedeven"><td><a href="#m177">startExtent</a></td></tr><tr class="skippedeven"><td><a href="#m178">startExtent</a></td></tr><tr class="skippedeven"><td><a href="#m179">startExtent</a></td></tr><tr class="skippedeven"><td><a href="#m180">startExtent</a></td></tr><tr><th colspan="4">Surefire test &#8212; skipped</th></tr><tr class="skippedeven"><td rowspan="2">Search.ATMBranchPageTest</td><td><a href="#m181">BrowseByState_Test</a></td><td rowspan="1">1538233644412</td><td rowspan="1">0</td></tr><tr class="skippedeven"><td><a href="#m182">TextInput_Test</a></td><td rowspan="1">1538233644412</td><td rowspan="1">0</td></tr><tr class="skippedodd"><td rowspan="2">Search.AboutTextOptionPageTest</td><td><a href="#m183">SantanderBankUni_Test</a></td><td rowspan="1">1538233644415</td><td rowspan="1">0</td></tr><tr class="skippedodd"><td><a href="#m184">WhoWeAre_Test</a></td><td rowspan="1">1538233644415</td><td rowspan="1">0</td></tr><tr class="skippedeven"><td rowspan="3">Search.BusinessTextOptionPageTest</td><td><a href="#m185">Banking_Test</a></td><td rowspan="1">1538233644408</td><td rowspan="1">0</td></tr><tr class="skippedeven"><td><a href="#m186">Borrowing_Test</a></td><td rowspan="1">1538233644409</td><td rowspan="1">0</td></tr><tr class="skippedeven"><td><a href="#m187">BusinessFirst_Test</a></td><td rowspan="1">1538233644409</td><td rowspan="1">0</td></tr><tr class="skippedodd"><td rowspan="2">Search.CorporateTextOptionPageTest</td><td><a href="#m188">CorporateCapabilities_Test</a></td><td rowspan="1">1538233644424</td><td rowspan="1">0</td></tr><tr class="skippedodd"><td><a href="#m189">StanderderPrespectives_Test</a></td><td rowspan="1">1538233644424</td><td rowspan="1">0</td></tr><tr class="skippedeven"><td rowspan="21">Search.HomePageTest</td><td><a href="#m190">ATM_BranchLocation_Test</a></td><td rowspan="1">1538233644427</td><td rowspan="1">0</td></tr><tr class="skippedeven"><td><a href="#m191">About_Textoption_Test</a></td><td rowspan="1">1538233644428</td><td rowspan="1">0</td></tr><tr class="skippedeven"><td><a href="#m192">Business_Textoption_Test</a></td><td rowspan="1">1538233644429</td><td rowspan="1">0</td></tr><tr class="skippedeven"><td><a href="#m193">Contact_us_Header_Test</a></td><td rowspan="1">1538233644430</td><td rowspan="1">0</td></tr><tr class="skippedeven"><td><a href="#m194">Corporate_Textoption_Test</a></td><td rowspan="1">1538233644430</td><td rowspan="1">0</td></tr><tr class="skippedeven"><td><a href="#m195">DIGI_BANKING_Test</a></td><td rowspan="1">1538233644431</td><td rowspan="1">0</td></tr><tr class="skippedeven"><td><a href="#m196">DragDrop2</a></td><td rowspan="1">1538233644432</td><td rowspan="1">0</td></tr><tr class="skippedeven"><td><a href="#m197">Find_location_near_you_Test</a></td><td rowspan="1">1538233644432</td><td rowspan="1">0</td></tr><tr class="skippedeven"><td><a href="#m198">Header_Taeget_Test</a></td><td rowspan="1">1538233644435</td><td rowspan="1">0</td></tr><tr class="skippedeven"><td><a href="#m199">Home_Header_Test</a></td><td rowspan="1">1538233644435</td><td rowspan="1">0</td></tr><tr class="skippedeven"><td><a href="#m200">How_to_Overcome_Anxiety_article_link_Test</a></td><td rowspan="1">1538233644436</td><td rowspan="1">0</td></tr><tr class="skippedeven"><td><a href="#m201">Login_Test</a></td><td rowspan="1">1538233644436</td><td rowspan="1">0</td></tr><tr class="skippedeven"><td><a href="#m202">Personal_Textoption_Test</a></td><td rowspan="1">1538233644437</td><td rowspan="1">0</td></tr><tr class="skippedeven"><td><a href="#m203">Privacy_policy_Header_Test</a></td><td rowspan="1">1538233644438</td><td rowspan="1">0</td></tr><tr class="skippedeven"><td><a href="#m204">STU_VALUE_CHEK_Test</a></td><td rowspan="1">1538233644439</td><td rowspan="1">0</td></tr><tr class="skippedeven"><td><a href="#m205">Terms_of_use_Header_Test</a></td><td rowspan="1">1538233644439</td><td rowspan="1">0</td></tr><tr class="skippedeven"><td><a href="#m206">The_ABCs_of_the_HELOC_article_link_Test</a></td><td rowspan="1">1538233644440</td><td rowspan="1">0</td></tr><tr class="skippedeven"><td><a href="#m207">ULT_cash_back_creditcard_grouplink_Test</a></td><td rowspan="1">1538233644441</td><td rowspan="1">0</td></tr><tr class="skippedeven"><td><a href="#m208">top_10_credit_tips_article_link_Test</a></td><td rowspan="1">1538233644442</td><td rowspan="1">0</td></tr><tr class="skippedeven"><td><a href="#m209">top_5_text_email_mobile_alert_article_link_Test</a></td><td rowspan="1">1538233644443</td><td rowspan="1">0</td></tr><tr class="skippedeven"><td><a href="#m210">top_9_Ways_to_Save_Serious_$_article_link_Test</a></td><td rowspan="1">1538233644443</td><td rowspan="1">0</td></tr><tr class="skippedodd"><td rowspan="1">Search.LoginPageTest</td><td><a href="#m211">signIn</a></td><td rowspan="1">1538233644453</td><td rowspan="1">0</td></tr><tr class="skippedeven"><td rowspan="10">Search.PageSearch_option_attempt_Test</td><td><a href="#m212">ClassBody</a></td><td rowspan="1">1538233644397</td><td rowspan="1">0</td></tr><tr class="skippedeven"><td><a href="#m213">Hovermenu</a></td><td rowspan="1">1538233644398</td><td rowspan="1">0</td></tr><tr class="skippedeven"><td><a href="#m214">SearchPage</a></td><td rowspan="1">1538233644398</td><td rowspan="1">0</td></tr><tr class="skippedeven"><td><a href="#m215">TermsofUse</a></td><td rowspan="1">1538233644399</td><td rowspan="1">0</td></tr><tr class="skippedeven"><td><a href="#m216">aTMLocation</a></td><td rowspan="1">1538233644400</td><td rowspan="1">0</td></tr><tr class="skippedeven"><td><a href="#m217">business</a></td><td rowspan="1">1538233644401</td><td rowspan="1">0</td></tr><tr class="skippedeven"><td><a href="#m218">contactus</a></td><td rowspan="1">1538233644401</td><td rowspan="1">0</td></tr><tr class="skippedeven"><td><a href="#m219">findATM</a></td><td rowspan="1">1538233644402</td><td rowspan="1">0</td></tr><tr class="skippedeven"><td><a href="#m220">mortgageLending</a></td><td rowspan="1">1538233644403</td><td rowspan="1">0</td></tr><tr class="skippedeven"><td><a href="#m221">privacypolicy</a></td><td rowspan="1">1538233644403</td><td rowspan="1">0</td></tr><tr class="skippedodd"><td rowspan="5">Search.PersonalTextOptionPageTest</td><td><a href="#m222">Banking_Test</a></td><td rowspan="1">1538233644418</td><td rowspan="1">0</td></tr><tr class="skippedodd"><td><a href="#m223">Borrowing_Test</a></td><td rowspan="1">1538233644419</td><td rowspan="1">0</td></tr><tr class="skippedodd"><td><a href="#m224">CreditCard_Test</a></td><td rowspan="1">1538233644420</td><td rowspan="1">0</td></tr><tr class="skippedodd"><td><a href="#m225">InvestmentandProtections_Test</a></td><td rowspan="1">1538233644420</td><td rowspan="1">0</td></tr><tr class="skippedodd"><td><a href="#m226">ProsperandThrives_Test</a></td><td rowspan="1">1538233644421</td><td rowspan="1">0</td></tr></tbody>
</table>
<h2>Surefire test</h2><h3 id="m0">Search.ATMBranchPageTest#setUp</h3><table class="result"><tr class="param"><th>Parameter #1</th><th>Parameter #2</th><th>Parameter #3</th><th>Parameter #4</th><th>Parameter #5</th><th>Parameter #6</th><th>Parameter #7</th></tr><tr class="param stripe"><td>false</td><td>false</td><td>OS X</td><td>10</td><td>chrome-options</td><td>34</td><td>https://www.santanderbank.com/us/personal</td></tr><tr><th colspan="7">Exception</th></tr><tr><td colspan="7"><div class="stacktrace">java.lang.IllegalStateException: The driver executable does not exist: /Users/URMI/Desktop/GroupBlueFrameWork/Generic/DriversForBrowser/chromedriver
	at com.google.common.base.Preconditions.checkState(Preconditions.java:585)
	at org.openqa.selenium.remote.service.DriverService.checkExecutable(DriverService.java:137)
	at org.openqa.selenium.remote.service.DriverService.findExecutable(DriverService.java:132)
	at org.openqa.selenium.chrome.ChromeDriverService.access$000(ChromeDriverService.java:35)
	at org.openqa.selenium.chrome.ChromeDriverService$Builder.findDefaultExecutable(ChromeDriverService.java:156)
	at org.openqa.selenium.remote.service.DriverService$Builder.build(DriverService.java:346)
	at org.openqa.selenium.chrome.ChromeDriverService.createDefaultService(ChromeDriverService.java:91)
	at org.openqa.selenium.chrome.ChromeDriver.&lt;init&gt;(ChromeDriver.java:157)
	at base.ReusableAPI.getLocalDriver(ReusableAPI.java:78)
	at base.ReusableAPI.setUp(ReusableAPI.java:55)
... Removed 33 stack frames</div></td></tr></table><p class="totop"><a href="#summary">back to summary</a></p>
<h3 id="m1">Search.AboutTextOptionPageTest#setUp</h3><table class="result"><tr class="param"><th>Parameter #1</th><th>Parameter #2</th><th>Parameter #3</th><th>Parameter #4</th><th>Parameter #5</th><th>Parameter #6</th><th>Parameter #7</th></tr><tr class="param stripe"><td>false</td><td>false</td><td>OS X</td><td>10</td><td>chrome-options</td><td>34</td><td>https://www.santanderbank.com/us/personal</td></tr><tr><th colspan="7">Exception</th></tr><tr><td colspan="7"><div class="stacktrace">java.lang.IllegalStateException: The driver executable does not exist: /Users/URMI/Desktop/GroupBlueFrameWork/Generic/DriversForBrowser/chromedriver
	at com.google.common.base.Preconditions.checkState(Preconditions.java:585)
	at org.openqa.selenium.remote.service.DriverService.checkExecutable(DriverService.java:137)
	at org.openqa.selenium.remote.service.DriverService.findExecutable(DriverService.java:132)
	at org.openqa.selenium.chrome.ChromeDriverService.access$000(ChromeDriverService.java:35)
	at org.openqa.selenium.chrome.ChromeDriverService$Builder.findDefaultExecutable(ChromeDriverService.java:156)
	at org.openqa.selenium.remote.service.DriverService$Builder.build(DriverService.java:346)
	at org.openqa.selenium.chrome.ChromeDriverService.createDefaultService(ChromeDriverService.java:91)
	at org.openqa.selenium.chrome.ChromeDriver.&lt;init&gt;(ChromeDriver.java:157)
	at base.ReusableAPI.getLocalDriver(ReusableAPI.java:78)
	at base.ReusableAPI.setUp(ReusableAPI.java:55)
... Removed 33 stack frames</div></td></tr></table><p class="totop"><a href="#summary">back to summary</a></p>
<h3 id="m2">Search.BusinessTextOptionPageTest#setUp</h3><table class="result"><tr class="param"><th>Parameter #1</th><th>Parameter #2</th><th>Parameter #3</th><th>Parameter #4</th><th>Parameter #5</th><th>Parameter #6</th><th>Parameter #7</th></tr><tr class="param stripe"><td>false</td><td>false</td><td>OS X</td><td>10</td><td>chrome-options</td><td>34</td><td>https://www.santanderbank.com/us/personal</td></tr><tr><th colspan="7">Exception</th></tr><tr><td colspan="7"><div class="stacktrace">java.lang.IllegalStateException: The driver executable does not exist: /Users/URMI/Desktop/GroupBlueFrameWork/Generic/DriversForBrowser/chromedriver
	at com.google.common.base.Preconditions.checkState(Preconditions.java:585)
	at org.openqa.selenium.remote.service.DriverService.checkExecutable(DriverService.java:137)
	at org.openqa.selenium.remote.service.DriverService.findExecutable(DriverService.java:132)
	at org.openqa.selenium.chrome.ChromeDriverService.access$000(ChromeDriverService.java:35)
	at org.openqa.selenium.chrome.ChromeDriverService$Builder.findDefaultExecutable(ChromeDriverService.java:156)
	at org.openqa.selenium.remote.service.DriverService$Builder.build(DriverService.java:346)
	at org.openqa.selenium.chrome.ChromeDriverService.createDefaultService(ChromeDriverService.java:91)
	at org.openqa.selenium.chrome.ChromeDriver.&lt;init&gt;(ChromeDriver.java:157)
	at base.ReusableAPI.getLocalDriver(ReusableAPI.java:78)
	at base.ReusableAPI.setUp(ReusableAPI.java:55)
... Removed 33 stack frames</div></td></tr></table><p class="totop"><a href="#summary">back to summary</a></p>
<h3 id="m3">Search.CorporateTextOptionPageTest#setUp</h3><table class="result"><tr class="param"><th>Parameter #1</th><th>Parameter #2</th><th>Parameter #3</th><th>Parameter #4</th><th>Parameter #5</th><th>Parameter #6</th><th>Parameter #7</th></tr><tr class="param stripe"><td>false</td><td>false</td><td>OS X</td><td>10</td><td>chrome-options</td><td>34</td><td>https://www.santanderbank.com/us/personal</td></tr><tr><th colspan="7">Exception</th></tr><tr><td colspan="7"><div class="stacktrace">java.lang.IllegalStateException: The driver executable does not exist: /Users/URMI/Desktop/GroupBlueFrameWork/Generic/DriversForBrowser/chromedriver
	at com.google.common.base.Preconditions.checkState(Preconditions.java:585)
	at org.openqa.selenium.remote.service.DriverService.checkExecutable(DriverService.java:137)
	at org.openqa.selenium.remote.service.DriverService.findExecutable(DriverService.java:132)
	at org.openqa.selenium.chrome.ChromeDriverService.access$000(ChromeDriverService.java:35)
	at org.openqa.selenium.chrome.ChromeDriverService$Builder.findDefaultExecutable(ChromeDriverService.java:156)
	at org.openqa.selenium.remote.service.DriverService$Builder.build(DriverService.java:346)
	at org.openqa.selenium.chrome.ChromeDriverService.createDefaultService(ChromeDriverService.java:91)
	at org.openqa.selenium.chrome.ChromeDriver.&lt;init&gt;(ChromeDriver.java:157)
	at base.ReusableAPI.getLocalDriver(ReusableAPI.java:78)
	at base.ReusableAPI.setUp(ReusableAPI.java:55)
... Removed 33 stack frames</div></td></tr></table><p class="totop"><a href="#summary">back to summary</a></p>
<h3 id="m4">Search.HomePageTest#setUp</h3><table class="result"><tr class="param"><th>Parameter #1</th><th>Parameter #2</th><th>Parameter #3</th><th>Parameter #4</th><th>Parameter #5</th><th>Parameter #6</th><th>Parameter #7</th></tr><tr class="param stripe"><td>false</td><td>false</td><td>OS X</td><td>10</td><td>chrome-options</td><td>34</td><td>https://www.santanderbank.com/us/personal</td></tr><tr><th colspan="7">Exception</th></tr><tr><td colspan="7"><div class="stacktrace">java.lang.IllegalStateException: The driver executable does not exist: /Users/URMI/Desktop/GroupBlueFrameWork/Generic/DriversForBrowser/chromedriver
	at com.google.common.base.Preconditions.checkState(Preconditions.java:585)
	at org.openqa.selenium.remote.service.DriverService.checkExecutable(DriverService.java:137)
	at org.openqa.selenium.remote.service.DriverService.findExecutable(DriverService.java:132)
	at org.openqa.selenium.chrome.ChromeDriverService.access$000(ChromeDriverService.java:35)
	at org.openqa.selenium.chrome.ChromeDriverService$Builder.findDefaultExecutable(ChromeDriverService.java:156)
	at org.openqa.selenium.remote.service.DriverService$Builder.build(DriverService.java:346)
	at org.openqa.selenium.chrome.ChromeDriverService.createDefaultService(ChromeDriverService.java:91)
	at org.openqa.selenium.chrome.ChromeDriver.&lt;init&gt;(ChromeDriver.java:157)
	at base.ReusableAPI.getLocalDriver(ReusableAPI.java:78)
	at base.ReusableAPI.setUp(ReusableAPI.java:55)
... Removed 33 stack frames</div></td></tr></table><p class="totop"><a href="#summary">back to summary</a></p>
<h3 id="m5">Search.PageSearch_option_attempt_Test#setUp</h3><table class="result"><tr class="param"><th>Parameter #1</th><th>Parameter #2</th><th>Parameter #3</th><th>Parameter #4</th><th>Parameter #5</th><th>Parameter #6</th><th>Parameter #7</th></tr><tr class="param stripe"><td>false</td><td>false</td><td>OS X</td><td>10</td><td>chrome-options</td><td>34</td><td>https://www.santanderbank.com/us/personal</td></tr><tr><th colspan="7">Exception</th></tr><tr><td colspan="7"><div class="stacktrace">java.lang.IllegalStateException: The driver executable does not exist: /Users/URMI/Desktop/GroupBlueFrameWork/Generic/DriversForBrowser/chromedriver
	at com.google.common.base.Preconditions.checkState(Preconditions.java:585)
	at org.openqa.selenium.remote.service.DriverService.checkExecutable(DriverService.java:137)
	at org.openqa.selenium.remote.service.DriverService.findExecutable(DriverService.java:132)
	at org.openqa.selenium.chrome.ChromeDriverService.access$000(ChromeDriverService.java:35)
	at org.openqa.selenium.chrome.ChromeDriverService$Builder.findDefaultExecutable(ChromeDriverService.java:156)
	at org.openqa.selenium.remote.service.DriverService$Builder.build(DriverService.java:346)
	at org.openqa.selenium.chrome.ChromeDriverService.createDefaultService(ChromeDriverService.java:91)
	at org.openqa.selenium.chrome.ChromeDriver.&lt;init&gt;(ChromeDriver.java:157)
	at base.ReusableAPI.getLocalDriver(ReusableAPI.java:78)
	at base.ReusableAPI.setUp(ReusableAPI.java:55)
... Removed 33 stack frames</div></td></tr></table><p class="totop"><a href="#summary">back to summary</a></p>
<h3 id="m6">Search.PersonalTextOptionPageTest#setUp</h3><table class="result"><tr class="param"><th>Parameter #1</th><th>Parameter #2</th><th>Parameter #3</th><th>Parameter #4</th><th>Parameter #5</th><th>Parameter #6</th><th>Parameter #7</th></tr><tr class="param stripe"><td>false</td><td>false</td><td>OS X</td><td>10</td><td>chrome-options</td><td>34</td><td>https://www.santanderbank.com/us/personal</td></tr><tr><th colspan="7">Exception</th></tr><tr><td colspan="7"><div class="stacktrace">java.lang.IllegalStateException: The driver executable does not exist: /Users/URMI/Desktop/GroupBlueFrameWork/Generic/DriversForBrowser/chromedriver
	at com.google.common.base.Preconditions.checkState(Preconditions.java:585)
	at org.openqa.selenium.remote.service.DriverService.checkExecutable(DriverService.java:137)
	at org.openqa.selenium.remote.service.DriverService.findExecutable(DriverService.java:132)
	at org.openqa.selenium.chrome.ChromeDriverService.access$000(ChromeDriverService.java:35)
	at org.openqa.selenium.chrome.ChromeDriverService$Builder.findDefaultExecutable(ChromeDriverService.java:156)
	at org.openqa.selenium.remote.service.DriverService$Builder.build(DriverService.java:346)
	at org.openqa.selenium.chrome.ChromeDriverService.createDefaultService(ChromeDriverService.java:91)
	at org.openqa.selenium.chrome.ChromeDriver.&lt;init&gt;(ChromeDriver.java:157)
	at base.ReusableAPI.getLocalDriver(ReusableAPI.java:78)
	at base.ReusableAPI.setUp(ReusableAPI.java:55)
... Removed 33 stack frames</div></td></tr></table><p class="totop"><a href="#summary">back to summary</a></p>
<h3 id="m7">Search.ATMBranchPageTest#afterEachTestMethod</h3><table class="result"><tr><th class="invisible"/></tr></table><p class="totop"><a href="#summary">back to summary</a></p>
<h3 id="m8">Search.ATMBranchPageTest#afterEachTestMethod</h3><table class="result"><tr><th class="invisible"/></tr></table><p class="totop"><a href="#summary">back to summary</a></p>
<h3 id="m9">Search.ATMBranchPageTest#initelement</h3><table class="result"><tr><th class="invisible"/></tr></table><p class="totop"><a href="#summary">back to summary</a></p>
<h3 id="m10">Search.ATMBranchPageTest#initelement</h3><table class="result"><tr><th class="invisible"/></tr></table><p class="totop"><a href="#summary">back to summary</a></p>
<h3 id="m11">Search.ATMBranchPageTest#setUp</h3><table class="result"><tr><th class="invisible"/></tr></table><p class="totop"><a href="#summary">back to summary</a></p>
<h3 id="m12">Search.ATMBranchPageTest#startExtent</h3><table class="result"><tr><th class="invisible"/></tr></table><p class="totop"><a href="#summary">back to summary</a></p>
<h3 id="m13">Search.ATMBranchPageTest#startExtent</h3><table class="result"><tr><th class="invisible"/></tr></table><p class="totop"><a href="#summary">back to summary</a></p>
<h3 id="m14">Search.AboutTextOptionPageTest#afterEachTestMethod</h3><table class="result"><tr><th class="invisible"/></tr></table><p class="totop"><a href="#summary">back to summary</a></p>
<h3 id="m15">Search.AboutTextOptionPageTest#afterEachTestMethod</h3><table class="result"><tr><th class="invisible"/></tr></table><p class="totop"><a href="#summary">back to summary</a></p>
<h3 id="m16">Search.AboutTextOptionPageTest#initelement</h3><table class="result"><tr><th class="invisible"/></tr></table><p class="totop"><a href="#summary">back to summary</a></p>
<h3 id="m17">Search.AboutTextOptionPageTest#initelement</h3><table class="result"><tr><th class="invisible"/></tr></table><p class="totop"><a href="#summary">back to summary</a></p>
<h3 id="m18">Search.AboutTextOptionPageTest#setUp</h3><table class="result"><tr><th class="invisible"/></tr></table><p class="totop"><a href="#summary">back to summary</a></p>
<h3 id="m19">Search.AboutTextOptionPageTest#startExtent</h3><table class="result"><tr><th class="invisible"/></tr></table><p class="totop"><a href="#summary">back to summary</a></p>
<h3 id="m20">Search.AboutTextOptionPageTest#startExtent</h3><table class="result"><tr><th class="invisible"/></tr></table><p class="totop"><a href="#summary">back to summary</a></p>
<h3 id="m21">Search.BusinessTextOptionPageTest#afterEachTestMethod</h3><table class="result"><tr><th class="invisible"/></tr></table><p class="totop"><a href="#summary">back to summary</a></p>
<h3 id="m22">Search.BusinessTextOptionPageTest#afterEachTestMethod</h3><table class="result"><tr><th class="invisible"/></tr></table><p class="totop"><a href="#summary">back to summary</a></p>
<h3 id="m23">Search.BusinessTextOptionPageTest#afterEachTestMethod</h3><table class="result"><tr><th class="invisible"/></tr></table><p class="totop"><a href="#summary">back to summary</a></p>
<h3 id="m24">Search.BusinessTextOptionPageTest#initelement</h3><table class="result"><tr><th class="invisible"/></tr></table><p class="totop"><a href="#summary">back to summary</a></p>
<h3 id="m25">Search.BusinessTextOptionPageTest#initelement</h3><table class="result"><tr><th class="invisible"/></tr></table><p class="totop"><a href="#summary">back to summary</a></p>
<h3 id="m26">Search.BusinessTextOptionPageTest#initelement</h3><table class="result"><tr><th class="invisible"/></tr></table><p class="totop"><a href="#summary">back to summary</a></p>
<h3 id="m27">Search.BusinessTextOptionPageTest#setUp</h3><table class="result"><tr><th class="invisible"/></tr></table><p class="totop"><a href="#summary">back to summary</a></p>
<h3 id="m28">Search.BusinessTextOptionPageTest#setUp</h3><table class="result"><tr><th class="invisible"/></tr></table><p class="totop"><a href="#summary">back to summary</a></p>
<h3 id="m29">Search.BusinessTextOptionPageTest#startExtent</h3><table class="result"><tr><th class="invisible"/></tr></table><p class="totop"><a href="#summary">back to summary</a></p>
<h3 id="m30">Search.BusinessTextOptionPageTest#startExtent</h3><table class="result"><tr><th class="invisible"/></tr></table><p class="totop"><a href="#summary">back to summary</a></p>
<h3 id="m31">Search.BusinessTextOptionPageTest#startExtent</h3><table class="result"><tr><th class="invisible"/></tr></table><p class="totop"><a href="#summary">back to summary</a></p>
<h3 id="m32">Search.CorporateTextOptionPageTest#afterEachTestMethod</h3><table class="result"><tr><th class="invisible"/></tr></table><p class="totop"><a href="#summary">back to summary</a></p>
<h3 id="m33">Search.CorporateTextOptionPageTest#afterEachTestMethod</h3><table class="result"><tr><th class="invisible"/></tr></table><p class="totop"><a href="#summary">back to summary</a></p>
<h3 id="m34">Search.CorporateTextOptionPageTest#initelement</h3><table class="result"><tr><th class="invisible"/></tr></table><p class="totop"><a href="#summary">back to summary</a></p>
<h3 id="m35">Search.CorporateTextOptionPageTest#initelement</h3><table class="result"><tr><th class="invisible"/></tr></table><p class="totop"><a href="#summary">back to summary</a></p>
<h3 id="m36">Search.CorporateTextOptionPageTest#setUp</h3><table class="result"><tr><th class="invisible"/></tr></table><p class="totop"><a href="#summary">back to summary</a></p>
<h3 id="m37">Search.CorporateTextOptionPageTest#startExtent</h3><table class="result"><tr><th class="invisible"/></tr></table><p class="totop"><a href="#summary">back to summary</a></p>
<h3 id="m38">Search.CorporateTextOptionPageTest#startExtent</h3><table class="result"><tr><th class="invisible"/></tr></table><p class="totop"><a href="#summary">back to summary</a></p>
<h3 id="m39">Search.HomePageTest#afterEachTestMethod</h3><table class="result"><tr><th class="invisible"/></tr></table><p class="totop"><a href="#summary">back to summary</a></p>
<h3 id="m40">Search.HomePageTest#afterEachTestMethod</h3><table class="result"><tr><th class="invisible"/></tr></table><p class="totop"><a href="#summary">back to summary</a></p>
<h3 id="m41">Search.HomePageTest#afterEachTestMethod</h3><table class="result"><tr><th class="invisible"/></tr></table><p class="totop"><a href="#summary">back to summary</a></p>
<h3 id="m42">Search.HomePageTest#afterEachTestMethod</h3><table class="result"><tr><th class="invisible"/></tr></table><p class="totop"><a href="#summary">back to summary</a></p>
<h3 id="m43">Search.HomePageTest#afterEachTestMethod</h3><table class="result"><tr><th class="invisible"/></tr></table><p class="totop"><a href="#summary">back to summary</a></p>
<h3 id="m44">Search.HomePageTest#afterEachTestMethod</h3><table class="result"><tr><th class="invisible"/></tr></table><p class="totop"><a href="#summary">back to summary</a></p>
<h3 id="m45">Search.HomePageTest#afterEachTestMethod</h3><table class="result"><tr><th class="invisible"/></tr></table><p class="totop"><a href="#summary">back to summary</a></p>
<h3 id="m46">Search.HomePageTest#afterEachTestMethod</h3><table class="result"><tr><th class="invisible"/></tr></table><p class="totop"><a href="#summary">back to summary</a></p>
<h3 id="m47">Search.HomePageTest#afterEachTestMethod</h3><table class="result"><tr><th class="invisible"/></tr></table><p class="totop"><a href="#summary">back to summary</a></p>
<h3 id="m48">Search.HomePageTest#afterEachTestMethod</h3><table class="result"><tr><th class="invisible"/></tr></table><p class="totop"><a href="#summary">back to summary</a></p>
<h3 id="m49">Search.HomePageTest#afterEachTestMethod</h3><table class="result"><tr><th class="invisible"/></tr></table><p class="totop"><a href="#summary">back to summary</a></p>
<h3 id="m50">Search.HomePageTest#afterEachTestMethod</h3><table class="result"><tr><th class="invisible"/></tr></table><p class="totop"><a href="#summary">back to summary</a></p>
<h3 id="m51">Search.HomePageTest#afterEachTestMethod</h3><table class="result"><tr><th class="invisible"/></tr></table><p class="totop"><a href="#summary">back to summary</a></p>
<h3 id="m52">Search.HomePageTest#afterEachTestMethod</h3><table class="result"><tr><th class="invisible"/></tr></table><p class="totop"><a href="#summary">back to summary</a></p>
<h3 id="m53">Search.HomePageTest#afterEachTestMethod</h3><table class="result"><tr><th class="invisible"/></tr></table><p class="totop"><a href="#summary">back to summary</a></p>
<h3 id="m54">Search.HomePageTest#afterEachTestMethod</h3><table class="result"><tr><th class="invisible"/></tr></table><p class="totop"><a href="#summary">back to summary</a></p>
<h3 id="m55">Search.HomePageTest#afterEachTestMethod</h3><table class="result"><tr><th class="invisible"/></tr></table><p class="totop"><a href="#summary">back to summary</a></p>
<h3 id="m56">Search.HomePageTest#afterEachTestMethod</h3><table class="result"><tr><th class="invisible"/></tr></table><p class="totop"><a href="#summary">back to summary</a></p>
<h3 id="m57">Search.HomePageTest#afterEachTestMethod</h3><table class="result"><tr><th class="invisible"/></tr></table><p class="totop"><a href="#summary">back to summary</a></p>
<h3 id="m58">Search.HomePageTest#afterEachTestMethod</h3><table class="result"><tr><th class="invisible"/></tr></table><p class="totop"><a href="#summary">back to summary</a></p>
<h3 id="m59">Search.HomePageTest#afterEachTestMethod</h3><table class="result"><tr><th class="invisible"/></tr></table><p class="totop"><a href="#summary">back to summary</a></p>
<h3 id="m60">Search.HomePageTest#initializing</h3><table class="result"><tr><th class="invisible"/></tr></table><p class="totop"><a href="#summary">back to summary</a></p>
<h3 id="m61">Search.HomePageTest#initializing</h3><table class="result"><tr><th class="invisible"/></tr></table><p class="totop"><a href="#summary">back to summary</a></p>
<h3 id="m62">Search.HomePageTest#initializing</h3><table class="result"><tr><th class="invisible"/></tr></table><p class="totop"><a href="#summary">back to summary</a></p>
<h3 id="m63">Search.HomePageTest#initializing</h3><table class="result"><tr><th class="invisible"/></tr></table><p class="totop"><a href="#summary">back to summary</a></p>
<h3 id="m64">Search.HomePageTest#initializing</h3><table class="result"><tr><th class="invisible"/></tr></table><p class="totop"><a href="#summary">back to summary</a></p>
<h3 id="m65">Search.HomePageTest#initializing</h3><table class="result"><tr><th class="invisible"/></tr></table><p class="totop"><a href="#summary">back to summary</a></p>
<h3 id="m66">Search.HomePageTest#initializing</h3><table class="result"><tr><th class="invisible"/></tr></table><p class="totop"><a href="#summary">back to summary</a></p>
<h3 id="m67">Search.HomePageTest#initializing</h3><table class="result"><tr><th class="invisible"/></tr></table><p class="totop"><a href="#summary">back to summary</a></p>
<h3 id="m68">Search.HomePageTest#initializing</h3><table class="result"><tr><th class="invisible"/></tr></table><p class="totop"><a href="#summary">back to summary</a></p>
<h3 id="m69">Search.HomePageTest#initializing</h3><table class="result"><tr><th class="invisible"/></tr></table><p class="totop"><a href="#summary">back to summary</a></p>
<h3 id="m70">Search.HomePageTest#initializing</h3><table class="result"><tr><th class="invisible"/></tr></table><p class="totop"><a href="#summary">back to summary</a></p>
<h3 id="m71">Search.HomePageTest#initializing</h3><table class="result"><tr><th class="invisible"/></tr></table><p class="totop"><a href="#summary">back to summary</a></p>
<h3 id="m72">Search.HomePageTest#initializing</h3><table class="result"><tr><th class="invisible"/></tr></table><p class="totop"><a href="#summary">back to summary</a></p>
<h3 id="m73">Search.HomePageTest#initializing</h3><table class="result"><tr><th class="invisible"/></tr></table><p class="totop"><a href="#summary">back to summary</a></p>
<h3 id="m74">Search.HomePageTest#initializing</h3><table class="result"><tr><th class="invisible"/></tr></table><p class="totop"><a href="#summary">back to summary</a></p>
<h3 id="m75">Search.HomePageTest#initializing</h3><table class="result"><tr><th class="invisible"/></tr></table><p class="totop"><a href="#summary">back to summary</a></p>
<h3 id="m76">Search.HomePageTest#initializing</h3><table class="result"><tr><th class="invisible"/></tr></table><p class="totop"><a href="#summary">back to summary</a></p>
<h3 id="m77">Search.HomePageTest#initializing</h3><table class="result"><tr><th class="invisible"/></tr></table><p class="totop"><a href="#summary">back to summary</a></p>
<h3 id="m78">Search.HomePageTest#initializing</h3><table class="result"><tr><th class="invisible"/></tr></table><p class="totop"><a href="#summary">back to summary</a></p>
<h3 id="m79">Search.HomePageTest#initializing</h3><table class="result"><tr><th class="invisible"/></tr></table><p class="totop"><a href="#summary">back to summary</a></p>
<h3 id="m80">Search.HomePageTest#initializing</h3><table class="result"><tr><th class="invisible"/></tr></table><p class="totop"><a href="#summary">back to summary</a></p>
<h3 id="m81">Search.HomePageTest#setUp</h3><table class="result"><tr><th class="invisible"/></tr></table><p class="totop"><a href="#summary">back to summary</a></p>
<h3 id="m82">Search.HomePageTest#setUp</h3><table class="result"><tr><th class="invisible"/></tr></table><p class="totop"><a href="#summary">back to summary</a></p>
<h3 id="m83">Search.HomePageTest#setUp</h3><table class="result"><tr><th class="invisible"/></tr></table><p class="totop"><a href="#summary">back to summary</a></p>
<h3 id="m84">Search.HomePageTest#setUp</h3><table class="result"><tr><th class="invisible"/></tr></table><p class="totop"><a href="#summary">back to summary</a></p>
<h3 id="m85">Search.HomePageTest#setUp</h3><table class="result"><tr><th class="invisible"/></tr></table><p class="totop"><a href="#summary">back to summary</a></p>
<h3 id="m86">Search.HomePageTest#setUp</h3><table class="result"><tr><th class="invisible"/></tr></table><p class="totop"><a href="#summary">back to summary</a></p>
<h3 id="m87">Search.HomePageTest#setUp</h3><table class="result"><tr><th class="invisible"/></tr></table><p class="totop"><a href="#summary">back to summary</a></p>
<h3 id="m88">Search.HomePageTest#setUp</h3><table class="result"><tr><th class="invisible"/></tr></table><p class="totop"><a href="#summary">back to summary</a></p>
<h3 id="m89">Search.HomePageTest#setUp</h3><table class="result"><tr><th class="invisible"/></tr></table><p class="totop"><a href="#summary">back to summary</a></p>
<h3 id="m90">Search.HomePageTest#setUp</h3><table class="result"><tr><th class="invisible"/></tr></table><p class="totop"><a href="#summary">back to summary</a></p>
<h3 id="m91">Search.HomePageTest#setUp</h3><table class="result"><tr><th class="invisible"/></tr></table><p class="totop"><a href="#summary">back to summary</a></p>
<h3 id="m92">Search.HomePageTest#setUp</h3><table class="result"><tr><th class="invisible"/></tr></table><p class="totop"><a href="#summary">back to summary</a></p>
<h3 id="m93">Search.HomePageTest#setUp</h3><table class="result"><tr><th class="invisible"/></tr></table><p class="totop"><a href="#summary">back to summary</a></p>
<h3 id="m94">Search.HomePageTest#setUp</h3><table class="result"><tr><th class="invisible"/></tr></table><p class="totop"><a href="#summary">back to summary</a></p>
<h3 id="m95">Search.HomePageTest#setUp</h3><table class="result"><tr><th class="invisible"/></tr></table><p class="totop"><a href="#summary">back to summary</a></p>
<h3 id="m96">Search.HomePageTest#setUp</h3><table class="result"><tr><th class="invisible"/></tr></table><p class="totop"><a href="#summary">back to summary</a></p>
<h3 id="m97">Search.HomePageTest#setUp</h3><table class="result"><tr><th class="invisible"/></tr></table><p class="totop"><a href="#summary">back to summary</a></p>
<h3 id="m98">Search.HomePageTest#setUp</h3><table class="result"><tr><th class="invisible"/></tr></table><p class="totop"><a href="#summary">back to summary</a></p>
<h3 id="m99">Search.HomePageTest#setUp</h3><table class="result"><tr><th class="invisible"/></tr></table><p class="totop"><a href="#summary">back to summary</a></p>
<h3 id="m100">Search.HomePageTest#setUp</h3><table class="result"><tr><th class="invisible"/></tr></table><p class="totop"><a href="#summary">back to summary</a></p>
<h3 id="m101">Search.HomePageTest#startExtent</h3><table class="result"><tr><th class="invisible"/></tr></table><p class="totop"><a href="#summary">back to summary</a></p>
<h3 id="m102">Search.HomePageTest#startExtent</h3><table class="result"><tr><th class="invisible"/></tr></table><p class="totop"><a href="#summary">back to summary</a></p>
<h3 id="m103">Search.HomePageTest#startExtent</h3><table class="result"><tr><th class="invisible"/></tr></table><p class="totop"><a href="#summary">back to summary</a></p>
<h3 id="m104">Search.HomePageTest#startExtent</h3><table class="result"><tr><th class="invisible"/></tr></table><p class="totop"><a href="#summary">back to summary</a></p>
<h3 id="m105">Search.HomePageTest#startExtent</h3><table class="result"><tr><th class="invisible"/></tr></table><p class="totop"><a href="#summary">back to summary</a></p>
<h3 id="m106">Search.HomePageTest#startExtent</h3><table class="result"><tr><th class="invisible"/></tr></table><p class="totop"><a href="#summary">back to summary</a></p>
<h3 id="m107">Search.HomePageTest#startExtent</h3><table class="result"><tr><th class="invisible"/></tr></table><p class="totop"><a href="#summary">back to summary</a></p>
<h3 id="m108">Search.HomePageTest#startExtent</h3><table class="result"><tr><th class="invisible"/></tr></table><p class="totop"><a href="#summary">back to summary</a></p>
<h3 id="m109">Search.HomePageTest#startExtent</h3><table class="result"><tr><th class="invisible"/></tr></table><p class="totop"><a href="#summary">back to summary</a></p>
<h3 id="m110">Search.HomePageTest#startExtent</h3><table class="result"><tr><th class="invisible"/></tr></table><p class="totop"><a href="#summary">back to summary</a></p>
<h3 id="m111">Search.HomePageTest#startExtent</h3><table class="result"><tr><th class="invisible"/></tr></table><p class="totop"><a href="#summary">back to summary</a></p>
<h3 id="m112">Search.HomePageTest#startExtent</h3><table class="result"><tr><th class="invisible"/></tr></table><p class="totop"><a href="#summary">back to summary</a></p>
<h3 id="m113">Search.HomePageTest#startExtent</h3><table class="result"><tr><th class="invisible"/></tr></table><p class="totop"><a href="#summary">back to summary</a></p>
<h3 id="m114">Search.HomePageTest#startExtent</h3><table class="result"><tr><th class="invisible"/></tr></table><p class="totop"><a href="#summary">back to summary</a></p>
<h3 id="m115">Search.HomePageTest#startExtent</h3><table class="result"><tr><th class="invisible"/></tr></table><p class="totop"><a href="#summary">back to summary</a></p>
<h3 id="m116">Search.HomePageTest#startExtent</h3><table class="result"><tr><th class="invisible"/></tr></table><p class="totop"><a href="#summary">back to summary</a></p>
<h3 id="m117">Search.HomePageTest#startExtent</h3><table class="result"><tr><th class="invisible"/></tr></table><p class="totop"><a href="#summary">back to summary</a></p>
<h3 id="m118">Search.HomePageTest#startExtent</h3><table class="result"><tr><th class="invisible"/></tr></table><p class="totop"><a href="#summary">back to summary</a></p>
<h3 id="m119">Search.HomePageTest#startExtent</h3><table class="result"><tr><th class="invisible"/></tr></table><p class="totop"><a href="#summary">back to summary</a></p>
<h3 id="m120">Search.HomePageTest#startExtent</h3><table class="result"><tr><th class="invisible"/></tr></table><p class="totop"><a href="#summary">back to summary</a></p>
<h3 id="m121">Search.HomePageTest#startExtent</h3><table class="result"><tr><th class="invisible"/></tr></table><p class="totop"><a href="#summary">back to summary</a></p>
<h3 id="m122">Search.PageSearch_option_attempt_Test#afterEachTestMethod</h3><table class="result"><tr><th class="invisible"/></tr></table><p class="totop"><a href="#summary">back to summary</a></p>
<h3 id="m123">Search.PageSearch_option_attempt_Test#afterEachTestMethod</h3><table class="result"><tr><th class="invisible"/></tr></table><p class="totop"><a href="#summary">back to summary</a></p>
<h3 id="m124">Search.PageSearch_option_attempt_Test#afterEachTestMethod</h3><table class="result"><tr><th class="invisible"/></tr></table><p class="totop"><a href="#summary">back to summary</a></p>
<h3 id="m125">Search.PageSearch_option_attempt_Test#afterEachTestMethod</h3><table class="result"><tr><th class="invisible"/></tr></table><p class="totop"><a href="#summary">back to summary</a></p>
<h3 id="m126">Search.PageSearch_option_attempt_Test#afterEachTestMethod</h3><table class="result"><tr><th class="invisible"/></tr></table><p class="totop"><a href="#summary">back to summary</a></p>
<h3 id="m127">Search.PageSearch_option_attempt_Test#afterEachTestMethod</h3><table class="result"><tr><th class="invisible"/></tr></table><p class="totop"><a href="#summary">back to summary</a></p>
<h3 id="m128">Search.PageSearch_option_attempt_Test#afterEachTestMethod</h3><table class="result"><tr><th class="invisible"/></tr></table><p class="totop"><a href="#summary">back to summary</a></p>
<h3 id="m129">Search.PageSearch_option_attempt_Test#afterEachTestMethod</h3><table class="result"><tr><th class="invisible"/></tr></table><p class="totop"><a href="#summary">back to summary</a></p>
<h3 id="m130">Search.PageSearch_option_attempt_Test#afterEachTestMethod</h3><table class="result"><tr><th class="invisible"/></tr></table><p class="totop"><a href="#summary">back to summary</a></p>
<h3 id="m131">Search.PageSearch_option_attempt_Test#afterEachTestMethod</h3><table class="result"><tr><th class="invisible"/></tr></table><p class="totop"><a href="#summary">back to summary</a></p>
<h3 id="m132">Search.PageSearch_option_attempt_Test#generateReport</h3><table class="result"><tr><th class="invisible"/></tr></table><p class="totop"><a href="#summary">back to summary</a></p>
<h3 id="m133">Search.PageSearch_option_attempt_Test#init</h3><table class="result"><tr><th class="invisible"/></tr></table><p class="totop"><a href="#summary">back to summary</a></p>
<h3 id="m134">Search.PageSearch_option_attempt_Test#init</h3><table class="result"><tr><th class="invisible"/></tr></table><p class="totop"><a href="#summary">back to summary</a></p>
<h3 id="m135">Search.PageSearch_option_attempt_Test#init</h3><table class="result"><tr><th class="invisible"/></tr></table><p class="totop"><a href="#summary">back to summary</a></p>
<h3 id="m136">Search.PageSearch_option_attempt_Test#init</h3><table class="result"><tr><th class="invisible"/></tr></table><p class="totop"><a href="#summary">back to summary</a></p>
<h3 id="m137">Search.PageSearch_option_attempt_Test#init</h3><table class="result"><tr><th class="invisible"/></tr></table><p class="totop"><a href="#summary">back to summary</a></p>
<h3 id="m138">Search.PageSearch_option_attempt_Test#init</h3><table class="result"><tr><th class="invisible"/></tr></table><p class="totop"><a href="#summary">back to summary</a></p>
<h3 id="m139">Search.PageSearch_option_attempt_Test#init</h3><table class="result"><tr><th class="invisible"/></tr></table><p class="totop"><a href="#summary">back to summary</a></p>
<h3 id="m140">Search.PageSearch_option_attempt_Test#init</h3><table class="result"><tr><th class="invisible"/></tr></table><p class="totop"><a href="#summary">back to summary</a></p>
<h3 id="m141">Search.PageSearch_option_attempt_Test#init</h3><table class="result"><tr><th class="invisible"/></tr></table><p class="totop"><a href="#summary">back to summary</a></p>
<h3 id="m142">Search.PageSearch_option_attempt_Test#init</h3><table class="result"><tr><th class="invisible"/></tr></table><p class="totop"><a href="#summary">back to summary</a></p>
<h3 id="m143">Search.PageSearch_option_attempt_Test#setUp</h3><table class="result"><tr><th class="invisible"/></tr></table><p class="totop"><a href="#summary">back to summary</a></p>
<h3 id="m144">Search.PageSearch_option_attempt_Test#setUp</h3><table class="result"><tr><th class="invisible"/></tr></table><p class="totop"><a href="#summary">back to summary</a></p>
<h3 id="m145">Search.PageSearch_option_attempt_Test#setUp</h3><table class="result"><tr><th class="invisible"/></tr></table><p class="totop"><a href="#summary">back to summary</a></p>
<h3 id="m146">Search.PageSearch_option_attempt_Test#setUp</h3><table class="result"><tr><th class="invisible"/></tr></table><p class="totop"><a href="#summary">back to summary</a></p>
<h3 id="m147">Search.PageSearch_option_attempt_Test#setUp</h3><table class="result"><tr><th class="invisible"/></tr></table><p class="totop"><a href="#summary">back to summary</a></p>
<h3 id="m148">Search.PageSearch_option_attempt_Test#setUp</h3><table class="result"><tr><th class="invisible"/></tr></table><p class="totop"><a href="#summary">back to summary</a></p>
<h3 id="m149">Search.PageSearch_option_attempt_Test#setUp</h3><table class="result"><tr><th class="invisible"/></tr></table><p class="totop"><a href="#summary">back to summary</a></p>
<h3 id="m150">Search.PageSearch_option_attempt_Test#setUp</h3><table class="result"><tr><th class="invisible"/></tr></table><p class="totop"><a href="#summary">back to summary</a></p>
<h3 id="m151">Search.PageSearch_option_attempt_Test#setUp</h3><table class="result"><tr><th class="invisible"/></tr></table><p class="totop"><a href="#summary">back to summary</a></p>
<h3 id="m152">Search.PageSearch_option_attempt_Test#startExtent</h3><table class="result"><tr><th class="invisible"/></tr></table><p class="totop"><a href="#summary">back to summary</a></p>
<h3 id="m153">Search.PageSearch_option_attempt_Test#startExtent</h3><table class="result"><tr><th class="invisible"/></tr></table><p class="totop"><a href="#summary">back to summary</a></p>
<h3 id="m154">Search.PageSearch_option_attempt_Test#startExtent</h3><table class="result"><tr><th class="invisible"/></tr></table><p class="totop"><a href="#summary">back to summary</a></p>
<h3 id="m155">Search.PageSearch_option_attempt_Test#startExtent</h3><table class="result"><tr><th class="invisible"/></tr></table><p class="totop"><a href="#summary">back to summary</a></p>
<h3 id="m156">Search.PageSearch_option_attempt_Test#startExtent</h3><table class="result"><tr><th class="invisible"/></tr></table><p class="totop"><a href="#summary">back to summary</a></p>
<h3 id="m157">Search.PageSearch_option_attempt_Test#startExtent</h3><table class="result"><tr><th class="invisible"/></tr></table><p class="totop"><a href="#summary">back to summary</a></p>
<h3 id="m158">Search.PageSearch_option_attempt_Test#startExtent</h3><table class="result"><tr><th class="invisible"/></tr></table><p class="totop"><a href="#summary">back to summary</a></p>
<h3 id="m159">Search.PageSearch_option_attempt_Test#startExtent</h3><table class="result"><tr><th class="invisible"/></tr></table><p class="totop"><a href="#summary">back to summary</a></p>
<h3 id="m160">Search.PageSearch_option_attempt_Test#startExtent</h3><table class="result"><tr><th class="invisible"/></tr></table><p class="totop"><a href="#summary">back to summary</a></p>
<h3 id="m161">Search.PageSearch_option_attempt_Test#startExtent</h3><table class="result"><tr><th class="invisible"/></tr></table><p class="totop"><a href="#summary">back to summary</a></p>
<h3 id="m162">Search.PersonalTextOptionPageTest#afterEachTestMethod</h3><table class="result"><tr><th class="invisible"/></tr></table><p class="totop"><a href="#summary">back to summary</a></p>
<h3 id="m163">Search.PersonalTextOptionPageTest#afterEachTestMethod</h3><table class="result"><tr><th class="invisible"/></tr></table><p class="totop"><a href="#summary">back to summary</a></p>
<h3 id="m164">Search.PersonalTextOptionPageTest#afterEachTestMethod</h3><table class="result"><tr><th class="invisible"/></tr></table><p class="totop"><a href="#summary">back to summary</a></p>
<h3 id="m165">Search.PersonalTextOptionPageTest#afterEachTestMethod</h3><table class="result"><tr><th class="invisible"/></tr></table><p class="totop"><a href="#summary">back to summary</a></p>
<h3 id="m166">Search.PersonalTextOptionPageTest#afterEachTestMethod</h3><table class="result"><tr><th class="invisible"/></tr></table><p class="totop"><a href="#summary">back to summary</a></p>
<h3 id="m167">Search.PersonalTextOptionPageTest#initelement</h3><table class="result"><tr><th class="invisible"/></tr></table><p class="totop"><a href="#summary">back to summary</a></p>
<h3 id="m168">Search.PersonalTextOptionPageTest#initelement</h3><table class="result"><tr><th class="invisible"/></tr></table><p class="totop"><a href="#summary">back to summary</a></p>
<h3 id="m169">Search.PersonalTextOptionPageTest#initelement</h3><table class="result"><tr><th class="invisible"/></tr></table><p class="totop"><a href="#summary">back to summary</a></p>
<h3 id="m170">Search.PersonalTextOptionPageTest#initelement</h3><table class="result"><tr><th class="invisible"/></tr></table><p class="totop"><a href="#summary">back to summary</a></p>
<h3 id="m171">Search.PersonalTextOptionPageTest#initelement</h3><table class="result"><tr><th class="invisible"/></tr></table><p class="totop"><a href="#summary">back to summary</a></p>
<h3 id="m172">Search.PersonalTextOptionPageTest#setUp</h3><table class="result"><tr><th class="invisible"/></tr></table><p class="totop"><a href="#summary">back to summary</a></p>
<h3 id="m173">Search.PersonalTextOptionPageTest#setUp</h3><table class="result"><tr><th class="invisible"/></tr></table><p class="totop"><a href="#summary">back to summary</a></p>
<h3 id="m174">Search.PersonalTextOptionPageTest#setUp</h3><table class="result"><tr><th class="invisible"/></tr></table><p class="totop"><a href="#summary">back to summary</a></p>
<h3 id="m175">Search.PersonalTextOptionPageTest#setUp</h3><table class="result"><tr><th class="invisible"/></tr></table><p class="totop"><a href="#summary">back to summary</a></p>
<h3 id="m176">Search.PersonalTextOptionPageTest#startExtent</h3><table class="result"><tr><th class="invisible"/></tr></table><p class="totop"><a href="#summary">back to summary</a></p>
<h3 id="m177">Search.PersonalTextOptionPageTest#startExtent</h3><table class="result"><tr><th class="invisible"/></tr></table><p class="totop"><a href="#summary">back to summary</a></p>
<h3 id="m178">Search.PersonalTextOptionPageTest#startExtent</h3><table class="result"><tr><th class="invisible"/></tr></table><p class="totop"><a href="#summary">back to summary</a></p>
<h3 id="m179">Search.PersonalTextOptionPageTest#startExtent</h3><table class="result"><tr><th class="invisible"/></tr></table><p class="totop"><a href="#summary">back to summary</a></p>
<h3 id="m180">Search.PersonalTextOptionPageTest#startExtent</h3><table class="result"><tr><th class="invisible"/></tr></table><p class="totop"><a href="#summary">back to summary</a></p>
<h3 id="m181">Search.ATMBranchPageTest#BrowseByState_Test</h3><table class="result"><tr><th>Exception</th></tr><tr><td><div class="stacktrace">java.lang.IllegalStateException: The driver executable does not exist: /Users/URMI/Desktop/GroupBlueFrameWork/Generic/DriversForBrowser/chromedriver
	at com.google.common.base.Preconditions.checkState(Preconditions.java:585)
	at org.openqa.selenium.remote.service.DriverService.checkExecutable(DriverService.java:137)
	at org.openqa.selenium.remote.service.DriverService.findExecutable(DriverService.java:132)
	at org.openqa.selenium.chrome.ChromeDriverService.access$000(ChromeDriverService.java:35)
	at org.openqa.selenium.chrome.ChromeDriverService$Builder.findDefaultExecutable(ChromeDriverService.java:156)
	at org.openqa.selenium.remote.service.DriverService$Builder.build(DriverService.java:346)
	at org.openqa.selenium.chrome.ChromeDriverService.createDefaultService(ChromeDriverService.java:91)
	at org.openqa.selenium.chrome.ChromeDriver.&lt;init&gt;(ChromeDriver.java:157)
	at base.ReusableAPI.getLocalDriver(ReusableAPI.java:78)
	at base.ReusableAPI.setUp(ReusableAPI.java:55)
... Removed 33 stack frames</div></td></tr></table><p class="totop"><a href="#summary">back to summary</a></p>
<h3 id="m182">Search.ATMBranchPageTest#TextInput_Test</h3><table class="result"><tr><th>Exception</th></tr><tr><td><div class="stacktrace">java.lang.IllegalStateException: The driver executable does not exist: /Users/URMI/Desktop/GroupBlueFrameWork/Generic/DriversForBrowser/chromedriver
	at com.google.common.base.Preconditions.checkState(Preconditions.java:585)
	at org.openqa.selenium.remote.service.DriverService.checkExecutable(DriverService.java:137)
	at org.openqa.selenium.remote.service.DriverService.findExecutable(DriverService.java:132)
	at org.openqa.selenium.chrome.ChromeDriverService.access$000(ChromeDriverService.java:35)
	at org.openqa.selenium.chrome.ChromeDriverService$Builder.findDefaultExecutable(ChromeDriverService.java:156)
	at org.openqa.selenium.remote.service.DriverService$Builder.build(DriverService.java:346)
	at org.openqa.selenium.chrome.ChromeDriverService.createDefaultService(ChromeDriverService.java:91)
	at org.openqa.selenium.chrome.ChromeDriver.&lt;init&gt;(ChromeDriver.java:157)
	at base.ReusableAPI.getLocalDriver(ReusableAPI.java:78)
	at base.ReusableAPI.setUp(ReusableAPI.java:55)
... Removed 33 stack frames</div></td></tr></table><p class="totop"><a href="#summary">back to summary</a></p>
<h3 id="m183">Search.AboutTextOptionPageTest#SantanderBankUni_Test</h3><table class="result"><tr><th>Exception</th></tr><tr><td><div class="stacktrace">java.lang.IllegalStateException: The driver executable does not exist: /Users/URMI/Desktop/GroupBlueFrameWork/Generic/DriversForBrowser/chromedriver
	at com.google.common.base.Preconditions.checkState(Preconditions.java:585)
	at org.openqa.selenium.remote.service.DriverService.checkExecutable(DriverService.java:137)
	at org.openqa.selenium.remote.service.DriverService.findExecutable(DriverService.java:132)
	at org.openqa.selenium.chrome.ChromeDriverService.access$000(ChromeDriverService.java:35)
	at org.openqa.selenium.chrome.ChromeDriverService$Builder.findDefaultExecutable(ChromeDriverService.java:156)
	at org.openqa.selenium.remote.service.DriverService$Builder.build(DriverService.java:346)
	at org.openqa.selenium.chrome.ChromeDriverService.createDefaultService(ChromeDriverService.java:91)
	at org.openqa.selenium.chrome.ChromeDriver.&lt;init&gt;(ChromeDriver.java:157)
	at base.ReusableAPI.getLocalDriver(ReusableAPI.java:78)
	at base.ReusableAPI.setUp(ReusableAPI.java:55)
... Removed 33 stack frames</div></td></tr></table><p class="totop"><a href="#summary">back to summary</a></p>
<h3 id="m184">Search.AboutTextOptionPageTest#WhoWeAre_Test</h3><table class="result"><tr><th>Exception</th></tr><tr><td><div class="stacktrace">java.lang.IllegalStateException: The driver executable does not exist: /Users/URMI/Desktop/GroupBlueFrameWork/Generic/DriversForBrowser/chromedriver
	at com.google.common.base.Preconditions.checkState(Preconditions.java:585)
	at org.openqa.selenium.remote.service.DriverService.checkExecutable(DriverService.java:137)
	at org.openqa.selenium.remote.service.DriverService.findExecutable(DriverService.java:132)
	at org.openqa.selenium.chrome.ChromeDriverService.access$000(ChromeDriverService.java:35)
	at org.openqa.selenium.chrome.ChromeDriverService$Builder.findDefaultExecutable(ChromeDriverService.java:156)
	at org.openqa.selenium.remote.service.DriverService$Builder.build(DriverService.java:346)
	at org.openqa.selenium.chrome.ChromeDriverService.createDefaultService(ChromeDriverService.java:91)
	at org.openqa.selenium.chrome.ChromeDriver.&lt;init&gt;(ChromeDriver.java:157)
	at base.ReusableAPI.getLocalDriver(ReusableAPI.java:78)
	at base.ReusableAPI.setUp(ReusableAPI.java:55)
... Removed 33 stack frames</div></td></tr></table><p class="totop"><a href="#summary">back to summary</a></p>
<h3 id="m185">Search.BusinessTextOptionPageTest#Banking_Test</h3><table class="result"><tr><th>Exception</th></tr><tr><td><div class="stacktrace">java.lang.IllegalStateException: The driver executable does not exist: /Users/URMI/Desktop/GroupBlueFrameWork/Generic/DriversForBrowser/chromedriver
	at com.google.common.base.Preconditions.checkState(Preconditions.java:585)
	at org.openqa.selenium.remote.service.DriverService.checkExecutable(DriverService.java:137)
	at org.openqa.selenium.remote.service.DriverService.findExecutable(DriverService.java:132)
	at org.openqa.selenium.chrome.ChromeDriverService.access$000(ChromeDriverService.java:35)
	at org.openqa.selenium.chrome.ChromeDriverService$Builder.findDefaultExecutable(ChromeDriverService.java:156)
	at org.openqa.selenium.remote.service.DriverService$Builder.build(DriverService.java:346)
	at org.openqa.selenium.chrome.ChromeDriverService.createDefaultService(ChromeDriverService.java:91)
	at org.openqa.selenium.chrome.ChromeDriver.&lt;init&gt;(ChromeDriver.java:157)
	at base.ReusableAPI.getLocalDriver(ReusableAPI.java:78)
	at base.ReusableAPI.setUp(ReusableAPI.java:55)
... Removed 33 stack frames</div></td></tr></table><p class="totop"><a href="#summary">back to summary</a></p>
<h3 id="m186">Search.BusinessTextOptionPageTest#Borrowing_Test</h3><table class="result"><tr><th>Exception</th></tr><tr><td><div class="stacktrace">java.lang.IllegalStateException: The driver executable does not exist: /Users/URMI/Desktop/GroupBlueFrameWork/Generic/DriversForBrowser/chromedriver
	at com.google.common.base.Preconditions.checkState(Preconditions.java:585)
	at org.openqa.selenium.remote.service.DriverService.checkExecutable(DriverService.java:137)
	at org.openqa.selenium.remote.service.DriverService.findExecutable(DriverService.java:132)
	at org.openqa.selenium.chrome.ChromeDriverService.access$000(ChromeDriverService.java:35)
	at org.openqa.selenium.chrome.ChromeDriverService$Builder.findDefaultExecutable(ChromeDriverService.java:156)
	at org.openqa.selenium.remote.service.DriverService$Builder.build(DriverService.java:346)
	at org.openqa.selenium.chrome.ChromeDriverService.createDefaultService(ChromeDriverService.java:91)
	at org.openqa.selenium.chrome.ChromeDriver.&lt;init&gt;(ChromeDriver.java:157)
	at base.ReusableAPI.getLocalDriver(ReusableAPI.java:78)
	at base.ReusableAPI.setUp(ReusableAPI.java:55)
... Removed 33 stack frames</div></td></tr></table><p class="totop"><a href="#summary">back to summary</a></p>
<h3 id="m187">Search.BusinessTextOptionPageTest#BusinessFirst_Test</h3><table class="result"><tr><th>Exception</th></tr><tr><td><div class="stacktrace">java.lang.IllegalStateException: The driver executable does not exist: /Users/URMI/Desktop/GroupBlueFrameWork/Generic/DriversForBrowser/chromedriver
	at com.google.common.base.Preconditions.checkState(Preconditions.java:585)
	at org.openqa.selenium.remote.service.DriverService.checkExecutable(DriverService.java:137)
	at org.openqa.selenium.remote.service.DriverService.findExecutable(DriverService.java:132)
	at org.openqa.selenium.chrome.ChromeDriverService.access$000(ChromeDriverService.java:35)
	at org.openqa.selenium.chrome.ChromeDriverService$Builder.findDefaultExecutable(ChromeDriverService.java:156)
	at org.openqa.selenium.remote.service.DriverService$Builder.build(DriverService.java:346)
	at org.openqa.selenium.chrome.ChromeDriverService.createDefaultService(ChromeDriverService.java:91)
	at org.openqa.selenium.chrome.ChromeDriver.&lt;init&gt;(ChromeDriver.java:157)
	at base.ReusableAPI.getLocalDriver(ReusableAPI.java:78)
	at base.ReusableAPI.setUp(ReusableAPI.java:55)
... Removed 33 stack frames</div></td></tr></table><p class="totop"><a href="#summary">back to summary</a></p>
<h3 id="m188">Search.CorporateTextOptionPageTest#CorporateCapabilities_Test</h3><table class="result"><tr><th>Exception</th></tr><tr><td><div class="stacktrace">java.lang.IllegalStateException: The driver executable does not exist: /Users/URMI/Desktop/GroupBlueFrameWork/Generic/DriversForBrowser/chromedriver
	at com.google.common.base.Preconditions.checkState(Preconditions.java:585)
	at org.openqa.selenium.remote.service.DriverService.checkExecutable(DriverService.java:137)
	at org.openqa.selenium.remote.service.DriverService.findExecutable(DriverService.java:132)
	at org.openqa.selenium.chrome.ChromeDriverService.access$000(ChromeDriverService.java:35)
	at org.openqa.selenium.chrome.ChromeDriverService$Builder.findDefaultExecutable(ChromeDriverService.java:156)
	at org.openqa.selenium.remote.service.DriverService$Builder.build(DriverService.java:346)
	at org.openqa.selenium.chrome.ChromeDriverService.createDefaultService(ChromeDriverService.java:91)
	at org.openqa.selenium.chrome.ChromeDriver.&lt;init&gt;(ChromeDriver.java:157)
	at base.ReusableAPI.getLocalDriver(ReusableAPI.java:78)
	at base.ReusableAPI.setUp(ReusableAPI.java:55)
... Removed 33 stack frames</div></td></tr></table><p class="totop"><a href="#summary">back to summary</a></p>
<h3 id="m189">Search.CorporateTextOptionPageTest#StanderderPrespectives_Test</h3><table class="result"><tr><th>Exception</th></tr><tr><td><div class="stacktrace">java.lang.IllegalStateException: The driver executable does not exist: /Users/URMI/Desktop/GroupBlueFrameWork/Generic/DriversForBrowser/chromedriver
	at com.google.common.base.Preconditions.checkState(Preconditions.java:585)
	at org.openqa.selenium.remote.service.DriverService.checkExecutable(DriverService.java:137)
	at org.openqa.selenium.remote.service.DriverService.findExecutable(DriverService.java:132)
	at org.openqa.selenium.chrome.ChromeDriverService.access$000(ChromeDriverService.java:35)
	at org.openqa.selenium.chrome.ChromeDriverService$Builder.findDefaultExecutable(ChromeDriverService.java:156)
	at org.openqa.selenium.remote.service.DriverService$Builder.build(DriverService.java:346)
	at org.openqa.selenium.chrome.ChromeDriverService.createDefaultService(ChromeDriverService.java:91)
	at org.openqa.selenium.chrome.ChromeDriver.&lt;init&gt;(ChromeDriver.java:157)
	at base.ReusableAPI.getLocalDriver(ReusableAPI.java:78)
	at base.ReusableAPI.setUp(ReusableAPI.java:55)
... Removed 33 stack frames</div></td></tr></table><p class="totop"><a href="#summary">back to summary</a></p>
<h3 id="m190">Search.HomePageTest#ATM_BranchLocation_Test</h3><table class="result"><tr><th>Exception</th></tr><tr><td><div class="stacktrace">java.lang.IllegalStateException: The driver executable does not exist: /Users/URMI/Desktop/GroupBlueFrameWork/Generic/DriversForBrowser/chromedriver
	at com.google.common.base.Preconditions.checkState(Preconditions.java:585)
	at org.openqa.selenium.remote.service.DriverService.checkExecutable(DriverService.java:137)
	at org.openqa.selenium.remote.service.DriverService.findExecutable(DriverService.java:132)
	at org.openqa.selenium.chrome.ChromeDriverService.access$000(ChromeDriverService.java:35)
	at org.openqa.selenium.chrome.ChromeDriverService$Builder.findDefaultExecutable(ChromeDriverService.java:156)
	at org.openqa.selenium.remote.service.DriverService$Builder.build(DriverService.java:346)
	at org.openqa.selenium.chrome.ChromeDriverService.createDefaultService(ChromeDriverService.java:91)
	at org.openqa.selenium.chrome.ChromeDriver.&lt;init&gt;(ChromeDriver.java:157)
	at base.ReusableAPI.getLocalDriver(ReusableAPI.java:78)
	at base.ReusableAPI.setUp(ReusableAPI.java:55)
... Removed 33 stack frames</div></td></tr></table><p class="totop"><a href="#summary">back to summary</a></p>
<h3 id="m191">Search.HomePageTest#About_Textoption_Test</h3><table class="result"><tr><th>Exception</th></tr><tr><td><div class="stacktrace">java.lang.IllegalStateException: The driver executable does not exist: /Users/URMI/Desktop/GroupBlueFrameWork/Generic/DriversForBrowser/chromedriver
	at com.google.common.base.Preconditions.checkState(Preconditions.java:585)
	at org.openqa.selenium.remote.service.DriverService.checkExecutable(DriverService.java:137)
	at org.openqa.selenium.remote.service.DriverService.findExecutable(DriverService.java:132)
	at org.openqa.selenium.chrome.ChromeDriverService.access$000(ChromeDriverService.java:35)
	at org.openqa.selenium.chrome.ChromeDriverService$Builder.findDefaultExecutable(ChromeDriverService.java:156)
	at org.openqa.selenium.remote.service.DriverService$Builder.build(DriverService.java:346)
	at org.openqa.selenium.chrome.ChromeDriverService.createDefaultService(ChromeDriverService.java:91)
	at org.openqa.selenium.chrome.ChromeDriver.&lt;init&gt;(ChromeDriver.java:157)
	at base.ReusableAPI.getLocalDriver(ReusableAPI.java:78)
	at base.ReusableAPI.setUp(ReusableAPI.java:55)
... Removed 33 stack frames</div></td></tr></table><p class="totop"><a href="#summary">back to summary</a></p>
<h3 id="m192">Search.HomePageTest#Business_Textoption_Test</h3><table class="result"><tr><th>Exception</th></tr><tr><td><div class="stacktrace">java.lang.IllegalStateException: The driver executable does not exist: /Users/URMI/Desktop/GroupBlueFrameWork/Generic/DriversForBrowser/chromedriver
	at com.google.common.base.Preconditions.checkState(Preconditions.java:585)
	at org.openqa.selenium.remote.service.DriverService.checkExecutable(DriverService.java:137)
	at org.openqa.selenium.remote.service.DriverService.findExecutable(DriverService.java:132)
	at org.openqa.selenium.chrome.ChromeDriverService.access$000(ChromeDriverService.java:35)
	at org.openqa.selenium.chrome.ChromeDriverService$Builder.findDefaultExecutable(ChromeDriverService.java:156)
	at org.openqa.selenium.remote.service.DriverService$Builder.build(DriverService.java:346)
	at org.openqa.selenium.chrome.ChromeDriverService.createDefaultService(ChromeDriverService.java:91)
	at org.openqa.selenium.chrome.ChromeDriver.&lt;init&gt;(ChromeDriver.java:157)
	at base.ReusableAPI.getLocalDriver(ReusableAPI.java:78)
	at base.ReusableAPI.setUp(ReusableAPI.java:55)
... Removed 33 stack frames</div></td></tr></table><p class="totop"><a href="#summary">back to summary</a></p>
<h3 id="m193">Search.HomePageTest#Contact_us_Header_Test</h3><table class="result"><tr><th>Exception</th></tr><tr><td><div class="stacktrace">java.lang.IllegalStateException: The driver executable does not exist: /Users/URMI/Desktop/GroupBlueFrameWork/Generic/DriversForBrowser/chromedriver
	at com.google.common.base.Preconditions.checkState(Preconditions.java:585)
	at org.openqa.selenium.remote.service.DriverService.checkExecutable(DriverService.java:137)
	at org.openqa.selenium.remote.service.DriverService.findExecutable(DriverService.java:132)
	at org.openqa.selenium.chrome.ChromeDriverService.access$000(ChromeDriverService.java:35)
	at org.openqa.selenium.chrome.ChromeDriverService$Builder.findDefaultExecutable(ChromeDriverService.java:156)
	at org.openqa.selenium.remote.service.DriverService$Builder.build(DriverService.java:346)
	at org.openqa.selenium.chrome.ChromeDriverService.createDefaultService(ChromeDriverService.java:91)
	at org.openqa.selenium.chrome.ChromeDriver.&lt;init&gt;(ChromeDriver.java:157)
	at base.ReusableAPI.getLocalDriver(ReusableAPI.java:78)
	at base.ReusableAPI.setUp(ReusableAPI.java:55)
... Removed 33 stack frames</div></td></tr></table><p class="totop"><a href="#summary">back to summary</a></p>
<h3 id="m194">Search.HomePageTest#Corporate_Textoption_Test</h3><table class="result"><tr><th>Exception</th></tr><tr><td><div class="stacktrace">java.lang.IllegalStateException: The driver executable does not exist: /Users/URMI/Desktop/GroupBlueFrameWork/Generic/DriversForBrowser/chromedriver
	at com.google.common.base.Preconditions.checkState(Preconditions.java:585)
	at org.openqa.selenium.remote.service.DriverService.checkExecutable(DriverService.java:137)
	at org.openqa.selenium.remote.service.DriverService.findExecutable(DriverService.java:132)
	at org.openqa.selenium.chrome.ChromeDriverService.access$000(ChromeDriverService.java:35)
	at org.openqa.selenium.chrome.ChromeDriverService$Builder.findDefaultExecutable(ChromeDriverService.java:156)
	at org.openqa.selenium.remote.service.DriverService$Builder.build(DriverService.java:346)
	at org.openqa.selenium.chrome.ChromeDriverService.createDefaultService(ChromeDriverService.java:91)
	at org.openqa.selenium.chrome.ChromeDriver.&lt;init&gt;(ChromeDriver.java:157)
	at base.ReusableAPI.getLocalDriver(ReusableAPI.java:78)
	at base.ReusableAPI.setUp(ReusableAPI.java:55)
... Removed 33 stack frames</div></td></tr></table><p class="totop"><a href="#summary">back to summary</a></p>
<h3 id="m195">Search.HomePageTest#DIGI_BANKING_Test</h3><table class="result"><tr><th>Exception</th></tr><tr><td><div class="stacktrace">java.lang.IllegalStateException: The driver executable does not exist: /Users/URMI/Desktop/GroupBlueFrameWork/Generic/DriversForBrowser/chromedriver
	at com.google.common.base.Preconditions.checkState(Preconditions.java:585)
	at org.openqa.selenium.remote.service.DriverService.checkExecutable(DriverService.java:137)
	at org.openqa.selenium.remote.service.DriverService.findExecutable(DriverService.java:132)
	at org.openqa.selenium.chrome.ChromeDriverService.access$000(ChromeDriverService.java:35)
	at org.openqa.selenium.chrome.ChromeDriverService$Builder.findDefaultExecutable(ChromeDriverService.java:156)
	at org.openqa.selenium.remote.service.DriverService$Builder.build(DriverService.java:346)
	at org.openqa.selenium.chrome.ChromeDriverService.createDefaultService(ChromeDriverService.java:91)
	at org.openqa.selenium.chrome.ChromeDriver.&lt;init&gt;(ChromeDriver.java:157)
	at base.ReusableAPI.getLocalDriver(ReusableAPI.java:78)
	at base.ReusableAPI.setUp(ReusableAPI.java:55)
... Removed 33 stack frames</div></td></tr></table><p class="totop"><a href="#summary">back to summary</a></p>
<h3 id="m196">Search.HomePageTest#DragDrop2</h3><table class="result"><tr><th>Exception</th></tr><tr><td><div class="stacktrace">java.lang.IllegalStateException: The driver executable does not exist: /Users/URMI/Desktop/GroupBlueFrameWork/Generic/DriversForBrowser/chromedriver
	at com.google.common.base.Preconditions.checkState(Preconditions.java:585)
	at org.openqa.selenium.remote.service.DriverService.checkExecutable(DriverService.java:137)
	at org.openqa.selenium.remote.service.DriverService.findExecutable(DriverService.java:132)
	at org.openqa.selenium.chrome.ChromeDriverService.access$000(ChromeDriverService.java:35)
	at org.openqa.selenium.chrome.ChromeDriverService$Builder.findDefaultExecutable(ChromeDriverService.java:156)
	at org.openqa.selenium.remote.service.DriverService$Builder.build(DriverService.java:346)
	at org.openqa.selenium.chrome.ChromeDriverService.createDefaultService(ChromeDriverService.java:91)
	at org.openqa.selenium.chrome.ChromeDriver.&lt;init&gt;(ChromeDriver.java:157)
	at base.ReusableAPI.getLocalDriver(ReusableAPI.java:78)
	at base.ReusableAPI.setUp(ReusableAPI.java:55)
... Removed 33 stack frames</div></td></tr></table><p class="totop"><a href="#summary">back to summary</a></p>
<h3 id="m197">Search.HomePageTest#Find_location_near_you_Test</h3><table class="result"><tr><th>Exception</th></tr><tr><td><div class="stacktrace">java.lang.IllegalStateException: The driver executable does not exist: /Users/URMI/Desktop/GroupBlueFrameWork/Generic/DriversForBrowser/chromedriver
	at com.google.common.base.Preconditions.checkState(Preconditions.java:585)
	at org.openqa.selenium.remote.service.DriverService.checkExecutable(DriverService.java:137)
	at org.openqa.selenium.remote.service.DriverService.findExecutable(DriverService.java:132)
	at org.openqa.selenium.chrome.ChromeDriverService.access$000(ChromeDriverService.java:35)
	at org.openqa.selenium.chrome.ChromeDriverService$Builder.findDefaultExecutable(ChromeDriverService.java:156)
	at org.openqa.selenium.remote.service.DriverService$Builder.build(DriverService.java:346)
	at org.openqa.selenium.chrome.ChromeDriverService.createDefaultService(ChromeDriverService.java:91)
	at org.openqa.selenium.chrome.ChromeDriver.&lt;init&gt;(ChromeDriver.java:157)
	at base.ReusableAPI.getLocalDriver(ReusableAPI.java:78)
	at base.ReusableAPI.setUp(ReusableAPI.java:55)
... Removed 33 stack frames</div></td></tr></table><p class="totop"><a href="#summary">back to summary</a></p>
<h3 id="m198">Search.HomePageTest#Header_Taeget_Test</h3><table class="result"><tr><th>Exception</th></tr><tr><td><div class="stacktrace">java.lang.IllegalStateException: The driver executable does not exist: /Users/URMI/Desktop/GroupBlueFrameWork/Generic/DriversForBrowser/chromedriver
	at com.google.common.base.Preconditions.checkState(Preconditions.java:585)
	at org.openqa.selenium.remote.service.DriverService.checkExecutable(DriverService.java:137)
	at org.openqa.selenium.remote.service.DriverService.findExecutable(DriverService.java:132)
	at org.openqa.selenium.chrome.ChromeDriverService.access$000(ChromeDriverService.java:35)
	at org.openqa.selenium.chrome.ChromeDriverService$Builder.findDefaultExecutable(ChromeDriverService.java:156)
	at org.openqa.selenium.remote.service.DriverService$Builder.build(DriverService.java:346)
	at org.openqa.selenium.chrome.ChromeDriverService.createDefaultService(ChromeDriverService.java:91)
	at org.openqa.selenium.chrome.ChromeDriver.&lt;init&gt;(ChromeDriver.java:157)
	at base.ReusableAPI.getLocalDriver(ReusableAPI.java:78)
	at base.ReusableAPI.setUp(ReusableAPI.java:55)
... Removed 33 stack frames</div></td></tr></table><p class="totop"><a href="#summary">back to summary</a></p>
<h3 id="m199">Search.HomePageTest#Home_Header_Test</h3><table class="result"><tr><th>Exception</th></tr><tr><td><div class="stacktrace">java.lang.IllegalStateException: The driver executable does not exist: /Users/URMI/Desktop/GroupBlueFrameWork/Generic/DriversForBrowser/chromedriver
	at com.google.common.base.Preconditions.checkState(Preconditions.java:585)
	at org.openqa.selenium.remote.service.DriverService.checkExecutable(DriverService.java:137)
	at org.openqa.selenium.remote.service.DriverService.findExecutable(DriverService.java:132)
	at org.openqa.selenium.chrome.ChromeDriverService.access$000(ChromeDriverService.java:35)
	at org.openqa.selenium.chrome.ChromeDriverService$Builder.findDefaultExecutable(ChromeDriverService.java:156)
	at org.openqa.selenium.remote.service.DriverService$Builder.build(DriverService.java:346)
	at org.openqa.selenium.chrome.ChromeDriverService.createDefaultService(ChromeDriverService.java:91)
	at org.openqa.selenium.chrome.ChromeDriver.&lt;init&gt;(ChromeDriver.java:157)
	at base.ReusableAPI.getLocalDriver(ReusableAPI.java:78)
	at base.ReusableAPI.setUp(ReusableAPI.java:55)
... Removed 33 stack frames</div></td></tr></table><p class="totop"><a href="#summary">back to summary</a></p>
<h3 id="m200">Search.HomePageTest#How_to_Overcome_Anxiety_article_link_Test</h3><table class="result"><tr><th>Exception</th></tr><tr><td><div class="stacktrace">java.lang.IllegalStateException: The driver executable does not exist: /Users/URMI/Desktop/GroupBlueFrameWork/Generic/DriversForBrowser/chromedriver
	at com.google.common.base.Preconditions.checkState(Preconditions.java:585)
	at org.openqa.selenium.remote.service.DriverService.checkExecutable(DriverService.java:137)
	at org.openqa.selenium.remote.service.DriverService.findExecutable(DriverService.java:132)
	at org.openqa.selenium.chrome.ChromeDriverService.access$000(ChromeDriverService.java:35)
	at org.openqa.selenium.chrome.ChromeDriverService$Builder.findDefaultExecutable(ChromeDriverService.java:156)
	at org.openqa.selenium.remote.service.DriverService$Builder.build(DriverService.java:346)
	at org.openqa.selenium.chrome.ChromeDriverService.createDefaultService(ChromeDriverService.java:91)
	at org.openqa.selenium.chrome.ChromeDriver.&lt;init&gt;(ChromeDriver.java:157)
	at base.ReusableAPI.getLocalDriver(ReusableAPI.java:78)
	at base.ReusableAPI.setUp(ReusableAPI.java:55)
... Removed 33 stack frames</div></td></tr></table><p class="totop"><a href="#summary">back to summary</a></p>
<h3 id="m201">Search.HomePageTest#Login_Test</h3><table class="result"><tr><th>Exception</th></tr><tr><td><div class="stacktrace">java.lang.IllegalStateException: The driver executable does not exist: /Users/URMI/Desktop/GroupBlueFrameWork/Generic/DriversForBrowser/chromedriver
	at com.google.common.base.Preconditions.checkState(Preconditions.java:585)
	at org.openqa.selenium.remote.service.DriverService.checkExecutable(DriverService.java:137)
	at org.openqa.selenium.remote.service.DriverService.findExecutable(DriverService.java:132)
	at org.openqa.selenium.chrome.ChromeDriverService.access$000(ChromeDriverService.java:35)
	at org.openqa.selenium.chrome.ChromeDriverService$Builder.findDefaultExecutable(ChromeDriverService.java:156)
	at org.openqa.selenium.remote.service.DriverService$Builder.build(DriverService.java:346)
	at org.openqa.selenium.chrome.ChromeDriverService.createDefaultService(ChromeDriverService.java:91)
	at org.openqa.selenium.chrome.ChromeDriver.&lt;init&gt;(ChromeDriver.java:157)
	at base.ReusableAPI.getLocalDriver(ReusableAPI.java:78)
	at base.ReusableAPI.setUp(ReusableAPI.java:55)
... Removed 33 stack frames</div></td></tr></table><p class="totop"><a href="#summary">back to summary</a></p>
<h3 id="m202">Search.HomePageTest#Personal_Textoption_Test</h3><table class="result"><tr><th>Exception</th></tr><tr><td><div class="stacktrace">java.lang.IllegalStateException: The driver executable does not exist: /Users/URMI/Desktop/GroupBlueFrameWork/Generic/DriversForBrowser/chromedriver
	at com.google.common.base.Preconditions.checkState(Preconditions.java:585)
	at org.openqa.selenium.remote.service.DriverService.checkExecutable(DriverService.java:137)
	at org.openqa.selenium.remote.service.DriverService.findExecutable(DriverService.java:132)
	at org.openqa.selenium.chrome.ChromeDriverService.access$000(ChromeDriverService.java:35)
	at org.openqa.selenium.chrome.ChromeDriverService$Builder.findDefaultExecutable(ChromeDriverService.java:156)
	at org.openqa.selenium.remote.service.DriverService$Builder.build(DriverService.java:346)
	at org.openqa.selenium.chrome.ChromeDriverService.createDefaultService(ChromeDriverService.java:91)
	at org.openqa.selenium.chrome.ChromeDriver.&lt;init&gt;(ChromeDriver.java:157)
	at base.ReusableAPI.getLocalDriver(ReusableAPI.java:78)
	at base.ReusableAPI.setUp(ReusableAPI.java:55)
... Removed 33 stack frames</div></td></tr></table><p class="totop"><a href="#summary">back to summary</a></p>
<h3 id="m203">Search.HomePageTest#Privacy_policy_Header_Test</h3><table class="result"><tr><th>Exception</th></tr><tr><td><div class="stacktrace">java.lang.IllegalStateException: The driver executable does not exist: /Users/URMI/Desktop/GroupBlueFrameWork/Generic/DriversForBrowser/chromedriver
	at com.google.common.base.Preconditions.checkState(Preconditions.java:585)
	at org.openqa.selenium.remote.service.DriverService.checkExecutable(DriverService.java:137)
	at org.openqa.selenium.remote.service.DriverService.findExecutable(DriverService.java:132)
	at org.openqa.selenium.chrome.ChromeDriverService.access$000(ChromeDriverService.java:35)
	at org.openqa.selenium.chrome.ChromeDriverService$Builder.findDefaultExecutable(ChromeDriverService.java:156)
	at org.openqa.selenium.remote.service.DriverService$Builder.build(DriverService.java:346)
	at org.openqa.selenium.chrome.ChromeDriverService.createDefaultService(ChromeDriverService.java:91)
	at org.openqa.selenium.chrome.ChromeDriver.&lt;init&gt;(ChromeDriver.java:157)
	at base.ReusableAPI.getLocalDriver(ReusableAPI.java:78)
	at base.ReusableAPI.setUp(ReusableAPI.java:55)
... Removed 33 stack frames</div></td></tr></table><p class="totop"><a href="#summary">back to summary</a></p>
<h3 id="m204">Search.HomePageTest#STU_VALUE_CHEK_Test</h3><table class="result"><tr><th>Exception</th></tr><tr><td><div class="stacktrace">java.lang.IllegalStateException: The driver executable does not exist: /Users/URMI/Desktop/GroupBlueFrameWork/Generic/DriversForBrowser/chromedriver
	at com.google.common.base.Preconditions.checkState(Preconditions.java:585)
	at org.openqa.selenium.remote.service.DriverService.checkExecutable(DriverService.java:137)
	at org.openqa.selenium.remote.service.DriverService.findExecutable(DriverService.java:132)
	at org.openqa.selenium.chrome.ChromeDriverService.access$000(ChromeDriverService.java:35)
	at org.openqa.selenium.chrome.ChromeDriverService$Builder.findDefaultExecutable(ChromeDriverService.java:156)
	at org.openqa.selenium.remote.service.DriverService$Builder.build(DriverService.java:346)
	at org.openqa.selenium.chrome.ChromeDriverService.createDefaultService(ChromeDriverService.java:91)
	at org.openqa.selenium.chrome.ChromeDriver.&lt;init&gt;(ChromeDriver.java:157)
	at base.ReusableAPI.getLocalDriver(ReusableAPI.java:78)
	at base.ReusableAPI.setUp(ReusableAPI.java:55)
... Removed 33 stack frames</div></td></tr></table><p class="totop"><a href="#summary">back to summary</a></p>
<h3 id="m205">Search.HomePageTest#Terms_of_use_Header_Test</h3><table class="result"><tr><th>Exception</th></tr><tr><td><div class="stacktrace">java.lang.IllegalStateException: The driver executable does not exist: /Users/URMI/Desktop/GroupBlueFrameWork/Generic/DriversForBrowser/chromedriver
	at com.google.common.base.Preconditions.checkState(Preconditions.java:585)
	at org.openqa.selenium.remote.service.DriverService.checkExecutable(DriverService.java:137)
	at org.openqa.selenium.remote.service.DriverService.findExecutable(DriverService.java:132)
	at org.openqa.selenium.chrome.ChromeDriverService.access$000(ChromeDriverService.java:35)
	at org.openqa.selenium.chrome.ChromeDriverService$Builder.findDefaultExecutable(ChromeDriverService.java:156)
	at org.openqa.selenium.remote.service.DriverService$Builder.build(DriverService.java:346)
	at org.openqa.selenium.chrome.ChromeDriverService.createDefaultService(ChromeDriverService.java:91)
	at org.openqa.selenium.chrome.ChromeDriver.&lt;init&gt;(ChromeDriver.java:157)
	at base.ReusableAPI.getLocalDriver(ReusableAPI.java:78)
	at base.ReusableAPI.setUp(ReusableAPI.java:55)
... Removed 33 stack frames</div></td></tr></table><p class="totop"><a href="#summary">back to summary</a></p>
<h3 id="m206">Search.HomePageTest#The_ABCs_of_the_HELOC_article_link_Test</h3><table class="result"><tr><th>Exception</th></tr><tr><td><div class="stacktrace">java.lang.IllegalStateException: The driver executable does not exist: /Users/URMI/Desktop/GroupBlueFrameWork/Generic/DriversForBrowser/chromedriver
	at com.google.common.base.Preconditions.checkState(Preconditions.java:585)
	at org.openqa.selenium.remote.service.DriverService.checkExecutable(DriverService.java:137)
	at org.openqa.selenium.remote.service.DriverService.findExecutable(DriverService.java:132)
	at org.openqa.selenium.chrome.ChromeDriverService.access$000(ChromeDriverService.java:35)
	at org.openqa.selenium.chrome.ChromeDriverService$Builder.findDefaultExecutable(ChromeDriverService.java:156)
	at org.openqa.selenium.remote.service.DriverService$Builder.build(DriverService.java:346)
	at org.openqa.selenium.chrome.ChromeDriverService.createDefaultService(ChromeDriverService.java:91)
	at org.openqa.selenium.chrome.ChromeDriver.&lt;init&gt;(ChromeDriver.java:157)
	at base.ReusableAPI.getLocalDriver(ReusableAPI.java:78)
	at base.ReusableAPI.setUp(ReusableAPI.java:55)
... Removed 33 stack frames</div></td></tr></table><p class="totop"><a href="#summary">back to summary</a></p>
<h3 id="m207">Search.HomePageTest#ULT_cash_back_creditcard_grouplink_Test</h3><table class="result"><tr><th>Exception</th></tr><tr><td><div class="stacktrace">java.lang.IllegalStateException: The driver executable does not exist: /Users/URMI/Desktop/GroupBlueFrameWork/Generic/DriversForBrowser/chromedriver
	at com.google.common.base.Preconditions.checkState(Preconditions.java:585)
	at org.openqa.selenium.remote.service.DriverService.checkExecutable(DriverService.java:137)
	at org.openqa.selenium.remote.service.DriverService.findExecutable(DriverService.java:132)
	at org.openqa.selenium.chrome.ChromeDriverService.access$000(ChromeDriverService.java:35)
	at org.openqa.selenium.chrome.ChromeDriverService$Builder.findDefaultExecutable(ChromeDriverService.java:156)
	at org.openqa.selenium.remote.service.DriverService$Builder.build(DriverService.java:346)
	at org.openqa.selenium.chrome.ChromeDriverService.createDefaultService(ChromeDriverService.java:91)
	at org.openqa.selenium.chrome.ChromeDriver.&lt;init&gt;(ChromeDriver.java:157)
	at base.ReusableAPI.getLocalDriver(ReusableAPI.java:78)
	at base.ReusableAPI.setUp(ReusableAPI.java:55)
... Removed 33 stack frames</div></td></tr></table><p class="totop"><a href="#summary">back to summary</a></p>
<h3 id="m208">Search.HomePageTest#top_10_credit_tips_article_link_Test</h3><table class="result"><tr><th>Exception</th></tr><tr><td><div class="stacktrace">java.lang.IllegalStateException: The driver executable does not exist: /Users/URMI/Desktop/GroupBlueFrameWork/Generic/DriversForBrowser/chromedriver
	at com.google.common.base.Preconditions.checkState(Preconditions.java:585)
	at org.openqa.selenium.remote.service.DriverService.checkExecutable(DriverService.java:137)
	at org.openqa.selenium.remote.service.DriverService.findExecutable(DriverService.java:132)
	at org.openqa.selenium.chrome.ChromeDriverService.access$000(ChromeDriverService.java:35)
	at org.openqa.selenium.chrome.ChromeDriverService$Builder.findDefaultExecutable(ChromeDriverService.java:156)
	at org.openqa.selenium.remote.service.DriverService$Builder.build(DriverService.java:346)
	at org.openqa.selenium.chrome.ChromeDriverService.createDefaultService(ChromeDriverService.java:91)
	at org.openqa.selenium.chrome.ChromeDriver.&lt;init&gt;(ChromeDriver.java:157)
	at base.ReusableAPI.getLocalDriver(ReusableAPI.java:78)
	at base.ReusableAPI.setUp(ReusableAPI.java:55)
... Removed 33 stack frames</div></td></tr></table><p class="totop"><a href="#summary">back to summary</a></p>
<h3 id="m209">Search.HomePageTest#top_5_text_email_mobile_alert_article_link_Test</h3><table class="result"><tr><th>Exception</th></tr><tr><td><div class="stacktrace">java.lang.IllegalStateException: The driver executable does not exist: /Users/URMI/Desktop/GroupBlueFrameWork/Generic/DriversForBrowser/chromedriver
	at com.google.common.base.Preconditions.checkState(Preconditions.java:585)
	at org.openqa.selenium.remote.service.DriverService.checkExecutable(DriverService.java:137)
	at org.openqa.selenium.remote.service.DriverService.findExecutable(DriverService.java:132)
	at org.openqa.selenium.chrome.ChromeDriverService.access$000(ChromeDriverService.java:35)
	at org.openqa.selenium.chrome.ChromeDriverService$Builder.findDefaultExecutable(ChromeDriverService.java:156)
	at org.openqa.selenium.remote.service.DriverService$Builder.build(DriverService.java:346)
	at org.openqa.selenium.chrome.ChromeDriverService.createDefaultService(ChromeDriverService.java:91)
	at org.openqa.selenium.chrome.ChromeDriver.&lt;init&gt;(ChromeDriver.java:157)
	at base.ReusableAPI.getLocalDriver(ReusableAPI.java:78)
	at base.ReusableAPI.setUp(ReusableAPI.java:55)
... Removed 33 stack frames</div></td></tr></table><p class="totop"><a href="#summary">back to summary</a></p>
<h3 id="m210">Search.HomePageTest#top_9_Ways_to_Save_Serious_$_article_link_Test</h3><table class="result"><tr><th>Exception</th></tr><tr><td><div class="stacktrace">java.lang.IllegalStateException: The driver executable does not exist: /Users/URMI/Desktop/GroupBlueFrameWork/Generic/DriversForBrowser/chromedriver
	at com.google.common.base.Preconditions.checkState(Preconditions.java:585)
	at org.openqa.selenium.remote.service.DriverService.checkExecutable(DriverService.java:137)
	at org.openqa.selenium.remote.service.DriverService.findExecutable(DriverService.java:132)
	at org.openqa.selenium.chrome.ChromeDriverService.access$000(ChromeDriverService.java:35)
	at org.openqa.selenium.chrome.ChromeDriverService$Builder.findDefaultExecutable(ChromeDriverService.java:156)
	at org.openqa.selenium.remote.service.DriverService$Builder.build(DriverService.java:346)
	at org.openqa.selenium.chrome.ChromeDriverService.createDefaultService(ChromeDriverService.java:91)
	at org.openqa.selenium.chrome.ChromeDriver.&lt;init&gt;(ChromeDriver.java:157)
	at base.ReusableAPI.getLocalDriver(ReusableAPI.java:78)
	at base.ReusableAPI.setUp(ReusableAPI.java:55)
... Removed 33 stack frames</div></td></tr></table><p class="totop"><a href="#summary">back to summary</a></p>
<h3 id="m211">Search.LoginPageTest#signIn</h3><table class="result"><tr><th>Exception</th></tr><tr><td><div class="stacktrace">java.lang.RuntimeException: java.lang.NullPointerException
Caused by: java.lang.NullPointerException
	at base.Xls_Reader.getRowCount(Xls_Reader.java:33)
	at base.XlsDataReaderUtil.getDataFromExcel(XlsDataReaderUtil.java:22)
	at home.LoginPage.supplyData(LoginPage.java:50)
	... 27 more
... Removed 35 stack frames</div></td></tr></table><p class="totop"><a href="#summary">back to summary</a></p>
<h3 id="m212">Search.PageSearch_option_attempt_Test#ClassBody</h3><table class="result"><tr><th>Exception</th></tr><tr><td><div class="stacktrace">java.lang.IllegalStateException: The driver executable does not exist: /Users/URMI/Desktop/GroupBlueFrameWork/Generic/DriversForBrowser/chromedriver
	at com.google.common.base.Preconditions.checkState(Preconditions.java:585)
	at org.openqa.selenium.remote.service.DriverService.checkExecutable(DriverService.java:137)
	at org.openqa.selenium.remote.service.DriverService.findExecutable(DriverService.java:132)
	at org.openqa.selenium.chrome.ChromeDriverService.access$000(ChromeDriverService.java:35)
	at org.openqa.selenium.chrome.ChromeDriverService$Builder.findDefaultExecutable(ChromeDriverService.java:156)
	at org.openqa.selenium.remote.service.DriverService$Builder.build(DriverService.java:346)
	at org.openqa.selenium.chrome.ChromeDriverService.createDefaultService(ChromeDriverService.java:91)
	at org.openqa.selenium.chrome.ChromeDriver.&lt;init&gt;(ChromeDriver.java:157)
	at base.ReusableAPI.getLocalDriver(ReusableAPI.java:78)
	at base.ReusableAPI.setUp(ReusableAPI.java:55)
... Removed 33 stack frames</div></td></tr></table><p class="totop"><a href="#summary">back to summary</a></p>
<h3 id="m213">Search.PageSearch_option_attempt_Test#Hovermenu</h3><table class="result"><tr><th>Exception</th></tr><tr><td><div class="stacktrace">java.lang.IllegalStateException: The driver executable does not exist: /Users/URMI/Desktop/GroupBlueFrameWork/Generic/DriversForBrowser/chromedriver
	at com.google.common.base.Preconditions.checkState(Preconditions.java:585)
	at org.openqa.selenium.remote.service.DriverService.checkExecutable(DriverService.java:137)
	at org.openqa.selenium.remote.service.DriverService.findExecutable(DriverService.java:132)
	at org.openqa.selenium.chrome.ChromeDriverService.access$000(ChromeDriverService.java:35)
	at org.openqa.selenium.chrome.ChromeDriverService$Builder.findDefaultExecutable(ChromeDriverService.java:156)
	at org.openqa.selenium.remote.service.DriverService$Builder.build(DriverService.java:346)
	at org.openqa.selenium.chrome.ChromeDriverService.createDefaultService(ChromeDriverService.java:91)
	at org.openqa.selenium.chrome.ChromeDriver.&lt;init&gt;(ChromeDriver.java:157)
	at base.ReusableAPI.getLocalDriver(ReusableAPI.java:78)
	at base.ReusableAPI.setUp(ReusableAPI.java:55)
... Removed 33 stack frames</div></td></tr></table><p class="totop"><a href="#summary">back to summary</a></p>
<h3 id="m214">Search.PageSearch_option_attempt_Test#SearchPage</h3><table class="result"><tr><th>Exception</th></tr><tr><td><div class="stacktrace">java.lang.IllegalStateException: The driver executable does not exist: /Users/URMI/Desktop/GroupBlueFrameWork/Generic/DriversForBrowser/chromedriver
	at com.google.common.base.Preconditions.checkState(Preconditions.java:585)
	at org.openqa.selenium.remote.service.DriverService.checkExecutable(DriverService.java:137)
	at org.openqa.selenium.remote.service.DriverService.findExecutable(DriverService.java:132)
	at org.openqa.selenium.chrome.ChromeDriverService.access$000(ChromeDriverService.java:35)
	at org.openqa.selenium.chrome.ChromeDriverService$Builder.findDefaultExecutable(ChromeDriverService.java:156)
	at org.openqa.selenium.remote.service.DriverService$Builder.build(DriverService.java:346)
	at org.openqa.selenium.chrome.ChromeDriverService.createDefaultService(ChromeDriverService.java:91)
	at org.openqa.selenium.chrome.ChromeDriver.&lt;init&gt;(ChromeDriver.java:157)
	at base.ReusableAPI.getLocalDriver(ReusableAPI.java:78)
	at base.ReusableAPI.setUp(ReusableAPI.java:55)
... Removed 33 stack frames</div></td></tr></table><p class="totop"><a href="#summary">back to summary</a></p>
<h3 id="m215">Search.PageSearch_option_attempt_Test#TermsofUse</h3><table class="result"><tr><th>Exception</th></tr><tr><td><div class="stacktrace">java.lang.IllegalStateException: The driver executable does not exist: /Users/URMI/Desktop/GroupBlueFrameWork/Generic/DriversForBrowser/chromedriver
	at com.google.common.base.Preconditions.checkState(Preconditions.java:585)
	at org.openqa.selenium.remote.service.DriverService.checkExecutable(DriverService.java:137)
	at org.openqa.selenium.remote.service.DriverService.findExecutable(DriverService.java:132)
	at org.openqa.selenium.chrome.ChromeDriverService.access$000(ChromeDriverService.java:35)
	at org.openqa.selenium.chrome.ChromeDriverService$Builder.findDefaultExecutable(ChromeDriverService.java:156)
	at org.openqa.selenium.remote.service.DriverService$Builder.build(DriverService.java:346)
	at org.openqa.selenium.chrome.ChromeDriverService.createDefaultService(ChromeDriverService.java:91)
	at org.openqa.selenium.chrome.ChromeDriver.&lt;init&gt;(ChromeDriver.java:157)
	at base.ReusableAPI.getLocalDriver(ReusableAPI.java:78)
	at base.ReusableAPI.setUp(ReusableAPI.java:55)
... Removed 33 stack frames</div></td></tr></table><p class="totop"><a href="#summary">back to summary</a></p>
<h3 id="m216">Search.PageSearch_option_attempt_Test#aTMLocation</h3><table class="result"><tr><th>Exception</th></tr><tr><td><div class="stacktrace">java.lang.IllegalStateException: The driver executable does not exist: /Users/URMI/Desktop/GroupBlueFrameWork/Generic/DriversForBrowser/chromedriver
	at com.google.common.base.Preconditions.checkState(Preconditions.java:585)
	at org.openqa.selenium.remote.service.DriverService.checkExecutable(DriverService.java:137)
	at org.openqa.selenium.remote.service.DriverService.findExecutable(DriverService.java:132)
	at org.openqa.selenium.chrome.ChromeDriverService.access$000(ChromeDriverService.java:35)
	at org.openqa.selenium.chrome.ChromeDriverService$Builder.findDefaultExecutable(ChromeDriverService.java:156)
	at org.openqa.selenium.remote.service.DriverService$Builder.build(DriverService.java:346)
	at org.openqa.selenium.chrome.ChromeDriverService.createDefaultService(ChromeDriverService.java:91)
	at org.openqa.selenium.chrome.ChromeDriver.&lt;init&gt;(ChromeDriver.java:157)
	at base.ReusableAPI.getLocalDriver(ReusableAPI.java:78)
	at base.ReusableAPI.setUp(ReusableAPI.java:55)
... Removed 33 stack frames</div></td></tr></table><p class="totop"><a href="#summary">back to summary</a></p>
<h3 id="m217">Search.PageSearch_option_attempt_Test#business</h3><table class="result"><tr><th>Exception</th></tr><tr><td><div class="stacktrace">java.lang.IllegalStateException: The driver executable does not exist: /Users/URMI/Desktop/GroupBlueFrameWork/Generic/DriversForBrowser/chromedriver
	at com.google.common.base.Preconditions.checkState(Preconditions.java:585)
	at org.openqa.selenium.remote.service.DriverService.checkExecutable(DriverService.java:137)
	at org.openqa.selenium.remote.service.DriverService.findExecutable(DriverService.java:132)
	at org.openqa.selenium.chrome.ChromeDriverService.access$000(ChromeDriverService.java:35)
	at org.openqa.selenium.chrome.ChromeDriverService$Builder.findDefaultExecutable(ChromeDriverService.java:156)
	at org.openqa.selenium.remote.service.DriverService$Builder.build(DriverService.java:346)
	at org.openqa.selenium.chrome.ChromeDriverService.createDefaultService(ChromeDriverService.java:91)
	at org.openqa.selenium.chrome.ChromeDriver.&lt;init&gt;(ChromeDriver.java:157)
	at base.ReusableAPI.getLocalDriver(ReusableAPI.java:78)
	at base.ReusableAPI.setUp(ReusableAPI.java:55)
... Removed 33 stack frames</div></td></tr></table><p class="totop"><a href="#summary">back to summary</a></p>
<h3 id="m218">Search.PageSearch_option_attempt_Test#contactus</h3><table class="result"><tr><th>Exception</th></tr><tr><td><div class="stacktrace">java.lang.IllegalStateException: The driver executable does not exist: /Users/URMI/Desktop/GroupBlueFrameWork/Generic/DriversForBrowser/chromedriver
	at com.google.common.base.Preconditions.checkState(Preconditions.java:585)
	at org.openqa.selenium.remote.service.DriverService.checkExecutable(DriverService.java:137)
	at org.openqa.selenium.remote.service.DriverService.findExecutable(DriverService.java:132)
	at org.openqa.selenium.chrome.ChromeDriverService.access$000(ChromeDriverService.java:35)
	at org.openqa.selenium.chrome.ChromeDriverService$Builder.findDefaultExecutable(ChromeDriverService.java:156)
	at org.openqa.selenium.remote.service.DriverService$Builder.build(DriverService.java:346)
	at org.openqa.selenium.chrome.ChromeDriverService.createDefaultService(ChromeDriverService.java:91)
	at org.openqa.selenium.chrome.ChromeDriver.&lt;init&gt;(ChromeDriver.java:157)
	at base.ReusableAPI.getLocalDriver(ReusableAPI.java:78)
	at base.ReusableAPI.setUp(ReusableAPI.java:55)
... Removed 33 stack frames</div></td></tr></table><p class="totop"><a href="#summary">back to summary</a></p>
<h3 id="m219">Search.PageSearch_option_attempt_Test#findATM</h3><table class="result"><tr><th>Exception</th></tr><tr><td><div class="stacktrace">java.lang.IllegalStateException: The driver executable does not exist: /Users/URMI/Desktop/GroupBlueFrameWork/Generic/DriversForBrowser/chromedriver
	at com.google.common.base.Preconditions.checkState(Preconditions.java:585)
	at org.openqa.selenium.remote.service.DriverService.checkExecutable(DriverService.java:137)
	at org.openqa.selenium.remote.service.DriverService.findExecutable(DriverService.java:132)
	at org.openqa.selenium.chrome.ChromeDriverService.access$000(ChromeDriverService.java:35)
	at org.openqa.selenium.chrome.ChromeDriverService$Builder.findDefaultExecutable(ChromeDriverService.java:156)
	at org.openqa.selenium.remote.service.DriverService$Builder.build(DriverService.java:346)
	at org.openqa.selenium.chrome.ChromeDriverService.createDefaultService(ChromeDriverService.java:91)
	at org.openqa.selenium.chrome.ChromeDriver.&lt;init&gt;(ChromeDriver.java:157)
	at base.ReusableAPI.getLocalDriver(ReusableAPI.java:78)
	at base.ReusableAPI.setUp(ReusableAPI.java:55)
... Removed 33 stack frames</div></td></tr></table><p class="totop"><a href="#summary">back to summary</a></p>
<h3 id="m220">Search.PageSearch_option_attempt_Test#mortgageLending</h3><table class="result"><tr><th>Exception</th></tr><tr><td><div class="stacktrace">java.lang.IllegalStateException: The driver executable does not exist: /Users/URMI/Desktop/GroupBlueFrameWork/Generic/DriversForBrowser/chromedriver
	at com.google.common.base.Preconditions.checkState(Preconditions.java:585)
	at org.openqa.selenium.remote.service.DriverService.checkExecutable(DriverService.java:137)
	at org.openqa.selenium.remote.service.DriverService.findExecutable(DriverService.java:132)
	at org.openqa.selenium.chrome.ChromeDriverService.access$000(ChromeDriverService.java:35)
	at org.openqa.selenium.chrome.ChromeDriverService$Builder.findDefaultExecutable(ChromeDriverService.java:156)
	at org.openqa.selenium.remote.service.DriverService$Builder.build(DriverService.java:346)
	at org.openqa.selenium.chrome.ChromeDriverService.createDefaultService(ChromeDriverService.java:91)
	at org.openqa.selenium.chrome.ChromeDriver.&lt;init&gt;(ChromeDriver.java:157)
	at base.ReusableAPI.getLocalDriver(ReusableAPI.java:78)
	at base.ReusableAPI.setUp(ReusableAPI.java:55)
... Removed 33 stack frames</div></td></tr></table><p class="totop"><a href="#summary">back to summary</a></p>
<h3 id="m221">Search.PageSearch_option_attempt_Test#privacypolicy</h3><table class="result"><tr><th>Exception</th></tr><tr><td><div class="stacktrace">java.lang.IllegalStateException: The driver executable does not exist: /Users/URMI/Desktop/GroupBlueFrameWork/Generic/DriversForBrowser/chromedriver
	at com.google.common.base.Preconditions.checkState(Preconditions.java:585)
	at org.openqa.selenium.remote.service.DriverService.checkExecutable(DriverService.java:137)
	at org.openqa.selenium.remote.service.DriverService.findExecutable(DriverService.java:132)
	at org.openqa.selenium.chrome.ChromeDriverService.access$000(ChromeDriverService.java:35)
	at org.openqa.selenium.chrome.ChromeDriverService$Builder.findDefaultExecutable(ChromeDriverService.java:156)
	at org.openqa.selenium.remote.service.DriverService$Builder.build(DriverService.java:346)
	at org.openqa.selenium.chrome.ChromeDriverService.createDefaultService(ChromeDriverService.java:91)
	at org.openqa.selenium.chrome.ChromeDriver.&lt;init&gt;(ChromeDriver.java:157)
	at base.ReusableAPI.getLocalDriver(ReusableAPI.java:78)
	at base.ReusableAPI.setUp(ReusableAPI.java:55)
... Removed 33 stack frames</div></td></tr></table><p class="totop"><a href="#summary">back to summary</a></p>
<h3 id="m222">Search.PersonalTextOptionPageTest#Banking_Test</h3><table class="result"><tr><th>Exception</th></tr><tr><td><div class="stacktrace">java.lang.IllegalStateException: The driver executable does not exist: /Users/URMI/Desktop/GroupBlueFrameWork/Generic/DriversForBrowser/chromedriver
	at com.google.common.base.Preconditions.checkState(Preconditions.java:585)
	at org.openqa.selenium.remote.service.DriverService.checkExecutable(DriverService.java:137)
	at org.openqa.selenium.remote.service.DriverService.findExecutable(DriverService.java:132)
	at org.openqa.selenium.chrome.ChromeDriverService.access$000(ChromeDriverService.java:35)
	at org.openqa.selenium.chrome.ChromeDriverService$Builder.findDefaultExecutable(ChromeDriverService.java:156)
	at org.openqa.selenium.remote.service.DriverService$Builder.build(DriverService.java:346)
	at org.openqa.selenium.chrome.ChromeDriverService.createDefaultService(ChromeDriverService.java:91)
	at org.openqa.selenium.chrome.ChromeDriver.&lt;init&gt;(ChromeDriver.java:157)
	at base.ReusableAPI.getLocalDriver(ReusableAPI.java:78)
	at base.ReusableAPI.setUp(ReusableAPI.java:55)
... Removed 33 stack frames</div></td></tr></table><p class="totop"><a href="#summary">back to summary</a></p>
<h3 id="m223">Search.PersonalTextOptionPageTest#Borrowing_Test</h3><table class="result"><tr><th>Exception</th></tr><tr><td><div class="stacktrace">java.lang.IllegalStateException: The driver executable does not exist: /Users/URMI/Desktop/GroupBlueFrameWork/Generic/DriversForBrowser/chromedriver
	at com.google.common.base.Preconditions.checkState(Preconditions.java:585)
	at org.openqa.selenium.remote.service.DriverService.checkExecutable(DriverService.java:137)
	at org.openqa.selenium.remote.service.DriverService.findExecutable(DriverService.java:132)
	at org.openqa.selenium.chrome.ChromeDriverService.access$000(ChromeDriverService.java:35)
	at org.openqa.selenium.chrome.ChromeDriverService$Builder.findDefaultExecutable(ChromeDriverService.java:156)
	at org.openqa.selenium.remote.service.DriverService$Builder.build(DriverService.java:346)
	at org.openqa.selenium.chrome.ChromeDriverService.createDefaultService(ChromeDriverService.java:91)
	at org.openqa.selenium.chrome.ChromeDriver.&lt;init&gt;(ChromeDriver.java:157)
	at base.ReusableAPI.getLocalDriver(ReusableAPI.java:78)
	at base.ReusableAPI.setUp(ReusableAPI.java:55)
... Removed 33 stack frames</div></td></tr></table><p class="totop"><a href="#summary">back to summary</a></p>
<h3 id="m224">Search.PersonalTextOptionPageTest#CreditCard_Test</h3><table class="result"><tr><th>Exception</th></tr><tr><td><div class="stacktrace">java.lang.IllegalStateException: The driver executable does not exist: /Users/URMI/Desktop/GroupBlueFrameWork/Generic/DriversForBrowser/chromedriver
	at com.google.common.base.Preconditions.checkState(Preconditions.java:585)
	at org.openqa.selenium.remote.service.DriverService.checkExecutable(DriverService.java:137)
	at org.openqa.selenium.remote.service.DriverService.findExecutable(DriverService.java:132)
	at org.openqa.selenium.chrome.ChromeDriverService.access$000(ChromeDriverService.java:35)
	at org.openqa.selenium.chrome.ChromeDriverService$Builder.findDefaultExecutable(ChromeDriverService.java:156)
	at org.openqa.selenium.remote.service.DriverService$Builder.build(DriverService.java:346)
	at org.openqa.selenium.chrome.ChromeDriverService.createDefaultService(ChromeDriverService.java:91)
	at org.openqa.selenium.chrome.ChromeDriver.&lt;init&gt;(ChromeDriver.java:157)
	at base.ReusableAPI.getLocalDriver(ReusableAPI.java:78)
	at base.ReusableAPI.setUp(ReusableAPI.java:55)
... Removed 33 stack frames</div></td></tr></table><p class="totop"><a href="#summary">back to summary</a></p>
<h3 id="m225">Search.PersonalTextOptionPageTest#InvestmentandProtections_Test</h3><table class="result"><tr><th>Exception</th></tr><tr><td><div class="stacktrace">java.lang.IllegalStateException: The driver executable does not exist: /Users/URMI/Desktop/GroupBlueFrameWork/Generic/DriversForBrowser/chromedriver
	at com.google.common.base.Preconditions.checkState(Preconditions.java:585)
	at org.openqa.selenium.remote.service.DriverService.checkExecutable(DriverService.java:137)
	at org.openqa.selenium.remote.service.DriverService.findExecutable(DriverService.java:132)
	at org.openqa.selenium.chrome.ChromeDriverService.access$000(ChromeDriverService.java:35)
	at org.openqa.selenium.chrome.ChromeDriverService$Builder.findDefaultExecutable(ChromeDriverService.java:156)
	at org.openqa.selenium.remote.service.DriverService$Builder.build(DriverService.java:346)
	at org.openqa.selenium.chrome.ChromeDriverService.createDefaultService(ChromeDriverService.java:91)
	at org.openqa.selenium.chrome.ChromeDriver.&lt;init&gt;(ChromeDriver.java:157)
	at base.ReusableAPI.getLocalDriver(ReusableAPI.java:78)
	at base.ReusableAPI.setUp(ReusableAPI.java:55)
... Removed 33 stack frames</div></td></tr></table><p class="totop"><a href="#summary">back to summary</a></p>
<h3 id="m226">Search.PersonalTextOptionPageTest#ProsperandThrives_Test</h3><table class="result"><tr><th>Exception</th></tr><tr><td><div class="stacktrace">java.lang.IllegalStateException: The driver executable does not exist: /Users/URMI/Desktop/GroupBlueFrameWork/Generic/DriversForBrowser/chromedriver
	at com.google.common.base.Preconditions.checkState(Preconditions.java:585)
	at org.openqa.selenium.remote.service.DriverService.checkExecutable(DriverService.java:137)
	at org.openqa.selenium.remote.service.DriverService.findExecutable(DriverService.java:132)
	at org.openqa.selenium.chrome.ChromeDriverService.access$000(ChromeDriverService.java:35)
	at org.openqa.selenium.chrome.ChromeDriverService$Builder.findDefaultExecutable(ChromeDriverService.java:156)
	at org.openqa.selenium.remote.service.DriverService$Builder.build(DriverService.java:346)
	at org.openqa.selenium.chrome.ChromeDriverService.createDefaultService(ChromeDriverService.java:91)
	at org.openqa.selenium.chrome.ChromeDriver.&lt;init&gt;(ChromeDriver.java:157)
	at base.ReusableAPI.getLocalDriver(ReusableAPI.java:78)
	at base.ReusableAPI.setUp(ReusableAPI.java:55)
... Removed 33 stack frames</div></td></tr></table><p class="totop"><a href="#summary">back to summary</a></p>
</body>
</html>
