<?xml version="1.0" encoding="UTF-8"?>
<testsuite xmlns:xsi="http://www.w3.org/2001/XMLSchema-instance" xsi:noNamespaceSchemaLocation="https://maven.apache.org/surefire/maven-surefire-plugin/xsd/surefire-test-report.xsd" name="TestSuite" time="2.39" tests="289" errors="0" skipped="281" failures="8">
  <properties>
    <property name="gopherProxySet" value="false"/>
    <property name="awt.toolkit" value="sun.lwawt.macosx.LWCToolkit"/>
    <property name="java.specification.version" value="10"/>
    <property name="file.encoding.pkg" value="sun.io"/>
    <property name="sun.cpu.isalist" value=""/>
    <property name="sun.jnu.encoding" value="UTF-8"/>
    <property name="java.class.path" value="/Users/URMI/Desktop/GroupBlueFrameWork/SantanderBank/target/test-classes:/Users/URMI/Desktop/GroupBlueFrameWork/SantanderBank/target/classes:/Users/URMI/.m2/repository/GroupBlueFrameWork/Generic/1.0-SNAPSHOT/Generic-1.0-SNAPSHOT.jar:/Users/URMI/.m2/repository/org/testng/testng/6.14.3/testng-6.14.3.jar:/Users/URMI/.m2/repository/com/beust/jcommander/1.72/jcommander-1.72.jar:/Users/URMI/.m2/repository/org/apache-extras/beanshell/bsh/2.0b6/bsh-2.0b6.jar:/Users/URMI/.m2/repository/org/seleniumhq/selenium/selenium-java/3.14.0/selenium-java-3.14.0.jar:/Users/URMI/.m2/repository/org/seleniumhq/selenium/selenium-api/3.14.0/selenium-api-3.14.0.jar:/Users/URMI/.m2/repository/org/seleniumhq/selenium/selenium-chrome-driver/3.14.0/selenium-chrome-driver-3.14.0.jar:/Users/URMI/.m2/repository/org/seleniumhq/selenium/selenium-edge-driver/3.14.0/selenium-edge-driver-3.14.0.jar:/Users/URMI/.m2/repository/org/seleniumhq/selenium/selenium-firefox-driver/3.14.0/selenium-firefox-driver-3.14.0.jar:/Users/URMI/.m2/repository/org/seleniumhq/selenium/selenium-ie-driver/3.14.0/selenium-ie-driver-3.14.0.jar:/Users/URMI/.m2/repository/org/seleniumhq/selenium/selenium-opera-driver/3.14.0/selenium-opera-driver-3.14.0.jar:/Users/URMI/.m2/repository/org/seleniumhq/selenium/selenium-remote-driver/3.14.0/selenium-remote-driver-3.14.0.jar:/Users/URMI/.m2/repository/org/seleniumhq/selenium/selenium-safari-driver/3.14.0/selenium-safari-driver-3.14.0.jar:/Users/URMI/.m2/repository/org/seleniumhq/selenium/selenium-support/3.14.0/selenium-support-3.14.0.jar:/Users/URMI/.m2/repository/net/bytebuddy/byte-buddy/1.8.15/byte-buddy-1.8.15.jar:/Users/URMI/.m2/repository/org/apache/commons/commons-exec/1.3/commons-exec-1.3.jar:/Users/URMI/.m2/repository/commons-codec/commons-codec/1.10/commons-codec-1.10.jar:/Users/URMI/.m2/repository/commons-logging/commons-logging/1.2/commons-logging-1.2.jar:/Users/URMI/.m2/repository/com/google/guava/guava/25.0-jre/guava-25.0-jre.jar:/Users/URMI/.m2/repository/com/google/code/findbugs/jsr305/1.3.9/jsr305-1.3.9.jar:/Users/URMI/.m2/repository/org/checkerframework/checker-compat-qual/2.0.0/checker-compat-qual-2.0.0.jar:/Users/URMI/.m2/repository/com/google/errorprone/error_prone_annotations/2.1.3/error_prone_annotations-2.1.3.jar:/Users/URMI/.m2/repository/com/google/j2objc/j2objc-annotations/1.1/j2objc-annotations-1.1.jar:/Users/URMI/.m2/repository/org/codehaus/mojo/animal-sniffer-annotations/1.14/animal-sniffer-annotations-1.14.jar:/Users/URMI/.m2/repository/org/apache/httpcomponents/httpclient/4.5.5/httpclient-4.5.5.jar:/Users/URMI/.m2/repository/org/apache/httpcomponents/httpcore/4.4.9/httpcore-4.4.9.jar:/Users/URMI/.m2/repository/com/squareup/okhttp3/okhttp/3.10.0/okhttp-3.10.0.jar:/Users/URMI/.m2/repository/com/squareup/okio/okio/1.14.1/okio-1.14.1.jar:/Users/URMI/.m2/repository/com/aventstack/extentreports/3.1.3/extentreports-3.1.3.jar:/Users/URMI/.m2/repository/org/freemarker/freemarker/2.3.23/freemarker-2.3.23.jar:/Users/URMI/.m2/repository/org/mongodb/mongodb-driver/3.3.0/mongodb-driver-3.3.0.jar:/Users/URMI/.m2/repository/org/mongodb/bson/3.3.0/bson-3.3.0.jar:/Users/URMI/.m2/repository/org/mongodb/mongodb-driver-core/3.3.0/mongodb-driver-core-3.3.0.jar:/Users/URMI/.m2/repository/org/apache/httpcomponents/httpmime/4.5.2/httpmime-4.5.2.jar:/Users/URMI/.m2/repository/org/jsoup/jsoup/1.9.2/jsoup-1.9.2.jar:/Users/URMI/.m2/repository/com/google/code/gson/gson/2.8.0/gson-2.8.0.jar:/Users/URMI/.m2/repository/com/relevantcodes/extentreports/2.41.1/extentreports-2.41.1.jar:/Users/URMI/.m2/repository/org/xerial/sqlite-jdbc/3.8.11.1/sqlite-jdbc-3.8.11.1.jar:/Users/URMI/.m2/repository/org/seleniumhq/selenium/selenium-server/3.14.0/selenium-server-3.14.0.jar:/Users/URMI/.m2/repository/org/apache/commons/commons-lang3/3.7/commons-lang3-3.7.jar:/Users/URMI/.m2/repository/org/apache/commons/commons-text/1.1/commons-text-1.1.jar:/Users/URMI/.m2/repository/commons-io/commons-io/2.6/commons-io-2.6.jar:/Users/URMI/.m2/repository/commons-net/commons-net/3.6/commons-net-3.6.jar:/Users/URMI/.m2/repository/net/sourceforge/htmlunit/htmlunit/2.30/htmlunit-2.30.jar:/Users/URMI/.m2/repository/net/sourceforge/htmlunit/htmlunit-core-js/2.28/htmlunit-core-js-2.28.jar:/Users/URMI/.m2/repository/net/sourceforge/htmlunit/htmlunit-cssparser/1.0.0/htmlunit-cssparser-1.0.0.jar:/Users/URMI/.m2/repository/net/sourceforge/htmlunit/neko-htmlunit/2.30/neko-htmlunit-2.30.jar:/Users/URMI/.m2/repository/net/jcip/jcip-annotations/1.0/jcip-annotations-1.0.jar:/Users/URMI/.m2/repository/org/seleniumhq/selenium/jetty-repacked/9.4.8.v20180619/jetty-repacked-9.4.8.v20180619.jar:/Users/URMI/.m2/repository/org/eclipse/jetty/jetty-client/9.4.8.v20180619/jetty-client-9.4.8.v20180619.jar:/Users/URMI/.m2/repository/org/eclipse/jetty/jetty-http/9.4.8.v20180619/jetty-http-9.4.8.v20180619.jar:/Users/URMI/.m2/repository/org/eclipse/jetty/jetty-io/9.4.8.v20180619/jetty-io-9.4.8.v20180619.jar:/Users/URMI/.m2/repository/org/eclipse/jetty/jetty-util/9.4.8.v20180619/jetty-util-9.4.8.v20180619.jar:/Users/URMI/.m2/repository/org/eclipse/jetty/jetty-xml/9.4.8.v20180619/jetty-xml-9.4.8.v20180619.jar:/Users/URMI/.m2/repository/org/seleniumhq/selenium/htmlunit-driver/2.30.0/htmlunit-driver-2.30.0.jar:/Users/URMI/.m2/repository/javax/servlet/javax.servlet-api/3.1.0/javax.servlet-api-3.1.0.jar:/Users/URMI/.m2/repository/org/eclipse/jetty/websocket/websocket-api/9.4.8.v20180619/websocket-api-9.4.8.v20180619.jar:/Users/URMI/.m2/repository/org/eclipse/jetty/websocket/websocket-client/9.4.8.v20180619/websocket-client-9.4.8.v20180619.jar:/Users/URMI/.m2/repository/org/eclipse/jetty/websocket/websocket-common/9.4.8.v20180619/websocket-common-9.4.8.v20180619.jar:/Users/URMI/.m2/repository/xalan/serializer/2.7.2/serializer-2.7.2.jar:/Users/URMI/.m2/repository/xalan/xalan/2.7.2/xalan-2.7.2.jar:/Users/URMI/.m2/repository/xerces/xercesImpl/2.11.0/xercesImpl-2.11.0.jar:/Users/URMI/.m2/repository/xml-apis/xml-apis/1.4.01/xml-apis-1.4.01.jar:/Users/URMI/.m2/repository/org/yaml/snakeyaml/1.19/snakeyaml-1.19.jar:/Users/URMI/.m2/repository/org/apache/poi/poi/3.9/poi-3.9.jar:/Users/URMI/.m2/repository/org/apache/poi/poi-ooxml/3.9/poi-ooxml-3.9.jar:/Users/URMI/.m2/repository/org/apache/poi/poi-ooxml-schemas/3.9/poi-ooxml-schemas-3.9.jar:/Users/URMI/.m2/repository/org/apache/xmlbeans/xmlbeans/2.3.0/xmlbeans-2.3.0.jar:/Users/URMI/.m2/repository/stax/stax-api/1.0.1/stax-api-1.0.1.jar:/Users/URMI/.m2/repository/dom4j/dom4j/1.6.1/dom4j-1.6.1.jar:/Users/URMI/.m2/repository/com/google/api-client/google-api-client/1.23.0/google-api-client-1.23.0.jar:/Users/URMI/.m2/repository/com/google/oauth-client/google-oauth-client/1.23.0/google-oauth-client-1.23.0.jar:/Users/URMI/.m2/repository/com/google/http-client/google-http-client/1.23.0/google-http-client-1.23.0.jar:/Users/URMI/.m2/repository/com/google/http-client/google-http-client-jackson2/1.23.0/google-http-client-jackson2-1.23.0.jar:/Users/URMI/.m2/repository/com/fasterxml/jackson/core/jackson-core/2.1.3/jackson-core-2.1.3.jar:/Users/URMI/.m2/repository/com/google/guava/guava-jdk5/17.0/guava-jdk5-17.0.jar:/Users/URMI/.m2/repository/com/google/oauth-client/google-oauth-client-jetty/1.23.0/google-oauth-client-jetty-1.23.0.jar:/Users/URMI/.m2/repository/com/google/oauth-client/google-oauth-client-java6/1.23.0/google-oauth-client-java6-1.23.0.jar:/Users/URMI/.m2/repository/org/mortbay/jetty/jetty/6.1.26/jetty-6.1.26.jar:/Users/URMI/.m2/repository/org/mortbay/jetty/jetty-util/6.1.26/jetty-util-6.1.26.jar:/Users/URMI/.m2/repository/org/mortbay/jetty/servlet-api/2.5-20081211/servlet-api-2.5-20081211.jar:/Users/URMI/.m2/repository/com/google/apis/google-api-services-sheets/v4-rev498-1.23.0/google-api-services-sheets-v4-rev498-1.23.0.jar:/Users/URMI/.m2/repository/org/apache/maven/surefire/surefire-testng-utils/2.22.0/surefire-testng-utils-2.22.0.jar:/Users/URMI/.m2/repository/org/apache/maven/surefire/surefire-grouper/2.22.0/surefire-grouper-2.22.0.jar:"/>
    <property name="java.vm.vendor" value="&quot;Oracle Corporation&quot;"/>
    <property name="sun.arch.data.model" value="64"/>
    <property name="java.vendor.url" value="http://java.oracle.com/"/>
    <property name="user.timezone" value=""/>
    <property name="java.vm.specification.version" value="10"/>
    <property name="os.name" value="Mac OS X"/>
    <property name="sun.java.launcher" value="SUN_STANDARD"/>
    <property name="user.country" value="US"/>
    <property name="sun.boot.library.path" value="/Library/Java/JavaVirtualMachines/jdk-10.0.2.jdk/Contents/Home/lib"/>
    <property name="sun.java.command" value="/Users/URMI/Desktop/GroupBlueFrameWork/SantanderBank/target/surefire/surefirebooter15453673709810448478.jar /Users/URMI/Desktop/GroupBlueFrameWork/SantanderBank/target/surefire 2018-09-27T18-00-28_888-jvmRun1 surefire14835832869834996345tmp surefire_011428469421582090534tmp"/>
    <property name="http.nonProxyHosts" value="local|*.local|169.254/16|*.169.254/16"/>
    <property name="jdk.debug" value="release"/>
    <property name="surefire.test.class.path" value="/Users/URMI/Desktop/GroupBlueFrameWork/SantanderBank/target/test-classes:/Users/URMI/Desktop/GroupBlueFrameWork/SantanderBank/target/classes:/Users/URMI/.m2/repository/GroupBlueFrameWork/Generic/1.0-SNAPSHOT/Generic-1.0-SNAPSHOT.jar:/Users/URMI/.m2/repository/org/testng/testng/6.14.3/testng-6.14.3.jar:/Users/URMI/.m2/repository/com/beust/jcommander/1.72/jcommander-1.72.jar:/Users/URMI/.m2/repository/org/apache-extras/beanshell/bsh/2.0b6/bsh-2.0b6.jar:/Users/URMI/.m2/repository/org/seleniumhq/selenium/selenium-java/3.14.0/selenium-java-3.14.0.jar:/Users/URMI/.m2/repository/org/seleniumhq/selenium/selenium-api/3.14.0/selenium-api-3.14.0.jar:/Users/URMI/.m2/repository/org/seleniumhq/selenium/selenium-chrome-driver/3.14.0/selenium-chrome-driver-3.14.0.jar:/Users/URMI/.m2/repository/org/seleniumhq/selenium/selenium-edge-driver/3.14.0/selenium-edge-driver-3.14.0.jar:/Users/URMI/.m2/repository/org/seleniumhq/selenium/selenium-firefox-driver/3.14.0/selenium-firefox-driver-3.14.0.jar:/Users/URMI/.m2/repository/org/seleniumhq/selenium/selenium-ie-driver/3.14.0/selenium-ie-driver-3.14.0.jar:/Users/URMI/.m2/repository/org/seleniumhq/selenium/selenium-opera-driver/3.14.0/selenium-opera-driver-3.14.0.jar:/Users/URMI/.m2/repository/org/seleniumhq/selenium/selenium-remote-driver/3.14.0/selenium-remote-driver-3.14.0.jar:/Users/URMI/.m2/repository/org/seleniumhq/selenium/selenium-safari-driver/3.14.0/selenium-safari-driver-3.14.0.jar:/Users/URMI/.m2/repository/org/seleniumhq/selenium/selenium-support/3.14.0/selenium-support-3.14.0.jar:/Users/URMI/.m2/repository/net/bytebuddy/byte-buddy/1.8.15/byte-buddy-1.8.15.jar:/Users/URMI/.m2/repository/org/apache/commons/commons-exec/1.3/commons-exec-1.3.jar:/Users/URMI/.m2/repository/commons-codec/commons-codec/1.10/commons-codec-1.10.jar:/Users/URMI/.m2/repository/commons-logging/commons-logging/1.2/commons-logging-1.2.jar:/Users/URMI/.m2/repository/com/google/guava/guava/25.0-jre/guava-25.0-jre.jar:/Users/URMI/.m2/repository/com/google/code/findbugs/jsr305/1.3.9/jsr305-1.3.9.jar:/Users/URMI/.m2/repository/org/checkerframework/checker-compat-qual/2.0.0/checker-compat-qual-2.0.0.jar:/Users/URMI/.m2/repository/com/google/errorprone/error_prone_annotations/2.1.3/error_prone_annotations-2.1.3.jar:/Users/URMI/.m2/repository/com/google/j2objc/j2objc-annotations/1.1/j2objc-annotations-1.1.jar:/Users/URMI/.m2/repository/org/codehaus/mojo/animal-sniffer-annotations/1.14/animal-sniffer-annotations-1.14.jar:/Users/URMI/.m2/repository/org/apache/httpcomponents/httpclient/4.5.5/httpclient-4.5.5.jar:/Users/URMI/.m2/repository/org/apache/httpcomponents/httpcore/4.4.9/httpcore-4.4.9.jar:/Users/URMI/.m2/repository/com/squareup/okhttp3/okhttp/3.10.0/okhttp-3.10.0.jar:/Users/URMI/.m2/repository/com/squareup/okio/okio/1.14.1/okio-1.14.1.jar:/Users/URMI/.m2/repository/com/aventstack/extentreports/3.1.3/extentreports-3.1.3.jar:/Users/URMI/.m2/repository/org/freemarker/freemarker/2.3.23/freemarker-2.3.23.jar:/Users/URMI/.m2/repository/org/mongodb/mongodb-driver/3.3.0/mongodb-driver-3.3.0.jar:/Users/URMI/.m2/repository/org/mongodb/bson/3.3.0/bson-3.3.0.jar:/Users/URMI/.m2/repository/org/mongodb/mongodb-driver-core/3.3.0/mongodb-driver-core-3.3.0.jar:/Users/URMI/.m2/repository/org/apache/httpcomponents/httpmime/4.5.2/httpmime-4.5.2.jar:/Users/URMI/.m2/repository/org/jsoup/jsoup/1.9.2/jsoup-1.9.2.jar:/Users/URMI/.m2/repository/com/google/code/gson/gson/2.8.0/gson-2.8.0.jar:/Users/URMI/.m2/repository/com/relevantcodes/extentreports/2.41.1/extentreports-2.41.1.jar:/Users/URMI/.m2/repository/org/xerial/sqlite-jdbc/3.8.11.1/sqlite-jdbc-3.8.11.1.jar:/Users/URMI/.m2/repository/org/seleniumhq/selenium/selenium-server/3.14.0/selenium-server-3.14.0.jar:/Users/URMI/.m2/repository/org/apache/commons/commons-lang3/3.7/commons-lang3-3.7.jar:/Users/URMI/.m2/repository/org/apache/commons/commons-text/1.1/commons-text-1.1.jar:/Users/URMI/.m2/repository/commons-io/commons-io/2.6/commons-io-2.6.jar:/Users/URMI/.m2/repository/commons-net/commons-net/3.6/commons-net-3.6.jar:/Users/URMI/.m2/repository/net/sourceforge/htmlunit/htmlunit/2.30/htmlunit-2.30.jar:/Users/URMI/.m2/repository/net/sourceforge/htmlunit/htmlunit-core-js/2.28/htmlunit-core-js-2.28.jar:/Users/URMI/.m2/repository/net/sourceforge/htmlunit/htmlunit-cssparser/1.0.0/htmlunit-cssparser-1.0.0.jar:/Users/URMI/.m2/repository/net/sourceforge/htmlunit/neko-htmlunit/2.30/neko-htmlunit-2.30.jar:/Users/URMI/.m2/repository/net/jcip/jcip-annotations/1.0/jcip-annotations-1.0.jar:/Users/URMI/.m2/repository/org/seleniumhq/selenium/jetty-repacked/9.4.8.v20180619/jetty-repacked-9.4.8.v20180619.jar:/Users/URMI/.m2/repository/org/eclipse/jetty/jetty-client/9.4.8.v20180619/jetty-client-9.4.8.v20180619.jar:/Users/URMI/.m2/repository/org/eclipse/jetty/jetty-http/9.4.8.v20180619/jetty-http-9.4.8.v20180619.jar:/Users/URMI/.m2/repository/org/eclipse/jetty/jetty-io/9.4.8.v20180619/jetty-io-9.4.8.v20180619.jar:/Users/URMI/.m2/repository/org/eclipse/jetty/jetty-util/9.4.8.v20180619/jetty-util-9.4.8.v20180619.jar:/Users/URMI/.m2/repository/org/eclipse/jetty/jetty-xml/9.4.8.v20180619/jetty-xml-9.4.8.v20180619.jar:/Users/URMI/.m2/repository/org/seleniumhq/selenium/htmlunit-driver/2.30.0/htmlunit-driver-2.30.0.jar:/Users/URMI/.m2/repository/javax/servlet/javax.servlet-api/3.1.0/javax.servlet-api-3.1.0.jar:/Users/URMI/.m2/repository/org/eclipse/jetty/websocket/websocket-api/9.4.8.v20180619/websocket-api-9.4.8.v20180619.jar:/Users/URMI/.m2/repository/org/eclipse/jetty/websocket/websocket-client/9.4.8.v20180619/websocket-client-9.4.8.v20180619.jar:/Users/URMI/.m2/repository/org/eclipse/jetty/websocket/websocket-common/9.4.8.v20180619/websocket-common-9.4.8.v20180619.jar:/Users/URMI/.m2/repository/xalan/serializer/2.7.2/serializer-2.7.2.jar:/Users/URMI/.m2/repository/xalan/xalan/2.7.2/xalan-2.7.2.jar:/Users/URMI/.m2/repository/xerces/xercesImpl/2.11.0/xercesImpl-2.11.0.jar:/Users/URMI/.m2/repository/xml-apis/xml-apis/1.4.01/xml-apis-1.4.01.jar:/Users/URMI/.m2/repository/org/yaml/snakeyaml/1.19/snakeyaml-1.19.jar:/Users/URMI/.m2/repository/org/apache/poi/poi/3.9/poi-3.9.jar:/Users/URMI/.m2/repository/org/apache/poi/poi-ooxml/3.9/poi-ooxml-3.9.jar:/Users/URMI/.m2/repository/org/apache/poi/poi-ooxml-schemas/3.9/poi-ooxml-schemas-3.9.jar:/Users/URMI/.m2/repository/org/apache/xmlbeans/xmlbeans/2.3.0/xmlbeans-2.3.0.jar:/Users/URMI/.m2/repository/stax/stax-api/1.0.1/stax-api-1.0.1.jar:/Users/URMI/.m2/repository/dom4j/dom4j/1.6.1/dom4j-1.6.1.jar:/Users/URMI/.m2/repository/com/google/api-client/google-api-client/1.23.0/google-api-client-1.23.0.jar:/Users/URMI/.m2/repository/com/google/oauth-client/google-oauth-client/1.23.0/google-oauth-client-1.23.0.jar:/Users/URMI/.m2/repository/com/google/http-client/google-http-client/1.23.0/google-http-client-1.23.0.jar:/Users/URMI/.m2/repository/com/google/http-client/google-http-client-jackson2/1.23.0/google-http-client-jackson2-1.23.0.jar:/Users/URMI/.m2/repository/com/fasterxml/jackson/core/jackson-core/2.1.3/jackson-core-2.1.3.jar:/Users/URMI/.m2/repository/com/google/guava/guava-jdk5/17.0/guava-jdk5-17.0.jar:/Users/URMI/.m2/repository/com/google/oauth-client/google-oauth-client-jetty/1.23.0/google-oauth-client-jetty-1.23.0.jar:/Users/URMI/.m2/repository/com/google/oauth-client/google-oauth-client-java6/1.23.0/google-oauth-client-java6-1.23.0.jar:/Users/URMI/.m2/repository/org/mortbay/jetty/jetty/6.1.26/jetty-6.1.26.jar:/Users/URMI/.m2/repository/org/mortbay/jetty/jetty-util/6.1.26/jetty-util-6.1.26.jar:/Users/URMI/.m2/repository/org/mortbay/jetty/servlet-api/2.5-20081211/servlet-api-2.5-20081211.jar:/Users/URMI/.m2/repository/com/google/apis/google-api-services-sheets/v4-rev498-1.23.0/google-api-services-sheets-v4-rev498-1.23.0.jar:/Users/URMI/.m2/repository/org/apache/maven/surefire/surefire-testng-utils/2.22.0/surefire-testng-utils-2.22.0.jar:/Users/URMI/.m2/repository/org/apache/maven/surefire/surefire-grouper/2.22.0/surefire-grouper-2.22.0.jar:"/>
    <property name="sun.cpu.endian" value="little"/>
    <property name="user.home" value="/Users/URMI"/>
    <property name="user.language" value="en"/>
    <property name="java.specification.vendor" value="Oracle Corporation"/>
    <property name="java.version.date" value="2018-07-17"/>
    <property name="java.home" value="/Library/Java/JavaVirtualMachines/jdk-10.0.2.jdk/Contents/Home"/>
    <property name="file.separator" value="/"/>
    <property name="basedir" value="/Users/URMI/Desktop/GroupBlueFrameWork/SantanderBank"/>
    <property name="java.vm.compressedOopsMode" value="Zero based"/>
    <property name="line.separator" value="&#10;"/>
    <property name="java.specification.name" value="Java Platform API Specification"/>
    <property name="java.vm.specification.vendor" value="Oracle Corporation"/>
    <property name="java.awt.graphicsenv" value="sun.awt.CGraphicsEnvironment"/>
    <property name="surefire.real.class.path" value="/Users/URMI/Desktop/GroupBlueFrameWork/SantanderBank/target/surefire/surefirebooter15453673709810448478.jar"/>
    <property name="sun.management.compiler" value="HotSpot 64-Bit Tiered Compilers"/>
    <property name="ftp.nonProxyHosts" value="local|*.local|169.254/16|*.169.254/16"/>
    <property name="java.runtime.version" value="10.0.2+13"/>
    <property name="user.name" value="URMI"/>
    <property name="path.separator" value=":"/>
    <property name="os.version" value="10.13.1"/>
    <property name="java.runtime.name" value="Java(TM) SE Runtime Environment"/>
    <property name="file.encoding" value="UTF-8"/>
    <property name="java.vm.name" value="Java HotSpot(TM) 64-Bit Server VM"/>
    <property name="java.vendor.version" value="18.3"/>
    <property name="localRepository" value="/Users/URMI/.m2/repository"/>
    <property name="java.vendor.url.bug" value="http://bugreport.java.com/bugreport/"/>
    <property name="java.io.tmpdir" value="/var/folders/nt/xsw3slds1zl0w80ght1vwt4r0000gn/T/"/>
    <property name="idea.version" value="2018.2.1"/>
    <property name="java.version" value="10.0.2"/>
    <property name="user.dir" value="/Users/URMI/Desktop/GroupBlueFrameWork/SantanderBank"/>
    <property name="os.arch" value="x86_64"/>
    <property name="java.vm.specification.name" value="Java Virtual Machine Specification"/>
    <property name="java.awt.printerjob" value="sun.lwawt.macosx.CPrinterJob"/>
    <property name="sun.os.patch.level" value="unknown"/>
    <property name="java.library.path" value="/Users/URMI/Library/Java/Extensions:/Library/Java/Extensions:/Network/Library/Java/Extensions:/System/Library/Java/Extensions:/usr/lib/java:."/>
    <property name="java.vendor" value="Oracle Corporation"/>
    <property name="java.vm.info" value="mixed mode"/>
    <property name="java.vm.version" value="10.0.2+13"/>
    <property name="sun.io.unicode.encoding" value="UnicodeBig"/>
    <property name="java.class.version" value="54.0"/>
    <property name="socksNonProxyHosts" value="local|*.local|169.254/16|*.169.254/16"/>
  </properties>
  <testcase name="setDriver" classname="Search.PageSearch_option_attempt_Test" time="1.186">
    <failure message="&#10;Parameter &apos;os&apos; is required by BeforeMethod on method setDriver but has not been marked @Optional or defined&#10;" type="org.testng.TestNGException">org.testng.TestNGException: 

Parameter 'os' is required by BeforeMethod on method setDriver but has not been marked @Optional or defined

</failure>
  </testcase>
  <testcase name="setDriver" classname="Search.PageSearch_option_attempt_Test" time="0">
    <skipped/>
  </testcase>
  <testcase name="setDriver" classname="Search.PageSearch_option_attempt_Test" time="0">
    <skipped/>
  </testcase>
  <testcase name="setDriver" classname="Search.PageSearch_option_attempt_Test" time="0">
    <skipped/>
  </testcase>
  <testcase name="setDriver" classname="Search.PageSearch_option_attempt_Test" time="0">
    <skipped/>
  </testcase>
  <testcase name="setDriver" classname="Search.PageSearch_option_attempt_Test" time="0">
    <skipped/>
  </testcase>
  <testcase name="setDriver" classname="Search.PageSearch_option_attempt_Test" time="0">
    <skipped/>
  </testcase>
  <testcase name="setDriver" classname="Search.PageSearch_option_attempt_Test" time="0">
    <skipped/>
  </testcase>
  <testcase name="setDriver" classname="Search.PageSearch_option_attempt_Test" time="0">
    <skipped/>
  </testcase>
  <testcase name="setDriver" classname="Search.PageSearch_option_attempt_Test" time="0">
    <skipped/>
  </testcase>
  <testcase name="setUp" classname="Search.PageSearch_option_attempt_Test" time="0">
    <skipped/>
  </testcase>
  <testcase name="setUp" classname="Search.PageSearch_option_attempt_Test" time="0">
    <skipped/>
  </testcase>
  <testcase name="setUp" classname="Search.PageSearch_option_attempt_Test" time="0">
    <skipped/>
  </testcase>
  <testcase name="setUp" classname="Search.PageSearch_option_attempt_Test" time="0">
    <skipped/>
  </testcase>
  <testcase name="setUp" classname="Search.PageSearch_option_attempt_Test" time="0">
    <skipped/>
  </testcase>
  <testcase name="setUp" classname="Search.PageSearch_option_attempt_Test" time="0">
    <skipped/>
  </testcase>
  <testcase name="setUp" classname="Search.PageSearch_option_attempt_Test" time="0">
    <skipped/>
  </testcase>
  <testcase name="setUp" classname="Search.PageSearch_option_attempt_Test" time="0">
    <skipped/>
  </testcase>
  <testcase name="setUp" classname="Search.PageSearch_option_attempt_Test" time="0">
    <skipped/>
  </testcase>
  <testcase name="setUp" classname="Search.PageSearch_option_attempt_Test" time="0">
    <skipped/>
  </testcase>
  <testcase name="startExtent" classname="Search.PageSearch_option_attempt_Test" time="0">
    <skipped/>
  </testcase>
  <testcase name="startExtent" classname="Search.PageSearch_option_attempt_Test" time="0">
    <skipped/>
  </testcase>
  <testcase name="startExtent" classname="Search.PageSearch_option_attempt_Test" time="0">
    <skipped/>
  </testcase>
  <testcase name="startExtent" classname="Search.PageSearch_option_attempt_Test" time="0">
    <skipped/>
  </testcase>
  <testcase name="startExtent" classname="Search.PageSearch_option_attempt_Test" time="0">
    <skipped/>
  </testcase>
  <testcase name="startExtent" classname="Search.PageSearch_option_attempt_Test" time="0">
    <skipped/>
  </testcase>
  <testcase name="startExtent" classname="Search.PageSearch_option_attempt_Test" time="0">
    <skipped/>
  </testcase>
  <testcase name="startExtent" classname="Search.PageSearch_option_attempt_Test" time="0">
    <skipped/>
  </testcase>
  <testcase name="startExtent" classname="Search.PageSearch_option_attempt_Test" time="0">
    <skipped/>
  </testcase>
  <testcase name="startExtent" classname="Search.PageSearch_option_attempt_Test" time="0">
    <skipped/>
  </testcase>
  <testcase name="init" classname="Search.PageSearch_option_attempt_Test" time="0">
    <skipped/>
  </testcase>
  <testcase name="init" classname="Search.PageSearch_option_attempt_Test" time="0">
    <skipped/>
  </testcase>
  <testcase name="init" classname="Search.PageSearch_option_attempt_Test" time="0">
    <skipped/>
  </testcase>
  <testcase name="init" classname="Search.PageSearch_option_attempt_Test" time="0">
    <skipped/>
  </testcase>
  <testcase name="init" classname="Search.PageSearch_option_attempt_Test" time="0">
    <skipped/>
  </testcase>
  <testcase name="init" classname="Search.PageSearch_option_attempt_Test" time="0">
    <skipped/>
  </testcase>
  <testcase name="init" classname="Search.PageSearch_option_attempt_Test" time="0">
    <skipped/>
  </testcase>
  <testcase name="init" classname="Search.PageSearch_option_attempt_Test" time="0">
    <skipped/>
  </testcase>
  <testcase name="init" classname="Search.PageSearch_option_attempt_Test" time="0">
    <skipped/>
  </testcase>
  <testcase name="init" classname="Search.PageSearch_option_attempt_Test" time="0">
    <skipped/>
  </testcase>
  <testcase name="ClassBody" classname="Search.PageSearch_option_attempt_Test" time="0">
    <skipped message="&#10;Parameter &apos;os&apos; is required by BeforeMethod on method setDriver but has not been marked @Optional or defined&#10;"/>
  </testcase>
  <testcase name="afterEachTestMethod" classname="Search.PageSearch_option_attempt_Test" time="0">
    <skipped/>
  </testcase>
  <testcase name="afterEachTestMethod" classname="Search.PageSearch_option_attempt_Test" time="0">
    <skipped/>
  </testcase>
  <testcase name="afterEachTestMethod" classname="Search.PageSearch_option_attempt_Test" time="0">
    <skipped/>
  </testcase>
  <testcase name="afterEachTestMethod" classname="Search.PageSearch_option_attempt_Test" time="0">
    <skipped/>
  </testcase>
  <testcase name="afterEachTestMethod" classname="Search.PageSearch_option_attempt_Test" time="0">
    <skipped/>
  </testcase>
  <testcase name="afterEachTestMethod" classname="Search.PageSearch_option_attempt_Test" time="0">
    <skipped/>
  </testcase>
  <testcase name="afterEachTestMethod" classname="Search.PageSearch_option_attempt_Test" time="0">
    <skipped/>
  </testcase>
  <testcase name="afterEachTestMethod" classname="Search.PageSearch_option_attempt_Test" time="0">
    <skipped/>
  </testcase>
  <testcase name="afterEachTestMethod" classname="Search.PageSearch_option_attempt_Test" time="0">
    <skipped/>
  </testcase>
  <testcase name="afterEachTestMethod" classname="Search.PageSearch_option_attempt_Test" time="0">
    <skipped/>
  </testcase>
  <testcase name="Hovermenu" classname="Search.PageSearch_option_attempt_Test" time="0">
    <skipped message="&#10;Parameter &apos;os&apos; is required by BeforeMethod on method setDriver but has not been marked @Optional or defined&#10;"/>
  </testcase>
  <testcase name="SearchPage" classname="Search.PageSearch_option_attempt_Test" time="0">
    <skipped message="&#10;Parameter &apos;os&apos; is required by BeforeMethod on method setDriver but has not been marked @Optional or defined&#10;"/>
  </testcase>
  <testcase name="TermsofUse" classname="Search.PageSearch_option_attempt_Test" time="0">
    <skipped message="&#10;Parameter &apos;os&apos; is required by BeforeMethod on method setDriver but has not been marked @Optional or defined&#10;"/>
  </testcase>
  <testcase name="aTMLocation" classname="Search.PageSearch_option_attempt_Test" time="0">
    <skipped message="&#10;Parameter &apos;os&apos; is required by BeforeMethod on method setDriver but has not been marked @Optional or defined&#10;"/>
  </testcase>
  <testcase name="business" classname="Search.PageSearch_option_attempt_Test" time="0">
    <skipped message="&#10;Parameter &apos;os&apos; is required by BeforeMethod on method setDriver but has not been marked @Optional or defined&#10;"/>
  </testcase>
  <testcase name="contactus" classname="Search.PageSearch_option_attempt_Test" time="0">
    <skipped message="&#10;Parameter &apos;os&apos; is required by BeforeMethod on method setDriver but has not been marked @Optional or defined&#10;"/>
  </testcase>
  <testcase name="findATM" classname="Search.PageSearch_option_attempt_Test" time="0">
    <skipped message="&#10;Parameter &apos;os&apos; is required by BeforeMethod on method setDriver but has not been marked @Optional or defined&#10;"/>
  </testcase>
  <testcase name="mortgageLending" classname="Search.PageSearch_option_attempt_Test" time="0">
    <skipped message="&#10;Parameter &apos;os&apos; is required by BeforeMethod on method setDriver but has not been marked @Optional or defined&#10;"/>
  </testcase>
  <testcase name="privacypolicy" classname="Search.PageSearch_option_attempt_Test" time="0">
    <skipped message="&#10;Parameter &apos;os&apos; is required by BeforeMethod on method setDriver but has not been marked @Optional or defined&#10;"/>
  </testcase>
  <testcase name="setDriver" classname="Search.BusinessTextOptionPageTest" time="1.218">
    <failure message="&#10;Parameter &apos;os&apos; is required by BeforeMethod on method setDriver but has not been marked @Optional or defined&#10;" type="org.testng.TestNGException">org.testng.TestNGException: 

Parameter 'os' is required by BeforeMethod on method setDriver but has not been marked @Optional or defined

</failure>
  </testcase>
  <testcase name="setDriver" classname="Search.BusinessTextOptionPageTest" time="0">
    <skipped/>
  </testcase>
  <testcase name="setDriver" classname="Search.BusinessTextOptionPageTest" time="0">
    <skipped/>
  </testcase>
  <testcase name="setUp" classname="Search.BusinessTextOptionPageTest" time="0">
    <skipped/>
  </testcase>
  <testcase name="setUp" classname="Search.BusinessTextOptionPageTest" time="0">
    <skipped/>
  </testcase>
  <testcase name="setUp" classname="Search.BusinessTextOptionPageTest" time="0">
    <skipped/>
  </testcase>
  <testcase name="startExtent" classname="Search.BusinessTextOptionPageTest" time="0">
    <skipped/>
  </testcase>
  <testcase name="startExtent" classname="Search.BusinessTextOptionPageTest" time="0">
    <skipped/>
  </testcase>
  <testcase name="startExtent" classname="Search.BusinessTextOptionPageTest" time="0">
    <skipped/>
  </testcase>
  <testcase name="initelement" classname="Search.BusinessTextOptionPageTest" time="0">
    <skipped/>
  </testcase>
  <testcase name="initelement" classname="Search.BusinessTextOptionPageTest" time="0">
    <skipped/>
  </testcase>
  <testcase name="initelement" classname="Search.BusinessTextOptionPageTest" time="0">
    <skipped/>
  </testcase>
  <testcase name="Banking_Test" classname="Search.BusinessTextOptionPageTest" time="0">
    <skipped message="&#10;Parameter &apos;os&apos; is required by BeforeMethod on method setDriver but has not been marked @Optional or defined&#10;"/>
  </testcase>
  <testcase name="afterEachTestMethod" classname="Search.BusinessTextOptionPageTest" time="0">
    <skipped/>
  </testcase>
  <testcase name="afterEachTestMethod" classname="Search.BusinessTextOptionPageTest" time="0">
    <skipped/>
  </testcase>
  <testcase name="afterEachTestMethod" classname="Search.BusinessTextOptionPageTest" time="0">
    <skipped/>
  </testcase>
  <testcase name="Borrowing_Test" classname="Search.BusinessTextOptionPageTest" time="0">
    <skipped message="&#10;Parameter &apos;os&apos; is required by BeforeMethod on method setDriver but has not been marked @Optional or defined&#10;"/>
  </testcase>
  <testcase name="BusinessFirst_Test" classname="Search.BusinessTextOptionPageTest" time="0">
    <skipped message="&#10;Parameter &apos;os&apos; is required by BeforeMethod on method setDriver but has not been marked @Optional or defined&#10;"/>
  </testcase>
  <testcase name="setDriver" classname="Search.ATMBranchPageTest" time="1.225">
    <failure message="&#10;Parameter &apos;os&apos; is required by BeforeMethod on method setDriver but has not been marked @Optional or defined&#10;" type="org.testng.TestNGException">org.testng.TestNGException: 

Parameter 'os' is required by BeforeMethod on method setDriver but has not been marked @Optional or defined

</failure>
  </testcase>
  <testcase name="setDriver" classname="Search.ATMBranchPageTest" time="0">
    <skipped/>
  </testcase>
  <testcase name="setUp" classname="Search.ATMBranchPageTest" time="0">
    <skipped/>
  </testcase>
  <testcase name="setUp" classname="Search.ATMBranchPageTest" time="0">
    <skipped/>
  </testcase>
  <testcase name="startExtent" classname="Search.ATMBranchPageTest" time="0">
    <skipped/>
  </testcase>
  <testcase name="startExtent" classname="Search.ATMBranchPageTest" time="0">
    <skipped/>
  </testcase>
  <testcase name="initelement" classname="Search.ATMBranchPageTest" time="0">
    <skipped/>
  </testcase>
  <testcase name="initelement" classname="Search.ATMBranchPageTest" time="0">
    <skipped/>
  </testcase>
  <testcase name="BrowseByState_Test" classname="Search.ATMBranchPageTest" time="0">
    <skipped message="&#10;Parameter &apos;os&apos; is required by BeforeMethod on method setDriver but has not been marked @Optional or defined&#10;"/>
  </testcase>
  <testcase name="afterEachTestMethod" classname="Search.ATMBranchPageTest" time="0">
    <skipped/>
  </testcase>
  <testcase name="afterEachTestMethod" classname="Search.ATMBranchPageTest" time="0">
    <skipped/>
  </testcase>
  <testcase name="TextInput_Test" classname="Search.ATMBranchPageTest" time="0">
    <skipped message="&#10;Parameter &apos;os&apos; is required by BeforeMethod on method setDriver but has not been marked @Optional or defined&#10;"/>
  </testcase>
  <testcase name="setDriver" classname="Search.AboutTextOptionPageTest" time="1.23">
    <failure message="&#10;Parameter &apos;os&apos; is required by BeforeMethod on method setDriver but has not been marked @Optional or defined&#10;" type="org.testng.TestNGException">org.testng.TestNGException: 

Parameter 'os' is required by BeforeMethod on method setDriver but has not been marked @Optional or defined

</failure>
  </testcase>
  <testcase name="setDriver" classname="Search.AboutTextOptionPageTest" time="0">
    <skipped/>
  </testcase>
  <testcase name="setUp" classname="Search.AboutTextOptionPageTest" time="0">
    <skipped/>
  </testcase>
  <testcase name="setUp" classname="Search.AboutTextOptionPageTest" time="0">
    <skipped/>
  </testcase>
  <testcase name="startExtent" classname="Search.AboutTextOptionPageTest" time="0">
    <skipped/>
  </testcase>
  <testcase name="startExtent" classname="Search.AboutTextOptionPageTest" time="0">
    <skipped/>
  </testcase>
  <testcase name="initelement" classname="Search.AboutTextOptionPageTest" time="0">
    <skipped/>
  </testcase>
  <testcase name="initelement" classname="Search.AboutTextOptionPageTest" time="0">
    <skipped/>
  </testcase>
  <testcase name="SantanderBankUni_Test" classname="Search.AboutTextOptionPageTest" time="0">
    <skipped message="&#10;Parameter &apos;os&apos; is required by BeforeMethod on method setDriver but has not been marked @Optional or defined&#10;"/>
  </testcase>
  <testcase name="afterEachTestMethod" classname="Search.AboutTextOptionPageTest" time="0">
    <skipped/>
  </testcase>
  <testcase name="afterEachTestMethod" classname="Search.AboutTextOptionPageTest" time="0">
    <skipped/>
  </testcase>
  <testcase name="WhoWeAre_Test" classname="Search.AboutTextOptionPageTest" time="0">
    <skipped message="&#10;Parameter &apos;os&apos; is required by BeforeMethod on method setDriver but has not been marked @Optional or defined&#10;"/>
  </testcase>
  <testcase name="setDriver" classname="Search.PersonalTextOptionPageTest" time="1.235">
    <failure message="&#10;Parameter &apos;os&apos; is required by BeforeMethod on method setDriver but has not been marked @Optional or defined&#10;" type="org.testng.TestNGException">org.testng.TestNGException: 

Parameter 'os' is required by BeforeMethod on method setDriver but has not been marked @Optional or defined

</failure>
  </testcase>
  <testcase name="setDriver" classname="Search.PersonalTextOptionPageTest" time="0">
    <skipped/>
  </testcase>
  <testcase name="setDriver" classname="Search.PersonalTextOptionPageTest" time="0">
    <skipped/>
  </testcase>
  <testcase name="setDriver" classname="Search.PersonalTextOptionPageTest" time="0">
    <skipped/>
  </testcase>
  <testcase name="setDriver" classname="Search.PersonalTextOptionPageTest" time="0">
    <skipped/>
  </testcase>
  <testcase name="setUp" classname="Search.PersonalTextOptionPageTest" time="0">
    <skipped/>
  </testcase>
  <testcase name="setUp" classname="Search.PersonalTextOptionPageTest" time="0">
    <skipped/>
  </testcase>
  <testcase name="setUp" classname="Search.PersonalTextOptionPageTest" time="0">
    <skipped/>
  </testcase>
  <testcase name="setUp" classname="Search.PersonalTextOptionPageTest" time="0">
    <skipped/>
  </testcase>
  <testcase name="setUp" classname="Search.PersonalTextOptionPageTest" time="0">
    <skipped/>
  </testcase>
  <testcase name="startExtent" classname="Search.PersonalTextOptionPageTest" time="0">
    <skipped/>
  </testcase>
  <testcase name="startExtent" classname="Search.PersonalTextOptionPageTest" time="0">
    <skipped/>
  </testcase>
  <testcase name="startExtent" classname="Search.PersonalTextOptionPageTest" time="0">
    <skipped/>
  </testcase>
  <testcase name="startExtent" classname="Search.PersonalTextOptionPageTest" time="0">
    <skipped/>
  </testcase>
  <testcase name="startExtent" classname="Search.PersonalTextOptionPageTest" time="0">
    <skipped/>
  </testcase>
  <testcase name="initelement" classname="Search.PersonalTextOptionPageTest" time="0">
    <skipped/>
  </testcase>
  <testcase name="initelement" classname="Search.PersonalTextOptionPageTest" time="0">
    <skipped/>
  </testcase>
  <testcase name="initelement" classname="Search.PersonalTextOptionPageTest" time="0">
    <skipped/>
  </testcase>
  <testcase name="initelement" classname="Search.PersonalTextOptionPageTest" time="0">
    <skipped/>
  </testcase>
  <testcase name="initelement" classname="Search.PersonalTextOptionPageTest" time="0">
    <skipped/>
  </testcase>
  <testcase name="Banking_Test" classname="Search.PersonalTextOptionPageTest" time="0">
    <skipped message="&#10;Parameter &apos;os&apos; is required by BeforeMethod on method setDriver but has not been marked @Optional or defined&#10;"/>
  </testcase>
  <testcase name="afterEachTestMethod" classname="Search.PersonalTextOptionPageTest" time="0">
    <skipped/>
  </testcase>
  <testcase name="afterEachTestMethod" classname="Search.PersonalTextOptionPageTest" time="0">
    <skipped/>
  </testcase>
  <testcase name="afterEachTestMethod" classname="Search.PersonalTextOptionPageTest" time="0">
    <skipped/>
  </testcase>
  <testcase name="afterEachTestMethod" classname="Search.PersonalTextOptionPageTest" time="0">
    <skipped/>
  </testcase>
  <testcase name="afterEachTestMethod" classname="Search.PersonalTextOptionPageTest" time="0">
    <skipped/>
  </testcase>
  <testcase name="Borrowing_Test" classname="Search.PersonalTextOptionPageTest" time="0">
    <skipped message="&#10;Parameter &apos;os&apos; is required by BeforeMethod on method setDriver but has not been marked @Optional or defined&#10;"/>
  </testcase>
  <testcase name="CreditCard_Test" classname="Search.PersonalTextOptionPageTest" time="0">
    <skipped message="&#10;Parameter &apos;os&apos; is required by BeforeMethod on method setDriver but has not been marked @Optional or defined&#10;"/>
  </testcase>
  <testcase name="InvestmentandProtections_Test" classname="Search.PersonalTextOptionPageTest" time="0">
    <skipped message="&#10;Parameter &apos;os&apos; is required by BeforeMethod on method setDriver but has not been marked @Optional or defined&#10;"/>
  </testcase>
  <testcase name="ProsperandThrives_Test" classname="Search.PersonalTextOptionPageTest" time="0">
    <skipped message="&#10;Parameter &apos;os&apos; is required by BeforeMethod on method setDriver but has not been marked @Optional or defined&#10;"/>
  </testcase>
  <testcase name="setDriver" classname="Search.CorporateTextOptionPageTest" time="1.247">
    <failure message="&#10;Parameter &apos;os&apos; is required by BeforeMethod on method setDriver but has not been marked @Optional or defined&#10;" type="org.testng.TestNGException">org.testng.TestNGException: 

Parameter 'os' is required by BeforeMethod on method setDriver but has not been marked @Optional or defined

</failure>
  </testcase>
  <testcase name="setDriver" classname="Search.CorporateTextOptionPageTest" time="0">
    <skipped/>
  </testcase>
  <testcase name="setUp" classname="Search.CorporateTextOptionPageTest" time="0">
    <skipped/>
  </testcase>
  <testcase name="setUp" classname="Search.CorporateTextOptionPageTest" time="0">
    <skipped/>
  </testcase>
  <testcase name="startExtent" classname="Search.CorporateTextOptionPageTest" time="0">
    <skipped/>
  </testcase>
  <testcase name="startExtent" classname="Search.CorporateTextOptionPageTest" time="0">
    <skipped/>
  </testcase>
  <testcase name="initelement" classname="Search.CorporateTextOptionPageTest" time="0">
    <skipped/>
  </testcase>
  <testcase name="initelement" classname="Search.CorporateTextOptionPageTest" time="0">
    <skipped/>
  </testcase>
  <testcase name="CorporateCapabilities_Test" classname="Search.CorporateTextOptionPageTest" time="0">
    <skipped message="&#10;Parameter &apos;os&apos; is required by BeforeMethod on method setDriver but has not been marked @Optional or defined&#10;"/>
  </testcase>
  <testcase name="afterEachTestMethod" classname="Search.CorporateTextOptionPageTest" time="0">
    <skipped/>
  </testcase>
  <testcase name="afterEachTestMethod" classname="Search.CorporateTextOptionPageTest" time="0">
    <skipped/>
  </testcase>
  <testcase name="StanderderPrespectives_Test" classname="Search.CorporateTextOptionPageTest" time="0">
    <skipped message="&#10;Parameter &apos;os&apos; is required by BeforeMethod on method setDriver but has not been marked @Optional or defined&#10;"/>
  </testcase>
  <testcase name="setDriver" classname="Search.HomePageTest" time="1.256">
    <failure message="&#10;Parameter &apos;os&apos; is required by BeforeMethod on method setDriver but has not been marked @Optional or defined&#10;" type="org.testng.TestNGException">org.testng.TestNGException: 

Parameter 'os' is required by BeforeMethod on method setDriver but has not been marked @Optional or defined

</failure>
  </testcase>
  <testcase name="setDriver" classname="Search.HomePageTest" time="0">
    <skipped/>
  </testcase>
  <testcase name="setDriver" classname="Search.HomePageTest" time="0">
    <skipped/>
  </testcase>
  <testcase name="setDriver" classname="Search.HomePageTest" time="0">
    <skipped/>
  </testcase>
  <testcase name="setDriver" classname="Search.HomePageTest" time="0">
    <skipped/>
  </testcase>
  <testcase name="setDriver" classname="Search.HomePageTest" time="0">
    <skipped/>
  </testcase>
  <testcase name="setDriver" classname="Search.HomePageTest" time="0">
    <skipped/>
  </testcase>
  <testcase name="setDriver" classname="Search.HomePageTest" time="0">
    <skipped/>
  </testcase>
  <testcase name="setDriver" classname="Search.HomePageTest" time="0">
    <skipped/>
  </testcase>
  <testcase name="setDriver" classname="Search.HomePageTest" time="0">
    <skipped/>
  </testcase>
  <testcase name="setDriver" classname="Search.HomePageTest" time="0">
    <skipped/>
  </testcase>
  <testcase name="setDriver" classname="Search.HomePageTest" time="0">
    <skipped/>
  </testcase>
  <testcase name="setDriver" classname="Search.HomePageTest" time="0">
    <skipped/>
  </testcase>
  <testcase name="setDriver" classname="Search.HomePageTest" time="0">
    <skipped/>
  </testcase>
  <testcase name="setDriver" classname="Search.HomePageTest" time="0">
    <skipped/>
  </testcase>
  <testcase name="setDriver" classname="Search.HomePageTest" time="0">
    <skipped/>
  </testcase>
  <testcase name="setDriver" classname="Search.HomePageTest" time="0">
    <skipped/>
  </testcase>
  <testcase name="setDriver" classname="Search.HomePageTest" time="0">
    <skipped/>
  </testcase>
  <testcase name="setDriver" classname="Search.HomePageTest" time="0">
    <skipped/>
  </testcase>
  <testcase name="setDriver" classname="Search.HomePageTest" time="0">
    <skipped/>
  </testcase>
  <testcase name="setDriver" classname="Search.HomePageTest" time="0">
    <skipped/>
  </testcase>
  <testcase name="setUp" classname="Search.HomePageTest" time="0">
    <skipped/>
  </testcase>
  <testcase name="setUp" classname="Search.HomePageTest" time="0">
    <skipped/>
  </testcase>
  <testcase name="setUp" classname="Search.HomePageTest" time="0">
    <skipped/>
  </testcase>
  <testcase name="setUp" classname="Search.HomePageTest" time="0">
    <skipped/>
  </testcase>
  <testcase name="setUp" classname="Search.HomePageTest" time="0">
    <skipped/>
  </testcase>
  <testcase name="setUp" classname="Search.HomePageTest" time="0">
    <skipped/>
  </testcase>
  <testcase name="setUp" classname="Search.HomePageTest" time="0">
    <skipped/>
  </testcase>
  <testcase name="setUp" classname="Search.HomePageTest" time="0">
    <skipped/>
  </testcase>
  <testcase name="setUp" classname="Search.HomePageTest" time="0">
    <skipped/>
  </testcase>
  <testcase name="setUp" classname="Search.HomePageTest" time="0">
    <skipped/>
  </testcase>
  <testcase name="setUp" classname="Search.HomePageTest" time="0">
    <skipped/>
  </testcase>
  <testcase name="setUp" classname="Search.HomePageTest" time="0">
    <skipped/>
  </testcase>
  <testcase name="setUp" classname="Search.HomePageTest" time="0">
    <skipped/>
  </testcase>
  <testcase name="setUp" classname="Search.HomePageTest" time="0">
    <skipped/>
  </testcase>
  <testcase name="setUp" classname="Search.HomePageTest" time="0">
    <skipped/>
  </testcase>
  <testcase name="setUp" classname="Search.HomePageTest" time="0">
    <skipped/>
  </testcase>
  <testcase name="setUp" classname="Search.HomePageTest" time="0">
    <skipped/>
  </testcase>
  <testcase name="setUp" classname="Search.HomePageTest" time="0">
    <skipped/>
  </testcase>
  <testcase name="setUp" classname="Search.HomePageTest" time="0">
    <skipped/>
  </testcase>
  <testcase name="setUp" classname="Search.HomePageTest" time="0">
    <skipped/>
  </testcase>
  <testcase name="setUp" classname="Search.HomePageTest" time="0">
    <skipped/>
  </testcase>
  <testcase name="startExtent" classname="Search.HomePageTest" time="0">
    <skipped/>
  </testcase>
  <testcase name="startExtent" classname="Search.HomePageTest" time="0">
    <skipped/>
  </testcase>
  <testcase name="startExtent" classname="Search.HomePageTest" time="0">
    <skipped/>
  </testcase>
  <testcase name="startExtent" classname="Search.HomePageTest" time="0">
    <skipped/>
  </testcase>
  <testcase name="startExtent" classname="Search.HomePageTest" time="0">
    <skipped/>
  </testcase>
  <testcase name="startExtent" classname="Search.HomePageTest" time="0">
    <skipped/>
  </testcase>
  <testcase name="startExtent" classname="Search.HomePageTest" time="0">
    <skipped/>
  </testcase>
  <testcase name="startExtent" classname="Search.HomePageTest" time="0">
    <skipped/>
  </testcase>
  <testcase name="startExtent" classname="Search.HomePageTest" time="0">
    <skipped/>
  </testcase>
  <testcase name="startExtent" classname="Search.HomePageTest" time="0">
    <skipped/>
  </testcase>
  <testcase name="startExtent" classname="Search.HomePageTest" time="0">
    <skipped/>
  </testcase>
  <testcase name="startExtent" classname="Search.HomePageTest" time="0">
    <skipped/>
  </testcase>
  <testcase name="startExtent" classname="Search.HomePageTest" time="0">
    <skipped/>
  </testcase>
  <testcase name="startExtent" classname="Search.HomePageTest" time="0">
    <skipped/>
  </testcase>
  <testcase name="startExtent" classname="Search.HomePageTest" time="0">
    <skipped/>
  </testcase>
  <testcase name="startExtent" classname="Search.HomePageTest" time="0">
    <skipped/>
  </testcase>
  <testcase name="startExtent" classname="Search.HomePageTest" time="0">
    <skipped/>
  </testcase>
  <testcase name="startExtent" classname="Search.HomePageTest" time="0">
    <skipped/>
  </testcase>
  <testcase name="startExtent" classname="Search.HomePageTest" time="0">
    <skipped/>
  </testcase>
  <testcase name="startExtent" classname="Search.HomePageTest" time="0">
    <skipped/>
  </testcase>
  <testcase name="startExtent" classname="Search.HomePageTest" time="0">
    <skipped/>
  </testcase>
  <testcase name="initializing" classname="Search.HomePageTest" time="0">
    <skipped/>
  </testcase>
  <testcase name="initializing" classname="Search.HomePageTest" time="0">
    <skipped/>
  </testcase>
  <testcase name="initializing" classname="Search.HomePageTest" time="0">
    <skipped/>
  </testcase>
  <testcase name="initializing" classname="Search.HomePageTest" time="0">
    <skipped/>
  </testcase>
  <testcase name="initializing" classname="Search.HomePageTest" time="0">
    <skipped/>
  </testcase>
  <testcase name="initializing" classname="Search.HomePageTest" time="0">
    <skipped/>
  </testcase>
  <testcase name="initializing" classname="Search.HomePageTest" time="0">
    <skipped/>
  </testcase>
  <testcase name="initializing" classname="Search.HomePageTest" time="0">
    <skipped/>
  </testcase>
  <testcase name="initializing" classname="Search.HomePageTest" time="0">
    <skipped/>
  </testcase>
  <testcase name="initializing" classname="Search.HomePageTest" time="0">
    <skipped/>
  </testcase>
  <testcase name="initializing" classname="Search.HomePageTest" time="0">
    <skipped/>
  </testcase>
  <testcase name="initializing" classname="Search.HomePageTest" time="0">
    <skipped/>
  </testcase>
  <testcase name="initializing" classname="Search.HomePageTest" time="0">
    <skipped/>
  </testcase>
  <testcase name="initializing" classname="Search.HomePageTest" time="0">
    <skipped/>
  </testcase>
  <testcase name="initializing" classname="Search.HomePageTest" time="0">
    <skipped/>
  </testcase>
  <testcase name="initializing" classname="Search.HomePageTest" time="0">
    <skipped/>
  </testcase>
  <testcase name="initializing" classname="Search.HomePageTest" time="0">
    <skipped/>
  </testcase>
  <testcase name="initializing" classname="Search.HomePageTest" time="0">
    <skipped/>
  </testcase>
  <testcase name="initializing" classname="Search.HomePageTest" time="0">
    <skipped/>
  </testcase>
  <testcase name="initializing" classname="Search.HomePageTest" time="0">
    <skipped/>
  </testcase>
  <testcase name="initializing" classname="Search.HomePageTest" time="0">
    <skipped/>
  </testcase>
  <testcase name="ATM_BranchLocation_Test" classname="Search.HomePageTest" time="0">
    <skipped message="&#10;Parameter &apos;os&apos; is required by BeforeMethod on method setDriver but has not been marked @Optional or defined&#10;"/>
  </testcase>
  <testcase name="afterEachTestMethod" classname="Search.HomePageTest" time="0">
    <skipped/>
  </testcase>
  <testcase name="afterEachTestMethod" classname="Search.HomePageTest" time="0">
    <skipped/>
  </testcase>
  <testcase name="afterEachTestMethod" classname="Search.HomePageTest" time="0">
    <skipped/>
  </testcase>
  <testcase name="afterEachTestMethod" classname="Search.HomePageTest" time="0">
    <skipped/>
  </testcase>
  <testcase name="afterEachTestMethod" classname="Search.HomePageTest" time="0">
    <skipped/>
  </testcase>
  <testcase name="afterEachTestMethod" classname="Search.HomePageTest" time="0">
    <skipped/>
  </testcase>
  <testcase name="afterEachTestMethod" classname="Search.HomePageTest" time="0">
    <skipped/>
  </testcase>
  <testcase name="afterEachTestMethod" classname="Search.HomePageTest" time="0">
    <skipped/>
  </testcase>
  <testcase name="afterEachTestMethod" classname="Search.HomePageTest" time="0">
    <skipped/>
  </testcase>
  <testcase name="afterEachTestMethod" classname="Search.HomePageTest" time="0">
    <skipped/>
  </testcase>
  <testcase name="afterEachTestMethod" classname="Search.HomePageTest" time="0">
    <skipped/>
  </testcase>
  <testcase name="afterEachTestMethod" classname="Search.HomePageTest" time="0">
    <skipped/>
  </testcase>
  <testcase name="afterEachTestMethod" classname="Search.HomePageTest" time="0">
    <skipped/>
  </testcase>
  <testcase name="afterEachTestMethod" classname="Search.HomePageTest" time="0">
    <skipped/>
  </testcase>
  <testcase name="afterEachTestMethod" classname="Search.HomePageTest" time="0">
    <skipped/>
  </testcase>
  <testcase name="afterEachTestMethod" classname="Search.HomePageTest" time="0">
    <skipped/>
  </testcase>
  <testcase name="afterEachTestMethod" classname="Search.HomePageTest" time="0">
    <skipped/>
  </testcase>
  <testcase name="afterEachTestMethod" classname="Search.HomePageTest" time="0">
    <skipped/>
  </testcase>
  <testcase name="afterEachTestMethod" classname="Search.HomePageTest" time="0">
    <skipped/>
  </testcase>
  <testcase name="afterEachTestMethod" classname="Search.HomePageTest" time="0">
    <skipped/>
  </testcase>
  <testcase name="afterEachTestMethod" classname="Search.HomePageTest" time="0">
    <skipped/>
  </testcase>
  <testcase name="About_Textoption_Test" classname="Search.HomePageTest" time="0">
    <skipped message="&#10;Parameter &apos;os&apos; is required by BeforeMethod on method setDriver but has not been marked @Optional or defined&#10;"/>
  </testcase>
  <testcase name="Business_Textoption_Test" classname="Search.HomePageTest" time="0">
    <skipped message="&#10;Parameter &apos;os&apos; is required by BeforeMethod on method setDriver but has not been marked @Optional or defined&#10;"/>
  </testcase>
  <testcase name="Contact_us_Header_Test" classname="Search.HomePageTest" time="0">
    <skipped message="&#10;Parameter &apos;os&apos; is required by BeforeMethod on method setDriver but has not been marked @Optional or defined&#10;"/>
  </testcase>
  <testcase name="Corporate_Textoption_Test" classname="Search.HomePageTest" time="0">
    <skipped message="&#10;Parameter &apos;os&apos; is required by BeforeMethod on method setDriver but has not been marked @Optional or defined&#10;"/>
  </testcase>
  <testcase name="DIGI_BANKING_Test" classname="Search.HomePageTest" time="0">
    <skipped message="&#10;Parameter &apos;os&apos; is required by BeforeMethod on method setDriver but has not been marked @Optional or defined&#10;"/>
  </testcase>
  <testcase name="DragDrop2" classname="Search.HomePageTest" time="0">
    <skipped message="&#10;Parameter &apos;os&apos; is required by BeforeMethod on method setDriver but has not been marked @Optional or defined&#10;"/>
  </testcase>
  <testcase name="Find_location_near_you_Test" classname="Search.HomePageTest" time="0">
    <skipped message="&#10;Parameter &apos;os&apos; is required by BeforeMethod on method setDriver but has not been marked @Optional or defined&#10;"/>
  </testcase>
  <testcase name="Header_Taeget_Test" classname="Search.HomePageTest" time="0">
    <skipped message="&#10;Parameter &apos;os&apos; is required by BeforeMethod on method setDriver but has not been marked @Optional or defined&#10;"/>
  </testcase>
  <testcase name="Home_Header_Test" classname="Search.HomePageTest" time="0">
    <skipped message="&#10;Parameter &apos;os&apos; is required by BeforeMethod on method setDriver but has not been marked @Optional or defined&#10;"/>
  </testcase>
  <testcase name="How_to_Overcome_Anxiety_article_link_Test" classname="Search.HomePageTest" time="0">
    <skipped message="&#10;Parameter &apos;os&apos; is required by BeforeMethod on method setDriver but has not been marked @Optional or defined&#10;"/>
  </testcase>
  <testcase name="Login_Test" classname="Search.HomePageTest" time="0">
    <skipped message="&#10;Parameter &apos;os&apos; is required by BeforeMethod on method setDriver but has not been marked @Optional or defined&#10;"/>
  </testcase>
  <testcase name="Personal_Textoption_Test" classname="Search.HomePageTest" time="0">
    <skipped message="&#10;Parameter &apos;os&apos; is required by BeforeMethod on method setDriver but has not been marked @Optional or defined&#10;"/>
  </testcase>
  <testcase name="Privacy_policy_Header_Test" classname="Search.HomePageTest" time="0">
    <skipped message="&#10;Parameter &apos;os&apos; is required by BeforeMethod on method setDriver but has not been marked @Optional or defined&#10;"/>
  </testcase>
  <testcase name="STU_VALUE_CHEK_Test" classname="Search.HomePageTest" time="0">
    <skipped message="&#10;Parameter &apos;os&apos; is required by BeforeMethod on method setDriver but has not been marked @Optional or defined&#10;"/>
  </testcase>
  <testcase name="Terms_of_use_Header_Test" classname="Search.HomePageTest" time="0">
    <skipped message="&#10;Parameter &apos;os&apos; is required by BeforeMethod on method setDriver but has not been marked @Optional or defined&#10;"/>
  </testcase>
  <testcase name="The_ABCs_of_the_HELOC_article_link_Test" classname="Search.HomePageTest" time="0">
    <skipped message="&#10;Parameter &apos;os&apos; is required by BeforeMethod on method setDriver but has not been marked @Optional or defined&#10;"/>
  </testcase>
  <testcase name="ULT_cash_back_creditcard_grouplink_Test" classname="Search.HomePageTest" time="0">
    <skipped message="&#10;Parameter &apos;os&apos; is required by BeforeMethod on method setDriver but has not been marked @Optional or defined&#10;"/>
  </testcase>
  <testcase name="top_10_credit_tips_article_link_Test" classname="Search.HomePageTest" time="0">
    <skipped message="&#10;Parameter &apos;os&apos; is required by BeforeMethod on method setDriver but has not been marked @Optional or defined&#10;"/>
  </testcase>
  <testcase name="top_5_text_email_mobile_alert_article_link_Test" classname="Search.HomePageTest" time="0">
    <skipped message="&#10;Parameter &apos;os&apos; is required by BeforeMethod on method setDriver but has not been marked @Optional or defined&#10;"/>
  </testcase>
  <testcase name="top_9_Ways_to_Save_Serious_$_article_link_Test" classname="Search.HomePageTest" time="0">
    <skipped message="&#10;Parameter &apos;os&apos; is required by BeforeMethod on method setDriver but has not been marked @Optional or defined&#10;"/>
  </testcase>
  <testcase name="setDriver" classname="Search.LoginPageTest" time="1.833">
    <failure message="&#10;Parameter &apos;os&apos; is required by BeforeMethod on method setDriver but has not been marked @Optional or defined&#10;" type="org.testng.TestNGException">org.testng.TestNGException: 

Parameter 'os' is required by BeforeMethod on method setDriver but has not been marked @Optional or defined

</failure>
  </testcase>
  <testcase name="setDriver" classname="Search.LoginPageTest" time="0">
    <skipped/>
  </testcase>
  <testcase name="setDriver" classname="Search.LoginPageTest" time="0">
    <skipped/>
  </testcase>
  <testcase name="setUp" classname="Search.LoginPageTest" time="0">
    <skipped/>
  </testcase>
  <testcase name="setUp" classname="Search.LoginPageTest" time="0">
    <skipped/>
  </testcase>
  <testcase name="setUp" classname="Search.LoginPageTest" time="0">
    <skipped/>
  </testcase>
  <testcase name="startExtent" classname="Search.LoginPageTest" time="0">
    <skipped/>
  </testcase>
  <testcase name="startExtent" classname="Search.LoginPageTest" time="0">
    <skipped/>
  </testcase>
  <testcase name="startExtent" classname="Search.LoginPageTest" time="0">
    <skipped/>
  </testcase>
  <testcase name="initelement" classname="Search.LoginPageTest" time="0">
    <skipped/>
  </testcase>
  <testcase name="initelement" classname="Search.LoginPageTest" time="0">
    <skipped/>
  </testcase>
  <testcase name="initelement" classname="Search.LoginPageTest" time="0">
    <skipped/>
  </testcase>
  <testcase name="signIn" classname="Search.LoginPageTest" time="0">
    <skipped message="&#10;Parameter &apos;os&apos; is required by BeforeMethod on method setDriver but has not been marked @Optional or defined&#10;"/>
  </testcase>
  <testcase name="signIn" classname="Search.LoginPageTest" time="0">
    <skipped message="&#10;Parameter &apos;os&apos; is required by BeforeMethod on method setDriver but has not been marked @Optional or defined&#10;"/>
  </testcase>
  <testcase name="signIn" classname="Search.LoginPageTest" time="0">
    <skipped message="&#10;Parameter &apos;os&apos; is required by BeforeMethod on method setDriver but has not been marked @Optional or defined&#10;"/>
  </testcase>
  <testcase name="afterEachTestMethod" classname="Search.LoginPageTest" time="0">
    <skipped/>
  </testcase>
  <testcase name="afterEachTestMethod" classname="Search.LoginPageTest" time="0">
    <skipped/>
  </testcase>
  <testcase name="afterEachTestMethod" classname="Search.LoginPageTest" time="0">
    <skipped/>
  </testcase>
  <testcase name="generateReport" classname="Search.PageSearch_option_attempt_Test" time="0">
    <skipped/>
  </testcase>
</testsuite>